"../../../Engine/Content/Functions/Engine_MaterialFunctions01/Opacity/CameraDepthFade.uasset" 0
"../../../Engine/Content/EngineMaterials/T_Default_Material_Grid_M.uasset" 1
"../../../Engine/Content/EngineMaterials/T_Default_Material_Grid_N.uasset" 2
"../../../Engine/Content/EngineMaterials/WorldGridMaterial.uasset" 3
"../../../Engine/Content/ArtTools/RenderToTexture/Meshes/S_1_Unit_Plane.uasset" 4
"../../../Engine/Content/EngineMaterials/DefaultMaterial.uasset" 5
"../../../Engine/Content/BasicShapes/Cone.uasset" 6
"../../../Engine/Content/BasicShapes/Cylinder.uasset" 7
"../../../Engine/Content/BasicShapes/Plane.uasset" 8
"../../../Engine/Content/BasicShapes/Sphere.uasset" 9
"../../../Engine/Content/EditorLandscapeResources/DataLayer.uasset" 10
"../../../Engine/Content/EditorMaterials/GizmoMaterial.uasset" 11
"../../../Engine/Content/EditorMaterials/MAT_Groups_Toggle.uasset" 12
"../../../Engine/Content/EditorMaterials/MAT_Groups_Visibility.uasset" 13
"../../../Engine/Content/EditorMaterials/PreviewShadowIndicator.uasset" 14
"../../../Engine/Content/EditorMaterials/PreviewShadowIndicatorMaterial.uasset" 15
"../../../Engine/Content/EditorMaterials/MatineeGroups/MAT_ColorTrack.uasset" 16
"../../../Engine/Content/EditorMaterials/MatineeGroups/MAT_Groups_Anim.uasset" 17
"../../../Engine/Content/EditorMaterials/MatineeGroups/MAT_Groups_AudioMaster.uasset" 18
"../../../Engine/Content/EditorMaterials/MatineeGroups/MAT_Groups_Director.uasset" 19
"../../../Engine/Content/EditorMaterials/MatineeGroups/MAT_Groups_Event.uasset" 20
"../../../Engine/Content/EditorMaterials/MatineeGroups/MAT_Groups_Fade.uasset" 21
"../../../Engine/Content/EditorMaterials/MatineeGroups/MAT_Groups_Float.uasset" 22
"../../../Engine/Content/EditorMaterials/MatineeGroups/MAT_Groups_Move.uasset" 23
"../../../Engine/Content/EditorMaterials/MatineeGroups/MAT_Groups_Slomo.uasset" 24
"../../../Engine/Content/EditorMaterials/MatineeGroups/MAT_Groups_Sound.uasset" 25
"../../../Engine/Content/EditorMaterials/MatineeGroups/MAT_Groups_Vector.uasset" 26
"../../../Engine/Content/EditorMaterials/ParticleSystems/PSysThumbnail_NoImage.uasset" 27
"../../../Engine/Content/EditorMaterials/ParticleSystems/PSysThumbnail_OOD.uasset" 28
"../../../Engine/Content/EditorMaterials/Camera/CineMat.uasset" 29
"../../../Engine/Content/EditorMaterials/Camera/MI_CineMat_Rig.uasset" 30
"../../../Engine/Content/EditorMeshes/Camera/SM_CraneRig_Arm.uasset" 31
"../../../Engine/Content/EditorMeshes/Camera/SM_CraneRig_Base.uasset" 32
"../../../Engine/Content/EditorMeshes/Camera/SM_CraneRig_Body.uasset" 33
"../../../Engine/Content/EditorMeshes/Camera/SM_CraneRig_Mount.uasset" 34
"../../../Engine/Content/EditorMeshes/Camera/SM_RailRig_Mount.uasset" 35
"../../../Engine/Content/EditorMeshes/Camera/SM_RailRig_Track.uasset" 36
"../../../Engine/Content/EditorResources/BSPVertex.uasset" 37
"../../../Engine/Content/EditorResources/EmptyActor.uasset" 38
"../../../Engine/Content/EditorResources/S_Actor.uasset" 39
"../../../Engine/Content/EditorResources/S_Trigger.uasset" 40
"../../../Engine/Content/EditorResources/LightIcons/S_LightError.uasset" 41
"../../../Engine/Content/EditorResources/SequenceRecorder/Countdown.uasset" 42
"../../../Engine/Content/EditorResources/SequenceRecorder/RecordingIndicator.uasset" 43
"../../../Engine/Content/EditorSounds/Notifications/CompileFailed.uasset" 44
"../../../Engine/Content/EditorSounds/Notifications/CompileFailed_Cue.uasset" 45
"../../../Engine/Content/EditorSounds/Notifications/CompileSuccess.uasset" 46
"../../../Engine/Content/EditorSounds/Notifications/CompileStart_Cue.uasset" 47
"../../../Engine/Content/EditorSounds/Notifications/CompileSuccess_Cue.uasset" 48
"../../../Engine/Content/EngineDamageTypes/DmgTypeBP_Environmental.uasset" 49
"../../../Engine/Content/EngineDebugMaterials/HeatmapGradient.uasset" 50
"../../../Engine/Content/EngineDebugMaterials/BoneWeightMaterial.uasset" 51
"../../../Engine/Content/EngineDebugMaterials/ClothMaterial.uasset" 52
"../../../Engine/Content/EngineDebugMaterials/ClothMaterial_WF.uasset" 53
"../../../Engine/Content/EngineDebugMaterials/DebugEditorMaterial.uasset" 54
"../../../Engine/Content/EngineDebugMaterials/DebugMeshMaterial.uasset" 55
"../../../Engine/Content/EngineDebugMaterials/GeomMaterial.uasset" 56
"../../../Engine/Content/EngineDebugMaterials/M_SimpleTranslucent.uasset" 57
"../../../Engine/Content/EngineFonts/Faces/RobotoBold.uasset" 58
"../../../Engine/Content/EngineFonts/Faces/RobotoBoldItalic.uasset" 59
"../../../Engine/Content/EngineFonts/Faces/RobotoItalic.uasset" 60
"../../../Engine/Content/EngineFonts/Faces/RobotoLight.uasset" 61
"../../../Engine/Content/EngineFonts/Faces/RobotoRegular.uasset" 62
"../../../Engine/Content/EngineFonts/Roboto.uasset" 63
"../../../Engine/Content/EngineFonts/Faces/RobotoTiny.uasset" 64
"../../../Engine/Content/EngineFonts/RobotoTiny.uasset" 65
"../../../Engine/Content/EngineMaterials/BaseFlattenDiffuseMap.uasset" 66
"../../../Engine/Content/EngineMaterials/BaseFlattenEmissiveMap.uasset" 67
"../../../Engine/Content/EngineMaterials/BaseFlattenGrayscaleMap.uasset" 68
"../../../Engine/Content/EngineMaterials/BaseFlattenNormalMap.uasset" 69
"../../../Engine/Content/EngineMaterials/BaseFlattenMaterial.uasset" 70
"../../../Engine/Content/EngineMaterials/DefaultBloomKernel.uasset" 71
"../../../Engine/Content/EngineMaterials/DefaultBokeh.uasset" 72
"../../../Engine/Content/EngineMaterials/DefaultDiffuse.uasset" 73
"../../../Engine/Content/EngineMaterials/DefaultDeferredDecalMaterial.uasset" 74
"../../../Engine/Content/EngineMaterials/DefaultLightFunctionMaterial.uasset" 75
"../../../Engine/Content/EngineMaterials/DefaultPhysicalMaterial.uasset" 76
"../../../Engine/Content/Functions/Engine_MaterialFunctions02/Utility/BreakOutFloat2Components.uasset" 77
"../../../Engine/Content/EngineMaterials/DefaultPostProcessMaterial.uasset" 78
"../../../Engine/Content/EngineFonts/RobotoDistanceField.uasset" 79
"../../../Engine/Content/EngineMaterials/DefaultTextMaterialOpaque.uasset" 80
"../../../Engine/Content/EngineMaterials/EditorBrushMaterial.uasset" 81
"../../../Engine/Content/EngineMaterials/Good64x64TilingNoiseHighFreq.uasset" 82
"../../../Engine/Content/EngineMaterials/MiniFont.uasset" 83
"../../../Engine/Content/EngineMaterials/InvalidLightmapSettings.uasset" 84
"../../../Engine/Content/EngineMaterials/M_InvalidLightmapSettings.uasset" 85
"../../../Engine/Content/Functions/Engine_MaterialFunctions02/WorldPositionOffset/CameraOffset.uasset" 86
"../../../Engine/Content/EngineMaterials/PhAT_JointLimitMaterial.uasset" 87
"../../../Engine/Content/EngineMaterials/PreintegratedSkinBRDF.uasset" 88
"../../../Engine/Content/EngineMaterials/RemoveSurfaceMaterial.uasset" 89
"../../../Engine/Content/EngineMaterials/WeightMapPlaceholderTexture.uasset" 90
"../../../Engine/Content/EngineResources/WhiteSquareTexture.uasset" 91
"../../../Engine/Content/EngineMaterials/Widget3DPassThrough.uasset" 92
"../../../Engine/Content/EngineMaterials/Widget3DPassThrough_Masked.uasset" 93
"../../../Engine/Content/EngineMaterials/Widget3DPassThrough_Opaque.uasset" 94
"../../../Engine/Content/EngineMaterials/Widget3DPassThrough_Masked_OneSided.uasset" 95
"../../../Engine/Content/EngineMaterials/Widget3DPassThrough_Opaque_OneSided.uasset" 96
"../../../Engine/Content/EngineMaterials/Widget3DPassThrough_Translucent.uasset" 97
"../../../Engine/Content/EngineMaterials/Widget3DPassThrough_Translucent_OneSided.uasset" 98
"../../../Engine/Content/EngineMeshes/Cylinder.uasset" 99
"../../../Engine/Content/EngineMeshes/Sphere.uasset" 100
"../../../Engine/Content/EngineResources/Black.uasset" 101
"../../../Engine/Content/EngineResources/DefaultTexture.uasset" 102
"../../../Engine/Content/EngineResources/DefaultTextureCube.uasset" 103
"../../../Engine/Content/EngineResources/DefaultVolumeTexture2D.uasset" 104
"../../../Engine/Content/EngineResources/DefaultVolumeTexture.uasset" 105
"../../../Engine/Content/EngineResources/GradientTexture0.uasset" 106
"../../../Engine/Content/EngineSounds/Master.uasset" 107
"../../../Engine/Content/Functions/Engine_MaterialFunctions01/Shading/ConvertFromDiffSpec.uasset" 108
"../../../Engine/Content/Functions/Engine_MaterialFunctions01/Shading/PowerToRoughness.uasset" 109
"../../../Engine/Content/Maps/Templates/Thumbnails/Default.uasset" 110
"../../../Engine/Content/Maps/Templates/Thumbnails/VR-Basic.uasset" 111
"../../../Engine/Content/MobileResources/T_MobileControls_texture.uasset" 112
"../../../Engine/Content/MobileResources/T_MobileMenu2.uasset" 113
"../../../Engine/Content/MobileResources/HUD/AnalogHat.uasset" 114
"../../../Engine/Content/MobileResources/HUD/VirtualJoystick_Background.uasset" 115
"../../../Engine/Content/MobileResources/HUD/VirtualJoystick_Thumb.uasset" 116
"../../../Engine/Content/MobileResources/HUD/DefaultVirtualJoysticks.uasset" 117
"../../../Engine/Content/MobileResources/HUD/LeftVirtualJoystickOnly.uasset" 118
"../../../Engine/Content/MobileResources/HUD/MobileHUDButton1_off.uasset" 119
"../../../Engine/Content/MobileResources/HUD/MobileHUDButton1_on.uasset" 120
"../../../Engine/Content/MobileResources/HUD/MobileHUDButton2_off.uasset" 121
"../../../Engine/Content/MobileResources/HUD/MobileHUDButton2_on.uasset" 122
"../../../Engine/Content/MobileResources/HUD/MobileHUDButton3.uasset" 123
"../../../Engine/Content/MobileResources/HUD/MobileHUDButtonFire.uasset" 124
"../../../Engine/Content/MobileResources/HUD/MobileHUDDirectionPad.uasset" 125
"../../../Engine/Content/MobileResources/HUD/MobileHUDDirectionPad2.uasset" 126
"../../../Engine/Content/MobileResources/HUD/MobileHUDDirectionPad3.uasset" 127
"../../../Engine/Content/MobileResources/HUD/MobileHUDDirectionStick.uasset" 128
"../../../Engine/Content/MobileResources/HUD/T_Castle_ThumbstickInner.uasset" 129
"../../../Engine/Content/MobileResources/HUD/T_Castle_ThumbstickOutter.uasset" 130
"../../../Engine/Content/Tutorial/ContentIntroCurve.uasset" 131
"../../../Engine/Content/Tutorial/Mobile/TutorialAssets/IOS.uasset" 132
"../../../Engine/Content/VREditor/LaserPointer/VR_LaserPower_01.uasset" 133
"../../../Engine/Content/VREditor/TransformGizmo/TransformGizmoMaterial.uasset" 134
"../../../Engine/Content/VREditor/TransformGizmo/TranslucentTransformGizmoMaterial.uasset" 135
"../../../Engine/Content/VREditor/TransformGizmo/BoundingBoxCorner.uasset" 136
"../../../Engine/Content/VREditor/TransformGizmo/BoundingBoxEdge.uasset" 137
"../../../Engine/Content/VREditor/TransformGizmo/PlaneTranslationHandle.uasset" 138
"../../../Engine/Content/VREditor/TransformGizmo/Main.uasset" 139
"../../../Engine/Content/VREditor/TransformGizmo/Xray.uasset" 140
"../../../Engine/Content/VREditor/TransformGizmo/SM_Sequencer_Key.uasset" 141
"../../../Engine/Content/VREditor/TransformGizmo/SM_Sequencer_Node.uasset" 142
"../../Plugins/2D/Paper2D/Content/PlaceholderTextures/DummySpriteTexture.uasset" 143
"../../Plugins/2D/Paper2D/Content/DummySprite.uasset" 144
"../../Plugins/2D/Paper2D/Content/DefaultPaperTerrainMaterial.uasset" 145
"../../Plugins/2D/Paper2D/Content/DefaultSpriteMaterial.uasset" 146
"../../Plugins/2D/Paper2D/Content/MaskedUnlitSpriteMaterial.uasset" 147
"../../Plugins/2D/Paper2D/Content/OpaqueUnlitSpriteMaterial.uasset" 148
"../../Plugins/Marketplace/DonAINavigation/Content/Icons/Navigation_Volumer_Aerial.uasset" 149
"../../Plugins/Runtime/Oculus/OculusVR/Content/Materials/PokeAHoleMaterial.uasset" 150
"../../Plugins/Runtime/Oculus/OculusVR/Content/Textures/GearVRController_AO.uasset" 151
"../../Plugins/Runtime/Oculus/OculusVR/Content/Textures/GearVRController_Color.uasset" 152
"../../Plugins/Runtime/Oculus/OculusVR/Content/Textures/GearVRController_Normal.uasset" 153
"../../Plugins/Runtime/Oculus/OculusVR/Content/Materials/GearVRControllerMaterial.uasset" 154
"../../Plugins/Runtime/Oculus/OculusVR/Content/Meshes/GearVrController.uasset" 155
"../../Plugins/Runtime/Oculus/OculusVR/Content/Textures/touchController_albedo.uasset" 156
"../../Plugins/Runtime/Oculus/OculusVR/Content/Textures/touchController_controlmap.uasset" 157
"../../Plugins/Runtime/Oculus/OculusVR/Content/Materials/touchController_mat.uasset" 158
"../../Plugins/Runtime/Oculus/OculusVR/Content/Meshes/LeftTouchController.uasset" 159
"../../Plugins/Runtime/Oculus/OculusVR/Content/Meshes/RiftHMD.uasset" 160
"../../Plugins/Runtime/Oculus/OculusVR/Content/Meshes/RightTouchController.uasset" 161
"../../../../Bullet-Shark/BulletShark_1/MyProject/Content/FirstPerson/Character/Mesh/SK_Mannequin_Arms_Skeleton.uasset" 162
"../../../../Bullet-Shark/BulletShark_1/MyProject/Content/FirstPerson/Animations/FirstPerson_Idle.uasset" 163
"../../../../Bullet-Shark/BulletShark_1/MyProject/Content/FirstPerson/Animations/FirstPerson_JumpEnd.uasset" 164
"../../../../Bullet-Shark/BulletShark_1/MyProject/Content/FirstPerson/Animations/FirstPerson_JumpLoop.uasset" 165
"../../../../Bullet-Shark/BulletShark_1/MyProject/Content/FirstPerson/Animations/FirstPerson_JumpStart.uasset" 166
"../../../../Bullet-Shark/BulletShark_1/MyProject/Content/FirstPerson/Animations/FirstPerson_Run.uasset" 167
"../../../Engine/Content/EditorBlueprintResources/StandardMacros.uasset" 168
"../../../../Bullet-Shark/BulletShark_1/MyProject/Content/FirstPerson/Animations/FirstPerson_AnimBP.uasset" 169
"../../../../Bullet-Shark/BulletShark_1/MyProject/Content/FirstPerson/Animations/FirstPerson_Fire.uasset" 170
"../../../../Bullet-Shark/BulletShark_1/MyProject/Content/FirstPerson/Animations/FirstPersonFire_Montage.uasset" 171
"../../../../Bullet-Shark/BulletShark_1/MyProject/Content/FirstPersonBP/Blueprints/HUD/GameSave.uasset" 172
"../../../../Bullet-Shark/BulletShark_1/MyProject/Content/FirstPersonBP/Blueprints/Materials/Glow_TV.uasset" 173
"../../../../Bullet-Shark/BulletShark_1/MyProject/Content/FirstPersonBP/Blueprints/Materials/e_Blue.uasset" 174
"../../../../Bullet-Shark/BulletShark_1/MyProject/Content/FirstPerson/Meshes/BaseMaterial.uasset" 175
"../../../../Bullet-Shark/BulletShark_1/MyProject/Content/FirstPerson/Meshes/FirstPersonProjectileMaterial.uasset" 176
"../../../../Bullet-Shark/BulletShark_1/MyProject/Content/FirstPerson/Meshes/FirstPersonProjectileMesh.uasset" 177
"../../../../Bullet-Shark/BulletShark_1/MyProject/Content/FirstPersonBP/Blueprints/FirstPersonProjectile.uasset" 178
"../../../../Bullet-Shark/BulletShark_1/MyProject/Content/FirstPerson/Audio/FirstPersonTemplateWeaponFire02.uasset" 179
"../../../Engine/Content/Functions/Engine_MaterialFunctions02/Utility/BlendAngleCorrectedNormals.uasset" 180
"../../../Engine/Content/Functions/MaterialLayerFunctions/MatLayerBlend_NormalBlend.uasset" 181
"../../../Engine/Content/Functions/MaterialLayerFunctions/MatLayerBlend_Simple.uasset" 182
"../../../../Bullet-Shark/BulletShark_1/MyProject/Content/FirstPerson/Character/Materials/MaterialLayers/T_ML_Rubber_Blue_01_D.uasset" 183
"../../../../Bullet-Shark/BulletShark_1/MyProject/Content/FirstPerson/Character/Materials/MaterialLayers/T_ML_Rubber_Blue_01_N.uasset" 184
"../../../../Bullet-Shark/BulletShark_1/MyProject/Content/FirstPerson/Character/Materials/MaterialLayers/ML_GlossyBlack_Latex_UE4.uasset" 185
"../../../../Bullet-Shark/BulletShark_1/MyProject/Content/FirstPerson/Character/Materials/MaterialLayers/ML_Plastic_Shiny_Beige.uasset" 186
"../../../../Bullet-Shark/BulletShark_1/MyProject/Content/FirstPerson/Character/Materials/MaterialLayers/ML_Plastic_Shiny_Beige_LOGO.uasset" 187
"../../../../Bullet-Shark/BulletShark_1/MyProject/Content/FirstPerson/Character/Materials/MaterialLayers/T_ML_Aluminum01.uasset" 188
"../../../../Bullet-Shark/BulletShark_1/MyProject/Content/FirstPerson/Character/Materials/MaterialLayers/T_ML_Aluminum01_N.uasset" 189
"../../../../Bullet-Shark/BulletShark_1/MyProject/Content/FirstPerson/Character/Materials/MaterialLayers/ML_SoftMetal_UE4.uasset" 190
"../../../../Bullet-Shark/BulletShark_1/MyProject/Content/FirstPerson/Character/Materials/M_UE4Man_Body.uasset" 191
"../../../../Bullet-Shark/BulletShark_1/MyProject/Content/FirstPerson/Character/Mesh/SK_Mannequin_Arms_PhysicsAsset.uasset" 192
"../../../../Bullet-Shark/BulletShark_1/MyProject/Content/FirstPerson/Character/Mesh/SK_Mannequin_Arms.uasset" 193
"../../../../Bullet-Shark/BulletShark_1/MyProject/Content/FirstPerson/FPWeapon/Materials/MaterialLayers/T_ML_Rubber_Blue_01_D.uasset" 194
"../../../../Bullet-Shark/BulletShark_1/MyProject/Content/FirstPerson/FPWeapon/Materials/MaterialLayers/T_ML_Rubber_Blue_01_N.uasset" 195
"../../../../Bullet-Shark/BulletShark_1/MyProject/Content/FirstPerson/FPWeapon/Materials/MaterialLayers/ML_GlossyBlack_Latex_UE4.uasset" 196
"../../../../Bullet-Shark/BulletShark_1/MyProject/Content/FirstPerson/FPWeapon/Materials/MaterialLayers/ML_Plastic_Shiny_Beige.uasset" 197
"../../../../Bullet-Shark/BulletShark_1/MyProject/Content/FirstPerson/FPWeapon/Materials/MaterialLayers/ML_Screen.uasset" 198
"../../../../Bullet-Shark/BulletShark_1/MyProject/Content/FirstPerson/FPWeapon/Materials/MaterialLayers/T_ML_Aluminum01.uasset" 199
"../../../../Bullet-Shark/BulletShark_1/MyProject/Content/FirstPerson/FPWeapon/Materials/MaterialLayers/T_ML_Aluminum01_N.uasset" 200
"../../../../Bullet-Shark/BulletShark_1/MyProject/Content/FirstPerson/FPWeapon/Materials/MaterialLayers/ML_SoftMetal_UE4.uasset" 201
"../../../../Bullet-Shark/BulletShark_1/MyProject/Content/FirstPerson/FPWeapon/Textures/T_FPGun_M.uasset" 202
"../../../../Bullet-Shark/BulletShark_1/MyProject/Content/FirstPerson/FPWeapon/Textures/T_FPGun_N.uasset" 203
"../../../../Bullet-Shark/BulletShark_1/MyProject/Content/FirstPerson/FPWeapon/Materials/M_FPGun.uasset" 204
"../../../../Bullet-Shark/BulletShark_1/MyProject/Content/FirstPerson/FPWeapon/Mesh/SK_FPGun_Skeleton.uasset" 205
"../../../../Bullet-Shark/BulletShark_1/MyProject/Content/FirstPerson/FPWeapon/Mesh/SK_FPGun.uasset" 206
"../../../../Bullet-Shark/BulletShark_1/MyProject/Content/FirstPersonBP/Blueprints/HUD/Makename.uasset" 207
"../../../../Bullet-Shark/BulletShark_1/MyProject/Content/FirstPersonBP/Blueprints/HUD/MakeScore.uasset" 208
"../../../../Bullet-Shark/BulletShark_1/MyProject/Content/FirstPersonBP/Blueprints/HUD/PauseMenu.uasset" 209
"../../../../Bullet-Shark/BulletShark_1/MyProject/Content/FirstPersonBP/Blueprints/HUD/playerscore.uasset" 210
"../../../../Bullet-Shark/BulletShark_1/MyProject/Content/FirstPersonBP/Blueprints/HUD/LB_Playerinfo.uasset" 211
"../../../../Bullet-Shark/BulletShark_1/MyProject/Content/FirstPersonBP/Blueprints/LeaderBoard.uasset" 212
"../../../../Bullet-Shark/BulletShark_1/MyProject/Content/FirstPersonBP/Blueprints/FirstPersonCharacter.uasset" 213
"../../../Engine/Content/EngineSky/C_Sky_Cloud_Color.uasset" 214
"../../../Engine/Content/EngineSky/C_Sky_Horizon_Color.uasset" 215
"../../../Engine/Content/EngineSky/C_Sky_Zenith_Color.uasset" 216
"../../../Engine/Content/EngineSky/T_Sky_Blue.uasset" 217
"../../../Engine/Content/EngineSky/T_Sky_Clouds_M.uasset" 218
"../../../Engine/Content/EngineSky/T_Sky_Stars.uasset" 219
"../../../Engine/Content/EngineSky/M_Sky_Panning_Clouds2.uasset" 220
"../../../Engine/Content/EngineSky/SM_SkySphere.uasset" 221
"../../../Engine/Content/EngineSky/BP_Sky_Sphere.uasset" 222
"../../../../Bullet-Shark/BulletShark_1/MyProject/Content/FirstPersonBP/Blueprints/Animations/NewFolder/sharkexport_Skeleton.uasset" 223
"../../../../Bullet-Shark/BulletShark_1/MyProject/Content/FirstPersonBP/Blueprints/Animations/NewFolder/sharkexport_Anim.uasset" 224
"../../../../Bullet-Shark/BulletShark_1/MyProject/Content/FirstPersonBP/Blueprints/LoseLife.uasset" 225
"../../../Engine/Content/EngineMaterials/DefaultWhiteGrid.uasset" 226
"../../../Engine/Content/EngineDebugMaterials/MAT_LevelColorationLitLightmapUV.uasset" 227
"../../../../Bullet-Shark/BulletShark_1/MyProject/Content/StarterContent/Materials/M_Basic_Wall.uasset" 228
"../../../../Bullet-Shark/BulletShark_1/MyProject/Content/StarterContent/Textures/T_MacroVariation.uasset" 229
"../../../../Bullet-Shark/BulletShark_1/MyProject/Content/StarterContent/Textures/T_Tech_Hex_Tile_M.uasset" 230
"../../../../Bullet-Shark/BulletShark_1/MyProject/Content/StarterContent/Textures/T_Tech_Hex_Tile_N.uasset" 231
"../../../../Bullet-Shark/BulletShark_1/MyProject/Content/StarterContent/Materials/M_Tech_Hex_Tile_Pulse.uasset" 232
"../../../../Bullet-Shark/BulletShark_1/MyProject/Content/FirstPersonBP/Blueprints/Materials/e_Pink.uasset" 233
"../../../../Bullet-Shark/BulletShark_1/MyProject/Content/FirstPersonBP/Blueprints/Animations/NewFolder/sharkexport_PhysicsAsset.uasset" 234
"../../../../Bullet-Shark/BulletShark_1/MyProject/Content/FirstPersonBP/Blueprints/Animations/NewFolder/sharkexport.uasset" 235
"../../../../Bullet-Shark/BulletShark_1/MyProject/Content/FirstPersonBP/Blueprints/testing_sharksTV.uasset" 236
"../../../../Bullet-Shark/BulletShark_1/MyProject/Content/FirstPersonBP/Blueprints/Music/Aqua_-_Barbie_Girl.uasset" 237
"../../../../Bullet-Shark/BulletShark_1/MyProject/Content/FirstPersonBP/Blueprints/Music/Caramell_-_Caramelldansen__English_Version__Official.uasset" 238
"../../../../Bullet-Shark/BulletShark_1/MyProject/Content/FirstPersonBP/Blueprints/Music/Chicken_song__-___Geco_Remix_.uasset" 239
"../../../../Bullet-Shark/BulletShark_1/MyProject/Content/FirstPersonBP/Blueprints/Music/Nyan_Cat_-_Sound_Download_Mp3__original_.uasset" 240
"../../../../Bullet-Shark/BulletShark_1/MyProject/Content/FirstPersonBP/Blueprints/Music/Voldemorts_Laugh_Sparta_Remix.uasset" 241
"../../../../Bullet-Shark/BulletShark_1/MyProject/Content/FirstPersonBP/Blueprints/EnemySpawner_TV.uasset" 242
"../../../../Bullet-Shark/BulletShark_1/MyProject/Content/FirstPerson/Textures/FirstPersonCrosshair.uasset" 243
"../../../../Bullet-Shark/BulletShark_1/MyProject/Content/FirstPersonBP/Blueprints/FirstPersonHUD.uasset" 244
"../../../../Bullet-Shark/BulletShark_1/MyProject/Content/FirstPersonBP/Blueprints/FirstPersonGameMode.uasset" 245
"../../../../Bullet-Shark/BulletShark_1/MyProject/Content/FirstPersonBP/Blueprints/AI_SharkBB.uasset" 246
"../../../../Bullet-Shark/BulletShark_1/MyProject/Content/FirstPersonBP/Blueprints/Shakr_RandomMovement.uasset" 247
"../../../../Bullet-Shark/BulletShark_1/MyProject/Content/FirstPersonBP/Blueprints/SharkPlayer.uasset" 248
"../../../../Bullet-Shark/BulletShark_1/MyProject/Content/FirstPersonBP/Blueprints/AI_SharkTree.uasset" 249
"../../../../Bullet-Shark/BulletShark_1/MyProject/Content/FirstPersonBP/Blueprints/AI_ControllerShark.uasset" 250
"../../../../Bullet-Shark/BulletShark_1/MyProject/Content/FirstPersonBP/Blueprints/EnemyBP.uasset" 251
"../../../../Bullet-Shark/BulletShark_1/MyProject/Content/FirstPersonBP/Blueprints/HUD/MainMenuAsset/UPDATEPLAYER.uasset" 252
"../../../../Bullet-Shark/BulletShark_1/MyProject/Content/FirstPersonBP/Blueprints/HUD/MainMenuAsset/UPDATEPLAYER_Video.uasset" 253
"../../../../Bullet-Shark/BulletShark_1/MyProject/Content/FirstPersonBP/Blueprints/HUD/MainMenuAsset/UPDATED.uasset" 254
"../../../../Bullet-Shark/BulletShark_1/MyProject/Content/FirstPersonBP/Blueprints/HUD/MainMenuAsset/Back.uasset" 255
"../../../../Bullet-Shark/BulletShark_1/MyProject/Content/FirstPersonBP/Blueprints/HUD/MainMenuAsset/Back1.uasset" 256
"../../../../Bullet-Shark/BulletShark_1/MyProject/Content/FirstPersonBP/Blueprints/HUD/MainMenuAsset/blank.uasset" 257
"../../../../Bullet-Shark/BulletShark_1/MyProject/Content/FirstPersonBP/Blueprints/HUD/MainMenuAsset/Easy.uasset" 258
"../../../../Bullet-Shark/BulletShark_1/MyProject/Content/FirstPersonBP/Blueprints/HUD/MainMenuAsset/Easy1.uasset" 259
"../../../../Bullet-Shark/BulletShark_1/MyProject/Content/FirstPersonBP/Blueprints/HUD/MainMenuAsset/Hard.uasset" 260
"../../../../Bullet-Shark/BulletShark_1/MyProject/Content/FirstPersonBP/Blueprints/HUD/MainMenuAsset/Hard1.uasset" 261
"../../../../Bullet-Shark/BulletShark_1/MyProject/Content/FirstPersonBP/Blueprints/HUD/MainMenuAsset/Normal.uasset" 262
"../../../../Bullet-Shark/BulletShark_1/MyProject/Content/FirstPersonBP/Blueprints/HUD/MainMenuAsset/Normal1.uasset" 263
"../../../../Bullet-Shark/BulletShark_1/MyProject/Content/FirstPersonBP/Blueprints/HUD/Difficulty.uasset" 264
"../../../../Bullet-Shark/BulletShark_1/MyProject/Content/FirstPersonBP/Blueprints/HUD/MainMenuAsset/High1.uasset" 265
"../../../../Bullet-Shark/BulletShark_1/MyProject/Content/FirstPersonBP/Blueprints/HUD/MainMenuAsset/HighScore_Button.uasset" 266
"../../../../Bullet-Shark/BulletShark_1/MyProject/Content/FirstPersonBP/Blueprints/HUD/MainMenuAsset/Quit1.uasset" 267
"../../../../Bullet-Shark/BulletShark_1/MyProject/Content/FirstPersonBP/Blueprints/HUD/MainMenuAsset/Quit_Button.uasset" 268
"../../../../Bullet-Shark/BulletShark_1/MyProject/Content/FirstPersonBP/Blueprints/HUD/MainMenuAsset/Settigns1.uasset" 269
"../../../../Bullet-Shark/BulletShark_1/MyProject/Content/FirstPersonBP/Blueprints/HUD/MainMenuAsset/Setting_Button.uasset" 270
"../../../../Bullet-Shark/BulletShark_1/MyProject/Content/FirstPersonBP/Blueprints/HUD/MainMenuAsset/Start1.uasset" 271
"../../../../Bullet-Shark/BulletShark_1/MyProject/Content/FirstPersonBP/Blueprints/HUD/MainMenuAsset/StartButton.uasset" 272
"../../../../Bullet-Shark/BulletShark_1/MyProject/Content/FirstPersonBP/Blueprints/HUD/MainMenu.uasset" 273
"../../../../Bullet-Shark/BulletShark_1/MyProject/Content/FirstPersonBP/Blueprints/HUD/ScoreBoard.uasset" 274
"../../../../Bullet-Shark/BulletShark_1/MyProject/Content/FirstPersonBP/Blueprints/GameManager.uasset" 275
"../../../Engine/Content/Functions/Engine_MaterialFunctions02/Utility/Sign.uasset" 276
"../../../Engine/Content/Functions/Engine_MaterialFunctions02/Utility/Round.uasset" 277
"../../../Engine/Content/Functions/Engine_MaterialFunctions02/ExampleContent/Textures/flipbook.uasset" 278
"../../../Engine/Content/Functions/Engine_MaterialFunctions02/Texturing/FlipBook.uasset" 279
"../../../../Bullet-Shark/BulletShark_1/MyProject/Content/FirstPersonBP/Blueprints/Rooms/TVRoom/spritesheet.uasset" 280
"../../../../Bullet-Shark/BulletShark_1/MyProject/Content/FirstPersonBP/Blueprints/Rooms/TVRoom/tv.uasset" 281
"../../../../Bullet-Shark/BulletShark_1/MyProject/Content/StarterContent/Materials/M_Glass.uasset" 282
"../../../../Bullet-Shark/BulletShark_1/MyProject/Content/FirstPersonBP/Blueprints/HUD/UserInfo.uasset" 283
"../../../../Bullet-Shark/BulletShark_1/MyProject/Content/FirstPersonBP/Blueprints/Music/SoundEffects/Deep_Nom_01.uasset" 284
"../../../../Bullet-Shark/BulletShark_1/MyProject/Content/Geometry/Meshes/CubeMaterial.uasset" 285
"../../../../Bullet-Shark/BulletShark_1/MyProject/Content/FirstPersonBP/Blueprints/Rooms/TVRoom/tvroom_shark.uasset" 286
"../../../../Bullet-Shark/BulletShark_1/MyProject/Content/Geometry/Meshes/1M_Cube.uasset" 287
"../../../../Bullet-Shark/BulletShark_1/MyProject/Content/FirstPersonBP/Maps/LevelEasy.umap" 288
"../../../../Bullet-Shark/BulletShark_1/MyProject/Content/FirstPersonBP/Maps/LevelHard1.umap" 289
"../../../../Bullet-Shark/BulletShark_1/MyProject/Content/FirstPersonBP/Maps/LevelNormal1.umap" 290
"../../../../Bullet-Shark/BulletShark_1/MyProject/Content/FirstPersonBP/Blueprints/hud.uasset" 291
"../../../../Bullet-Shark/BulletShark_1/MyProject/Content/FirstPersonBP/Blueprints/HUD/MainMenuAsset/Updatedmenu.uasset" 292
"../../../Engine/Content/BasicShapes/BasicShapeMaterial.uasset" 293
"../../../Engine/Content/BasicShapes/Cube.uasset" 294
"../../../../Bullet-Shark/BulletShark_1/MyProject/Content/FirstPersonBP/Maps/Menu.umap" 295
"../../../Engine/Content/EditorMaterials/WidgetMaterial.uasset" 296
"../../../Engine/Content/EditorMaterials/WidgetMaterial_X.uasset" 297
"../../../Engine/Content/EditorMaterials/WidgetMaterial_Y.uasset" 298
"../../../Engine/Content/EditorMaterials/WidgetMaterial_Z.uasset" 299
"../../../../Bullet-Shark/BulletShark_1/MyProject/Content/FirstPersonBP/Maps/BeachAssets/ball.uasset" 300
"../../../../Bullet-Shark/BulletShark_1/MyProject/Content/FirstPersonBP/Blueprints/Rooms/Beach/ball_Blueprint.uasset" 301
"../../../../Bullet-Shark/BulletShark_1/MyProject/Content/StarterContent/Textures/T_TableRound_M.uasset" 302
"../../../../Bullet-Shark/BulletShark_1/MyProject/Content/StarterContent/Textures/T_TableRound_N.uasset" 303
"../../../../Bullet-Shark/BulletShark_1/MyProject/Content/StarterContent/Props/Materials/M_TableRound.uasset" 304
"../../../../Bullet-Shark/BulletShark_1/MyProject/Content/FirstPersonBP/Blueprints/Fly_.uasset" 305
"../../../../Bullet-Shark/BulletShark_1/MyProject/Content/FirstPersonBP/Blueprints/EnemySpawner_BEACH.uasset" 306
"../../../../Bullet-Shark/BulletShark_1/MyProject/Content/FirstPersonBP/Blueprints/Materials/Sand.uasset" 307
"../../../../Bullet-Shark/BulletShark_1/MyProject/Content/FirstPersonBP/Blueprints/Rooms/Beach/beach_2.uasset" 308
"../../../Engine/Content/Functions/Engine_MaterialFunctions02/Math/TimeWithSpeedVariable.uasset" 309
"../../../Engine/Content/Functions/Engine_MaterialFunctions02/Utility/MakeFloat2.uasset" 310
"../../../Engine/Content/MaterialTemplates/Textures/T_Noise01.uasset" 311
"../../../../Bullet-Shark/BulletShark_1/MyProject/Content/FirstPersonBP/Blueprints/Materials/water2.uasset" 312
"../../../../Bullet-Shark/BulletShark_1/MyProject/Content/FirstPersonBP/Blueprints/Rooms/Beach/water.uasset" 313
"../../../../Bullet-Shark/BulletShark_1/MyProject/Content/FirstPersonBP/Maps/BeachAssets/lambert2SG.uasset" 314
"../../../../Bullet-Shark/BulletShark_1/MyProject/Content/FirstPersonBP/Maps/BeachAssets/sandcastle.uasset" 315
"../../../../Bullet-Shark/BulletShark_1/MyProject/Content/FirstPersonBP/Maps/BeachAssets/phong1SG.uasset" 316
"../../../../Bullet-Shark/BulletShark_1/MyProject/Content/FirstPersonBP/Maps/BeachAssets/phong2SG.uasset" 317
"../../../../Bullet-Shark/BulletShark_1/MyProject/Content/FirstPersonBP/Maps/BeachAssets/phong4SG.uasset" 318
"../../../../Bullet-Shark/BulletShark_1/MyProject/Content/FirstPersonBP/Maps/BeachAssets/phong5SG.uasset" 319
"../../../../Bullet-Shark/BulletShark_1/MyProject/Content/FirstPersonBP/Maps/BeachAssets/phong6SG.uasset" 320
"../../../../Bullet-Shark/BulletShark_1/MyProject/Content/FirstPersonBP/Maps/BeachAssets/umbrella.uasset" 321
"../../../../Bullet-Shark/BulletShark_1/MyProject/Content/FirstPersonBP/Maps/RandomEasy/LevelBeach_Easy.umap" 322
"../../../../Bullet-Shark/BulletShark_1/MyProject/Content/FirstPersonBP/Maps/RandomEasy/LevelBeach_Hard.umap" 323
"../../../../Bullet-Shark/BulletShark_1/MyProject/Content/FirstPersonBP/Maps/RandomEasy/LevelBeach_Normal.umap" 324
"../../../Engine/Content/Functions/Engine_MaterialFunctions01/Gradient/RadialGradient.uasset" 325
"../../../Engine/Content/Functions/Engine_MaterialFunctions02/Utility/LinearSine.uasset" 326
"../../../../Bullet-Shark/BulletShark_1/MyProject/Content/TS_Fireworks/Materials/M_TS_FireworksSimple.uasset" 327
"../../../../Bullet-Shark/BulletShark_1/MyProject/Content/TS_Fireworks/Materials/M_TS_FireworksSmoke.uasset" 328
"../../../../Bullet-Shark/BulletShark_1/MyProject/Content/TS_Fireworks/Particles/fireworks1.uasset" 329
"../../../../Bullet-Shark/BulletShark_1/MyProject/Content/FirstPersonBP/Blueprints/Sky.uasset" 330
"../../../../Bullet-Shark/BulletShark_1/MyProject/Content/FirstPersonBP/Blueprints/EnemySpawner_Sky.uasset" 331
"../../../../Bullet-Shark/BulletShark_1/MyProject/Content/FirstPersonBP/Maps/SkyAssets/HOTAIRBALLOON-0.uasset" 332
"../../../../Bullet-Shark/BulletShark_1/MyProject/Content/FirstPersonBP/Maps/SkyAssets/palette1.uasset" 333
"../../../../Bullet-Shark/BulletShark_1/MyProject/Content/FirstPersonBP/Maps/SkyAssets/BASKET.uasset" 334
"../../../../Bullet-Shark/BulletShark_1/MyProject/Content/FirstPersonBP/Maps/SkyAssets/palette2.uasset" 335
"../../../../Bullet-Shark/BulletShark_1/MyProject/Content/FirstPersonBP/Maps/SkyAssets/HOTAIRBALLOON-1.uasset" 336
"../../../../Bullet-Shark/BulletShark_1/MyProject/Content/FirstPersonBP/Maps/SkyAssets/palette3.uasset" 337
"../../../../Bullet-Shark/BulletShark_1/MyProject/Content/FirstPersonBP/Maps/SkyAssets/balloon_export.uasset" 338
"../../../../Bullet-Shark/BulletShark_1/MyProject/Content/FirstPersonBP/Maps/SkyAssets/cloud.uasset" 339
"../../../../Bullet-Shark/BulletShark_1/MyProject/Content/FirstPersonBP/Maps/RandomEasy/LevelSky_Easy.umap" 340
"../../../../Bullet-Shark/BulletShark_1/MyProject/Content/FirstPersonBP/Maps/RandomEasy/LevelSky_Hard.umap" 341
"../../../../Bullet-Shark/BulletShark_1/MyProject/Content/FirstPersonBP/Maps/RandomEasy/LevelSky_Normal.umap" 342
"../../../Engine/Content/Maps/Entry_BuiltData.uasset" 343
"../../../Engine/Content/Maps/Entry.umap" 344
