"E:/REVISED/sharkteef2/MyProject/Content/StarterContent/Textures/T_MacroVariation.uasset" 0
"E:/REVISED/sharkteef2/MyProject/Content/StarterContent/Materials/M_Metal_Chrome.uasset" 1
"../../../Engine/Content/EditorMaterials/MatineeGroups/MAT_Groups_Float.uasset" 2
"../../../Engine/Content/EditorMaterials/MatineeGroups/MAT_Groups_Move.uasset" 3
"../../../Engine/Content/EditorMaterials/MatineeGroups/MAT_Groups_Slomo.uasset" 4
"../../../Engine/Content/EditorMaterials/MatineeGroups/MAT_Groups_Sound.uasset" 5
"../../../Engine/Content/EditorMaterials/MatineeGroups/MAT_Groups_Vector.uasset" 6
"../../../Engine/Content/EditorMaterials/ParticleSystems/PSysThumbnail_NoImage.uasset" 7
"../../../Engine/Content/EditorMaterials/ParticleSystems/PSysThumbnail_OOD.uasset" 8
"../../../Engine/Content/EngineMaterials/Grid.uasset" 9
"../../../Engine/Content/EditorMaterials/Thumbnails/FloorPlaneMaterial.uasset" 10
"../../../Engine/Content/EditorMeshes/EditorCube.uasset" 11
"../../../Engine/Content/EditorMeshes/EditorCylinder.uasset" 12
"../../../Engine/Content/EditorMeshes/EditorPlane.uasset" 13
"../../../Engine/Content/EditorMaterials/Thumbnails/SkySphereMaterial.uasset" 14
"../../../Engine/Content/EditorMeshes/EditorSkySphere.uasset" 15
"../../../Engine/Content/EditorMeshes/EditorSphere.uasset" 16
"../../../Engine/Content/EditorResources/MatineeCam_D.uasset" 17
"../../../Engine/Content/EditorMaterials/MatineeCam_mat.uasset" 18
"../../../Engine/Content/EditorMeshes/MatineeCam_SM.uasset" 19
"../../../Engine/Content/EditorMaterials/Camera/CineMat.uasset" 20
"../../../Engine/Content/EditorMaterials/Camera/MI_CineMat_CameraBody.uasset" 21
"../../../Engine/Content/EngineDebugMaterials/M_SimpleOpaque.uasset" 22
"../../../Engine/Content/EditorMaterials/Camera/MI_CineMat_CamViewFinder.uasset" 23
"../../../Engine/Content/EditorMeshes/Camera/SM_CineCam.uasset" 24
"../../../Engine/Content/EditorMaterials/Camera/MI_CineMat_Rig.uasset" 25
"../../../Engine/Content/EditorMeshes/Camera/SM_CraneRig_Arm.uasset" 26
"../../../Engine/Content/EditorMeshes/Camera/SM_CraneRig_Base.uasset" 27
"../../../Engine/Content/EditorMeshes/Camera/SM_CraneRig_Body.uasset" 28
"../../../Engine/Content/EditorMeshes/Camera/SM_CraneRig_Mount.uasset" 29
"../../../Engine/Content/EditorMeshes/Camera/SM_RailRig_Mount.uasset" 30
"../../../Engine/Content/EditorMeshes/Camera/SM_RailRig_Track.uasset" 31
"../../../Engine/Content/EditorResources/Bad.uasset" 32
"../../../Engine/Content/EditorResources/BSPVertex.uasset" 33
"../../../Engine/Content/EditorResources/EmptyActor.uasset" 34
"../../../Engine/Content/EditorResources/MatInstActSprite.uasset" 35
"../../../Engine/Content/EditorResources/SceneManager.uasset" 36
"../../../Engine/Content/EditorResources/SmallFont.uasset" 37
"../../../Engine/Content/EditorResources/S_Actor.uasset" 38
"../../../Engine/Content/EditorResources/S_DecalActorIcon.uasset" 39
"../../../Engine/Content/EditorResources/S_Emitter.uasset" 40
"../../../Engine/Content/EditorResources/S_ExpoHeightFog.uasset" 41
"../../../Engine/Content/EditorResources/S_FTest.uasset" 42
"../../../Engine/Content/EditorResources/S_KBSJoint.uasset" 43
"../../../Engine/Content/EditorResources/S_KHinge.uasset" 44
"../../../Engine/Content/EditorResources/S_KPrismatic.uasset" 45
"../../../Engine/Content/EditorResources/S_LevelSequence.uasset" 46
"../../../Engine/Content/EditorResources/S_NavP.uasset" 47
"../../../Engine/Content/EditorResources/S_Note.uasset" 48
"../../../Engine/Content/EditorResources/S_Player.uasset" 49
"../../../Engine/Content/EditorResources/S_PortalActorIcon2.uasset" 50
"../../../Engine/Content/EditorResources/S_RadForce.uasset" 51
"../../../Engine/Content/EditorResources/S_ReflActorIcon.uasset" 52
"../../../Engine/Content/EditorResources/S_Terrain.uasset" 53
"../../../Engine/Content/EditorResources/S_TextRenderActorIcon.uasset" 54
"../../../Engine/Content/EditorResources/S_Thruster.uasset" 55
"../../../Engine/Content/EditorResources/S_Trigger.uasset" 56
"../../../Engine/Content/EditorResources/S_VectorFieldVol.uasset" 57
"../../../Engine/Content/EditorResources/S_WindDirectional.uasset" 58
"../../../Engine/Content/EditorResources/AI/S_NavLink.uasset" 59
"../../../Engine/Content/EditorResources/LightIcons/SkyLight.uasset" 60
"../../../Engine/Content/EditorResources/LightIcons/S_LightDirectional.uasset" 61
"../../../Engine/Content/EditorResources/LightIcons/S_LightDirectionalMove.uasset" 62
"../../../Engine/Content/EditorResources/LightIcons/S_LightError.uasset" 63
"../../../Engine/Content/EditorResources/LightIcons/S_LightPoint.uasset" 64
"../../../Engine/Content/EditorResources/LightIcons/S_LightPointMove.uasset" 65
"../../../Engine/Content/EditorResources/LightIcons/S_LightSpot.uasset" 66
"../../../Engine/Content/EditorResources/LightIcons/S_LightSpotMove.uasset" 67
"../../../Engine/Content/EditorResources/SequenceRecorder/Countdown.uasset" 68
"../../../Engine/Content/EditorResources/SequenceRecorder/RecordingIndicator.uasset" 69
"../../../Engine/Content/EditorResources/Spline/T_Loft_Spline.uasset" 70
"../../../Engine/Content/EditorSounds/Notifications/CompileFailed.uasset" 71
"../../../Engine/Content/EditorSounds/Notifications/CompileFailed_Cue.uasset" 72
"../../../Engine/Content/EditorSounds/Notifications/CompileSuccess.uasset" 73
"../../../Engine/Content/EditorSounds/Notifications/CompileStart_Cue.uasset" 74
"../../../Engine/Content/EditorSounds/Notifications/CompileSuccess_Cue.uasset" 75
"../../../Engine/Content/EngineDamageTypes/DmgTypeBP_Environmental.uasset" 76
"../../../Engine/Content/EngineDebugMaterials/HeatmapGradient.uasset" 77
"../../../Engine/Content/EngineDebugMaterials/BoneWeightMaterial.uasset" 78
"../../../Engine/Content/EngineDebugMaterials/ClothMaterial.uasset" 79
"../../../Engine/Content/EngineDebugMaterials/ClothMaterial_WF.uasset" 80
"../../../Engine/Content/EngineDebugMaterials/DebugEditorMaterial.uasset" 81
"../../../Engine/Content/EngineDebugMaterials/DebugMeshMaterial.uasset" 82
"../../../Engine/Content/EngineDebugMaterials/GeomMaterial.uasset" 83
"../../../Engine/Content/Functions/Engine_MaterialFunctions01/Shading/ConvertFromDiffSpec.uasset" 84
"../../../Engine/Content/EngineDebugMaterials/LevelColorationLitMaterial.uasset" 85
"../../../Engine/Content/EngineDebugMaterials/LevelColorationUnlitMaterial.uasset" 86
"../../../Engine/Content/EngineDebugMaterials/M_SimpleTranslucent.uasset" 87
"../../../Engine/Content/EngineDebugMaterials/ShadedLevelColorationLitMaterial.uasset" 88
"../../../Engine/Content/EngineDebugMaterials/ShadedLevelColorationUnlitMateri.uasset" 89
"../../../Engine/Content/EngineDebugMaterials/VertexColorMaterial.uasset" 90
"../../../Engine/Content/EngineDebugMaterials/VertexColorViewMode_AlphaAsColor.uasset" 91
"../../../Engine/Content/EngineDebugMaterials/VertexColorViewMode_BlueOnly.uasset" 92
"../../../Engine/Content/EngineDebugMaterials/VertexColorViewMode_ColorOnly.uasset" 93
"../../../Engine/Content/EngineDebugMaterials/VertexColorViewMode_GreenOnly.uasset" 94
"../../../Engine/Content/EngineDebugMaterials/VertexColorViewMode_RedOnly.uasset" 95
"../../../Engine/Content/EngineDebugMaterials/WireframeMaterial.uasset" 96
"../../../Engine/Content/EngineFonts/Faces/RobotoBold.uasset" 97
"../../../Engine/Content/EngineFonts/Faces/RobotoBoldItalic.uasset" 98
"../../../Engine/Content/EngineFonts/Faces/RobotoItalic.uasset" 99
"../../../Engine/Content/EngineFonts/Faces/RobotoLight.uasset" 100
"../../../Engine/Content/EngineFonts/Faces/RobotoRegular.uasset" 101
"../../../Engine/Content/EngineFonts/Roboto.uasset" 102
"../../../Engine/Content/EngineFonts/Faces/RobotoTiny.uasset" 103
"../../../Engine/Content/EngineFonts/RobotoTiny.uasset" 104
"../../../Engine/Content/EngineFonts/SmallFont.uasset" 105
"../../../Engine/Content/EngineFonts/TinyFont.uasset" 106
"../../../Engine/Content/EngineMaterials/BaseFlattenDiffuseMap.uasset" 107
"../../../Engine/Content/EngineMaterials/BaseFlattenEmissiveMap.uasset" 108
"../../../Engine/Content/EngineMaterials/BaseFlattenGrayscaleMap.uasset" 109
"../../../Engine/Content/EngineMaterials/BaseFlattenNormalMap.uasset" 110
"../../../Engine/Content/EngineMaterials/BaseFlattenMaterial.uasset" 111
"../../../Engine/Content/EngineResources/WhiteSquareTexture.uasset" 112
"../../../Engine/Content/EngineMaterials/BlinkingCaret.uasset" 113
"../../../Engine/Content/EngineMaterials/DefaultBloomKernel.uasset" 114
"../../../Engine/Content/EngineMaterials/DefaultBokeh.uasset" 115
"../../../Engine/Content/EngineMaterials/DefaultDiffuse.uasset" 116
"../../../Engine/Content/EngineMaterials/DefaultDeferredDecalMaterial.uasset" 117
"../../../Engine/Content/EngineMaterials/DefaultLightFunctionMaterial.uasset" 118
"../../../Engine/Content/EngineMaterials/DefaultNormal.uasset" 119
"../../../Engine/Content/Functions/Engine_MaterialFunctions02/Utility/BreakOutFloat2Components.uasset" 120
"../../../Engine/Content/EngineMaterials/DefaultPostProcessMaterial.uasset" 121
"../../../Engine/Content/EngineFonts/RobotoDistanceField.uasset" 122
"../../../Engine/Content/EngineMaterials/DefaultTextMaterialOpaque.uasset" 123
"../../../Engine/Content/EngineMaterials/EditorBrushMaterial.uasset" 124
"../../../Engine/Content/EngineMaterials/Good64x64TilingNoiseHighFreq.uasset" 125
"../../../Engine/Content/EngineMaterials/Grid_N.uasset" 126
"../../../Engine/Content/EngineMaterials/HighResolutionScreenshotMaskFunction.uasset" 127
"../../../Engine/Content/EngineMaterials/HighResScreenshot.uasset" 128
"../../../Engine/Content/EngineMaterials/HighResScreenshotCaptureRegion.uasset" 129
"../../../Engine/Content/EngineMaterials/HighResScreenshotMask.uasset" 130
"../../../Engine/Content/EngineMaterials/LandscapeHolePhysicalMaterial.uasset" 131
"../../../Engine/Content/EngineMaterials/InvalidLightmapSettings.uasset" 132
"../../../Engine/Content/EngineMaterials/M_InvalidLightmapSettings.uasset" 133
"../../../Engine/Content/EngineMaterials/PaperDiffuse.uasset" 134
"../../../Engine/Content/EngineMaterials/PaperNormal.uasset" 135
"../../../Engine/Content/Functions/Engine_MaterialFunctions02/WorldPositionOffset/CameraOffset.uasset" 136
"../../../Engine/Content/EngineMaterials/PhAT_JointLimitMaterial.uasset" 137
"../../../Engine/Content/EngineMaterials/PhysMat_Rubber.uasset" 138
"../../../Engine/Content/EngineMaterials/PreintegratedSkinBRDF.uasset" 139
"../../../Engine/Content/EngineMaterials/RemoveSurfaceMaterial.uasset" 140
"../../../Engine/Content/EngineMaterials/WeightMapPlaceholderTexture.uasset" 141
"../../../Engine/Content/EngineMaterials/Widget3DPassThrough.uasset" 142
"../../../Engine/Content/EngineMaterials/Widget3DPassThrough_Masked.uasset" 143
"../../../Engine/Content/EngineMaterials/Widget3DPassThrough_Opaque.uasset" 144
"../../../Engine/Content/EngineMaterials/Widget3DPassThrough_Masked_OneSided.uasset" 145
"../../../Engine/Content/EngineMaterials/Widget3DPassThrough_Opaque_OneSided.uasset" 146
"../../../Engine/Content/EngineMaterials/Widget3DPassThrough_Translucent.uasset" 147
"../../../Engine/Content/EngineMaterials/Widget3DPassThrough_Translucent_OneSided.uasset" 148
"../../../Engine/Content/Functions/Engine_MaterialFunctions01/Opacity/CameraDepthFade.uasset" 149
"../../../Engine/Content/EngineMaterials/T_Default_Material_Grid_M.uasset" 150
"../../../Engine/Content/EngineMaterials/T_Default_Material_Grid_N.uasset" 151
"../../../Engine/Content/EngineMaterials/DefaultMaterial.uasset" 152
"../../../Engine/Content/EngineMeshes/Cylinder.uasset" 153
"../../../Engine/Content/EngineMeshes/Sphere.uasset" 154
"../../../Engine/Content/EngineResources/Black.uasset" 155
"../../../Engine/Content/EngineResources/DefaultTexture.uasset" 156
"../../../Engine/Content/EngineResources/DefaultTextureCube.uasset" 157
"../../../Engine/Content/EngineResources/DefaultVolumeTexture2D.uasset" 158
"../../../Engine/Content/EngineResources/DefaultVolumeTexture.uasset" 159
"../../../Engine/Content/EngineResources/GradientTexture0.uasset" 160
"../../../Engine/Content/EngineResources/StreamingPauseIcon.uasset" 161
"../../../Engine/Content/EngineResources/M_StreamingPause.uasset" 162
"../../../Engine/Content/EngineSounds/Master.uasset" 163
"../../../Engine/Content/Functions/Engine_MaterialFunctions01/Shading/PowerToRoughness.uasset" 164
"../../../Engine/Content/Maps/Templates/Thumbnails/Default.uasset" 165
"../../../Engine/Content/Maps/Templates/Thumbnails/VR-Basic.uasset" 166
"../../../Engine/Content/MapTemplates/Sky/DaylightAmbientCubemap.uasset" 167
"../../../Engine/Content/MobileResources/T_MobileControls_texture.uasset" 168
"../../../Engine/Content/MobileResources/T_MobileMenu2.uasset" 169
"../../../Engine/Content/MobileResources/HUD/AnalogHat.uasset" 170
"../../../Engine/Content/MobileResources/HUD/VirtualJoystick_Background.uasset" 171
"../../../Engine/Content/MobileResources/HUD/VirtualJoystick_Thumb.uasset" 172
"../../../Engine/Content/MobileResources/HUD/DefaultVirtualJoysticks.uasset" 173
"../../../Engine/Content/MobileResources/HUD/LeftVirtualJoystickOnly.uasset" 174
"../../../Engine/Content/MobileResources/HUD/MobileHUDButton1_off.uasset" 175
"../../../Engine/Content/MobileResources/HUD/MobileHUDButton1_on.uasset" 176
"../../../Engine/Content/MobileResources/HUD/MobileHUDButton2_off.uasset" 177
"../../../Engine/Content/MobileResources/HUD/MobileHUDButton2_on.uasset" 178
"../../../Engine/Content/MobileResources/HUD/MobileHUDButton3.uasset" 179
"../../../Engine/Content/MobileResources/HUD/MobileHUDButtonFire.uasset" 180
"../../../Engine/Content/MobileResources/HUD/MobileHUDDirectionPad.uasset" 181
"../../../Engine/Content/MobileResources/HUD/MobileHUDDirectionPad2.uasset" 182
"../../../Engine/Content/MobileResources/HUD/MobileHUDDirectionPad3.uasset" 183
"../../../Engine/Content/MobileResources/HUD/MobileHUDDirectionStick.uasset" 184
"../../../Engine/Content/MobileResources/HUD/T_Castle_ThumbstickInner.uasset" 185
"../../../Engine/Content/MobileResources/HUD/T_Castle_ThumbstickOutter.uasset" 186
"../../../Engine/Content/Tutorial/ContentIntroCurve.uasset" 187
"../../../Engine/Content/Tutorial/Basics/TutorialAssets/icon_tab_Levels_40x.uasset" 188
"../../../Engine/Content/Tutorial/BlueprintTutorials/TutorialAssets/Blueprint_64x.uasset" 189
"../../../Engine/Content/Tutorial/Foliage/TutorialAssets/Foliage.uasset" 190
"../../../Engine/Content/Tutorial/Landscape/TutorialAssets/Landscape.uasset" 191
"../../../Engine/Content/Tutorial/Mobile/TutorialAssets/IOS.uasset" 192
"../../../Engine/Content/Tutorial/Paper2D/TutorialAssets/Paper2DSprite_TutorialIcon.uasset" 193
"../../../Engine/Content/Tutorial/SubEditors/TutorialAssets/icon_Editor_Preferences_General_40x.uasset" 194
"../../../Engine/Content/Tutorial/SubEditors/TutorialAssets/icon_ShowSkeletalMeshes_40x.uasset" 195
"../../../Engine/Content/VREditor/LaserPointer/VR_LaserPower_01.uasset" 196
"../../../Engine/Content/VREditor/TransformGizmo/TransformGizmoMaterial.uasset" 197
"../../../Engine/Content/VREditor/TransformGizmo/TranslucentTransformGizmoMaterial.uasset" 198
"../../../Engine/Content/VREditor/TransformGizmo/BoundingBoxCorner.uasset" 199
"../../../Engine/Content/VREditor/TransformGizmo/BoundingBoxEdge.uasset" 200
"../../../Engine/Content/VREditor/TransformGizmo/PlaneTranslationHandle.uasset" 201
"../../../Engine/Content/VREditor/TransformGizmo/Main.uasset" 202
"../../../Engine/Content/VREditor/TransformGizmo/Xray.uasset" 203
"../../../Engine/Content/VREditor/TransformGizmo/SM_Sequencer_Key.uasset" 204
"../../../Engine/Content/VREditor/TransformGizmo/SM_Sequencer_Node.uasset" 205
"E:/REVISED/sharkteef2/MyProject/Content/FirstPerson/Character/Mesh/SK_Mannequin_Arms_Skeleton.uasset" 206
"E:/REVISED/sharkteef2/MyProject/Content/FirstPerson/Animations/FirstPerson_Idle.uasset" 207
"E:/REVISED/sharkteef2/MyProject/Content/FirstPerson/Animations/FirstPerson_JumpEnd.uasset" 208
"E:/REVISED/sharkteef2/MyProject/Content/FirstPerson/Animations/FirstPerson_JumpLoop.uasset" 209
"E:/REVISED/sharkteef2/MyProject/Content/FirstPerson/Animations/FirstPerson_JumpStart.uasset" 210
"E:/REVISED/sharkteef2/MyProject/Content/FirstPerson/Animations/FirstPerson_Run.uasset" 211
"../../../Engine/Content/EditorBlueprintResources/StandardMacros.uasset" 212
"E:/REVISED/sharkteef2/MyProject/Content/FirstPerson/Animations/FirstPerson_AnimBP.uasset" 213
"E:/REVISED/sharkteef2/MyProject/Content/FirstPerson/Animations/FirstPerson_Fire.uasset" 214
"E:/REVISED/sharkteef2/MyProject/Content/FirstPerson/Animations/FirstPersonFire_Montage.uasset" 215
"E:/REVISED/sharkteef2/MyProject/Content/FirstPersonBP/Blueprints/HUD/playerscore.uasset" 216
"E:/REVISED/sharkteef2/MyProject/Content/FirstPersonBP/Blueprints/HUD/scoreSave.uasset" 217
"E:/REVISED/sharkteef2/MyProject/Content/FirstPersonBP/Blueprints/Materials/Glow_TV.uasset" 218
"E:/REVISED/sharkteef2/MyProject/Content/FirstPersonBP/Blueprints/Materials/e_Blue.uasset" 219
"E:/REVISED/sharkteef2/MyProject/Content/FirstPerson/Meshes/BaseMaterial.uasset" 220
"E:/REVISED/sharkteef2/MyProject/Content/FirstPerson/Meshes/FirstPersonProjectileMaterial.uasset" 221
"E:/REVISED/sharkteef2/MyProject/Content/FirstPerson/Meshes/FirstPersonProjectileMesh.uasset" 222
"E:/REVISED/sharkteef2/MyProject/Content/FirstPersonBP/Blueprints/FirstPersonProjectile.uasset" 223
"E:/REVISED/sharkteef2/MyProject/Content/FirstPerson/Audio/FirstPersonTemplateWeaponFire02.uasset" 224
"../../../Engine/Content/Functions/Engine_MaterialFunctions02/Utility/BlendAngleCorrectedNormals.uasset" 225
"../../../Engine/Content/Functions/MaterialLayerFunctions/MatLayerBlend_NormalBlend.uasset" 226
"../../../Engine/Content/Functions/MaterialLayerFunctions/MatLayerBlend_Simple.uasset" 227
"E:/REVISED/sharkteef2/MyProject/Content/FirstPerson/Character/Materials/MaterialLayers/T_ML_Rubber_Blue_01_D.uasset" 228
"E:/REVISED/sharkteef2/MyProject/Content/FirstPerson/Character/Materials/MaterialLayers/T_ML_Rubber_Blue_01_N.uasset" 229
"E:/REVISED/sharkteef2/MyProject/Content/FirstPerson/Character/Materials/MaterialLayers/ML_GlossyBlack_Latex_UE4.uasset" 230
"E:/REVISED/sharkteef2/MyProject/Content/FirstPerson/Character/Materials/MaterialLayers/ML_Plastic_Shiny_Beige.uasset" 231
"E:/REVISED/sharkteef2/MyProject/Content/FirstPerson/Character/Materials/MaterialLayers/ML_Plastic_Shiny_Beige_LOGO.uasset" 232
"E:/REVISED/sharkteef2/MyProject/Content/FirstPerson/Character/Materials/MaterialLayers/T_ML_Aluminum01.uasset" 233
"E:/REVISED/sharkteef2/MyProject/Content/FirstPerson/Character/Materials/MaterialLayers/T_ML_Aluminum01_N.uasset" 234
"E:/REVISED/sharkteef2/MyProject/Content/FirstPerson/Character/Materials/MaterialLayers/ML_SoftMetal_UE4.uasset" 235
"E:/REVISED/sharkteef2/MyProject/Content/FirstPerson/Character/Materials/M_UE4Man_Body.uasset" 236
"E:/REVISED/sharkteef2/MyProject/Content/FirstPerson/Character/Mesh/SK_Mannequin_Arms_PhysicsAsset.uasset" 237
"E:/REVISED/sharkteef2/MyProject/Content/FirstPerson/Character/Mesh/SK_Mannequin_Arms.uasset" 238
"E:/REVISED/sharkteef2/MyProject/Content/FirstPerson/FPWeapon/Materials/MaterialLayers/T_ML_Rubber_Blue_01_D.uasset" 239
"E:/REVISED/sharkteef2/MyProject/Content/FirstPerson/FPWeapon/Materials/MaterialLayers/T_ML_Rubber_Blue_01_N.uasset" 240
"E:/REVISED/sharkteef2/MyProject/Content/FirstPerson/FPWeapon/Materials/MaterialLayers/ML_GlossyBlack_Latex_UE4.uasset" 241
"E:/REVISED/sharkteef2/MyProject/Content/FirstPerson/FPWeapon/Materials/MaterialLayers/ML_Plastic_Shiny_Beige.uasset" 242
"E:/REVISED/sharkteef2/MyProject/Content/FirstPerson/FPWeapon/Materials/MaterialLayers/ML_Screen.uasset" 243
"E:/REVISED/sharkteef2/MyProject/Content/FirstPerson/FPWeapon/Materials/MaterialLayers/T_ML_Aluminum01.uasset" 244
"E:/REVISED/sharkteef2/MyProject/Content/FirstPerson/FPWeapon/Materials/MaterialLayers/T_ML_Aluminum01_N.uasset" 245
"E:/REVISED/sharkteef2/MyProject/Content/FirstPerson/FPWeapon/Materials/MaterialLayers/ML_SoftMetal_UE4.uasset" 246
"E:/REVISED/sharkteef2/MyProject/Content/FirstPerson/FPWeapon/Textures/T_FPGun_M.uasset" 247
"E:/REVISED/sharkteef2/MyProject/Content/FirstPerson/FPWeapon/Textures/T_FPGun_N.uasset" 248
"E:/REVISED/sharkteef2/MyProject/Content/FirstPerson/FPWeapon/Materials/M_FPGun.uasset" 249
"E:/REVISED/sharkteef2/MyProject/Content/FirstPerson/FPWeapon/Mesh/SK_FPGun_Skeleton.uasset" 250
"E:/REVISED/sharkteef2/MyProject/Content/FirstPerson/FPWeapon/Mesh/SK_FPGun.uasset" 251
"E:/REVISED/sharkteef2/MyProject/Content/FirstPersonBP/Blueprints/HUD/PauseMenu.uasset" 252
"E:/REVISED/sharkteef2/MyProject/Content/FirstPersonBP/Blueprints/HUD/Score.uasset" 253
"E:/REVISED/sharkteef2/MyProject/Content/FirstPersonBP/Blueprints/HUD/ScoreBoard.uasset" 254
"E:/REVISED/sharkteef2/MyProject/Content/FirstPersonBP/Blueprints/FirstPersonCharacter.uasset" 255
"E:/REVISED/sharkteef2/MyProject/Content/FirstPerson/Textures/FirstPersonCrosshair.uasset" 256
"E:/REVISED/sharkteef2/MyProject/Content/FirstPersonBP/Blueprints/FirstPersonHUD.uasset" 257
"E:/REVISED/sharkteef2/MyProject/Content/FirstPersonBP/Blueprints/FirstPersonGameMode.uasset" 258
"E:/REVISED/sharkteef2/MyProject/Content/FirstPersonBP/Blueprints/Animations/NewFolder/sharkexport_Skeleton.uasset" 259
"E:/REVISED/sharkteef2/MyProject/Content/FirstPersonBP/Blueprints/Animations/NewFolder/sharkexport_Anim.uasset" 260
"E:/REVISED/sharkteef2/MyProject/Content/FirstPersonBP/Blueprints/AI_SharkBB.uasset" 261
"E:/REVISED/sharkteef2/MyProject/Content/FirstPersonBP/Blueprints/Shakr_RandomMovement.uasset" 262
"E:/REVISED/sharkteef2/MyProject/Content/FirstPersonBP/Blueprints/SharkPlayer.uasset" 263
"E:/REVISED/sharkteef2/MyProject/Content/FirstPersonBP/Blueprints/AI_SharkTree.uasset" 264
"E:/REVISED/sharkteef2/MyProject/Content/FirstPersonBP/Blueprints/AI_ControllerShark.uasset" 265
"E:/REVISED/sharkteef2/MyProject/Content/StarterContent/Textures/T_Tech_Hex_Tile_M.uasset" 266
"E:/REVISED/sharkteef2/MyProject/Content/StarterContent/Textures/T_Tech_Hex_Tile_N.uasset" 267
"E:/REVISED/sharkteef2/MyProject/Content/StarterContent/Materials/M_Tech_Hex_Tile_Pulse.uasset" 268
"../../../Engine/Content/EngineMaterials/DefaultWhiteGrid.uasset" 269
"../../../Engine/Content/EngineDebugMaterials/MAT_LevelColorationLitLightmapUV.uasset" 270
"E:/REVISED/sharkteef2/MyProject/Content/StarterContent/Materials/M_Basic_Wall.uasset" 271
"E:/REVISED/sharkteef2/MyProject/Content/FirstPersonBP/Blueprints/Materials/e_Pink.uasset" 272
"E:/REVISED/sharkteef2/MyProject/Content/FirstPersonBP/Blueprints/Animations/NewFolder/sharkexport_PhysicsAsset.uasset" 273
"E:/REVISED/sharkteef2/MyProject/Content/FirstPersonBP/Blueprints/Animations/NewFolder/sharkexport.uasset" 274
"E:/REVISED/sharkteef2/MyProject/Content/FirstPersonBP/Blueprints/EnemyBP.uasset" 275
"E:/REVISED/sharkteef2/MyProject/Content/FirstPersonBP/Blueprints/Music/Aqua_-_Barbie_Girl.uasset" 276
"E:/REVISED/sharkteef2/MyProject/Content/FirstPersonBP/Blueprints/Music/Caramell_-_Caramelldansen__English_Version__Official.uasset" 277
"E:/REVISED/sharkteef2/MyProject/Content/FirstPersonBP/Blueprints/Music/Chicken_song__-___Geco_Remix_.uasset" 278
"E:/REVISED/sharkteef2/MyProject/Content/FirstPersonBP/Blueprints/Music/Circus_-_Theme_song_-_long_version_01.uasset" 279
"E:/REVISED/sharkteef2/MyProject/Content/FirstPersonBP/Blueprints/Music/Nyan_Cat_-_Sound_Download_Mp3__original_.uasset" 280
"E:/REVISED/sharkteef2/MyProject/Content/FirstPersonBP/Blueprints/Music/Voldemorts_Laugh_Sparta_Remix.uasset" 281
"E:/REVISED/sharkteef2/MyProject/Content/FirstPersonBP/Blueprints/EnemySpawner_Blueprint.uasset" 282
"E:/REVISED/sharkteef2/MyProject/Content/FirstPersonBP/Blueprints/GameManager.uasset" 283
"E:/REVISED/sharkteef2/MyProject/Content/FirstPersonBP/Blueprints/HUD/UserInfo.uasset" 284
"E:/REVISED/sharkteef2/MyProject/Content/Geometry/Meshes/CubeMaterial.uasset" 285
"E:/REVISED/sharkteef2/MyProject/Content/FirstPersonBP/Blueprints/Rooms/TVRoom/tvroom_shark.uasset" 286
"../../../Engine/Content/Functions/Engine_MaterialFunctions02/Utility/Sign.uasset" 287
"../../../Engine/Content/Functions/Engine_MaterialFunctions02/Utility/Round.uasset" 288
"../../../Engine/Content/Functions/Engine_MaterialFunctions02/ExampleContent/Textures/flipbook.uasset" 289
"../../../Engine/Content/Functions/Engine_MaterialFunctions02/Texturing/FlipBook.uasset" 290
"E:/REVISED/sharkteef2/MyProject/Content/FirstPersonBP/Blueprints/Rooms/TVRoom/spritesheet.uasset" 291
"E:/REVISED/sharkteef2/MyProject/Content/FirstPersonBP/Blueprints/Rooms/TVRoom/tv.uasset" 292
"E:/REVISED/sharkteef2/MyProject/Content/Geometry/Meshes/1M_Cube.uasset" 293
"../../../Engine/Content/EngineMaterials/WorldGridMaterial.uasset" 294
"../../../Engine/Content/ArtTools/RenderToTexture/Meshes/S_1_Unit_Plane.uasset" 295
"../../../Engine/Content/BasicShapes/Cone.uasset" 296
"../../../Engine/Content/BasicShapes/Cylinder.uasset" 297
"../../../Engine/Content/BasicShapes/Plane.uasset" 298
"../../../Engine/Content/BasicShapes/Sphere.uasset" 299
"../../../Engine/Content/EngineMaterials/DefaultPhysicalMaterial.uasset" 300
"../../../Engine/Content/BufferVisualization/AmbientOcclusion.uasset" 301
"../../../Engine/Content/BufferVisualization/BaseColor.uasset" 302
"../../../Engine/Content/BufferVisualization/CustomDepth.uasset" 303
"../../../Engine/Content/Functions/Engine_MaterialFunctions02/Utility/VectorLength.uasset" 304
"../../../Engine/Content/BufferVisualization/CustomDepthWorldUnits.uasset" 305
"../../../Engine/Content/Functions/Engine_MaterialFunctions01/Texturing/ScaleUVsByCenter.uasset" 306
"../../../Engine/Content/Functions/Engine_MaterialFunctions02/ScreenResolution.uasset" 307
"../../../Engine/Content/Functions/Engine_MaterialFunctions02/Texturing/ScreenAlignedUVs.uasset" 308
"../../../Engine/Content/Functions/Engine_MaterialFunctions02/Utility/MakeFloat2.uasset" 309
"../../../Engine/Content/Functions/Engine_MaterialFunctions02/Utility/MakeFloat3.uasset" 310
"../../../Engine/Content/EngineMaterials/MiniFont.uasset" 311
"../../../Engine/Content/BufferVisualization/CustomStencil.uasset" 312
"../../../Engine/Content/BufferVisualization/FinalImage.uasset" 313
"../../../Engine/Content/BufferVisualization/LightingModel.uasset" 314
"../../../Engine/Content/BufferVisualization/MaterialAO.uasset" 315
"../../../Engine/Content/BufferVisualization/Metallic.uasset" 316
"../../../Engine/Content/BufferVisualization/Opacity.uasset" 317
"../../../Engine/Content/BufferVisualization/PostTonemapHDRColor.uasset" 318
"../../../Engine/Content/BufferVisualization/PreTonemapHDRColor.uasset" 319
"../../../Engine/Content/BufferVisualization/Roughness.uasset" 320
"../../../Engine/Content/BufferVisualization/SceneColor.uasset" 321
"../../../Engine/Content/BufferVisualization/SceneDepth.uasset" 322
"../../../Engine/Content/BufferVisualization/SceneDepthWorldUnits.uasset" 323
"../../../Engine/Content/BufferVisualization/SeparateTranslucencyA.uasset" 324
"../../../Engine/Content/BufferVisualization/SeparateTranslucencyRGB.uasset" 325
"../../../Engine/Content/BufferVisualization/Specular.uasset" 326
"../../../Engine/Content/BufferVisualization/SubsurfaceColor.uasset" 327
"../../../Engine/Content/BufferVisualization/WorldNormal.uasset" 328
"../../../Engine/Content/EditorLandscapeResources/DataLayer.uasset" 329
"../../../Engine/Content/EditorLandscapeResources/DefaultAlphaTexture.uasset" 330
"../../../Engine/Content/EditorLandscapeResources/LandscapeGizmoHeight_Mat.uasset" 331
"../../../Engine/Content/EditorLandscapeResources/LandscapeGizmo_Mat.uasset" 332
"../../../Engine/Content/EditorLandscapeResources/LandscapeGizmo_Mat_Copied.uasset" 333
"../../../Engine/Content/EditorLandscapeResources/SplineEditorMeshMat.uasset" 334
"../../../Engine/Content/EditorLandscapeResources/SplineEditorMesh.uasset" 335
"../../../Engine/Content/EditorMaterials/Cross.uasset" 336
"../../../Engine/Content/EditorMaterials/Cross_Mat.uasset" 337
"../../../Engine/Content/EditorMaterials/GizmoMaterial.uasset" 338
"../../../Engine/Content/EditorResources/T_EditorHelp.uasset" 339
"../../../Engine/Content/EditorMaterials/HelpActorMaterial.uasset" 340
"../../../Engine/Content/EditorMaterials/CompositeARGBLayer.uasset" 341
"../../../Engine/Content/EditorMaterials/TilingAALineIntegral.uasset" 342
"../../../Engine/Content/EditorMaterials/TilingAALineBoxFiltered.uasset" 343
"../../../Engine/Content/Functions/Engine_MaterialFunctions03/Procedurals/ComputeFilterWidth.uasset" 344
"../../../Engine/Content/EditorMaterials/TilingAADots.uasset" 345
"../../../Engine/Content/EngineMaterials/BlendFunc_DefBase.uasset" 346
"../../../Engine/Content/EngineMaterials/BlendFunc_DefBlend.uasset" 347
"../../../Engine/Content/Functions/Engine_MaterialFunctions03/Blends/Blend_Screen.uasset" 348
"../../../Engine/Content/EditorMaterials/TilingAAGrid.uasset" 349
"../../../Engine/Content/EditorMaterials/LevelGridMaterial.uasset" 350
"../../../Engine/Content/EditorMaterials/MakeCompositeARGBLayer.uasset" 351
"../../../Engine/Content/EditorResources/LevelGrid1DStripes.uasset" 352
"../../../Engine/Content/EditorMaterials/TextureGridCascaded1D.uasset" 353
"../../../Engine/Content/EditorMaterials/TextureGridCascaded2D.uasset" 354
"../../../Engine/Content/EditorMaterials/LevelGridMaterial2.uasset" 355
"../../../Engine/Content/EditorMaterials/MAT_Groups_Toggle.uasset" 356
"../../../Engine/Content/EditorMaterials/MAT_Groups_Visibility.uasset" 357
"../../../Engine/Content/EditorMaterials/PhAT_BoneSelectedMaterial.uasset" 358
"../../../Engine/Content/EditorMaterials/PhAT_ElemSelectedMaterial.uasset" 359
"../../../Engine/Content/EditorMaterials/PhAT_NoCollisionMaterial.uasset" 360
"../../../Engine/Content/EditorMaterials/PhAT_UnselectedMaterial.uasset" 361
"../../../Engine/Content/EditorMaterials/PreviewShadowIndicator.uasset" 362
"../../../Engine/Content/EditorMaterials/PreviewShadowIndicatorMaterial.uasset" 363
"../../../Engine/Content/EditorMaterials/TargetIcon.uasset" 364
"../../../Engine/Content/EditorMaterials/Tick.uasset" 365
"../../../Engine/Content/EditorMaterials/Tick_Mat.uasset" 366
"../../../Engine/Content/EditorMaterials/WidgetGridVertexColorMaterial.uasset" 367
"../../../Engine/Content/EditorMaterials/WidgetGridVertexColorMaterial_Ma.uasset" 368
"../../../Engine/Content/EditorMaterials/WidgetMaterial.uasset" 369
"../../../Engine/Content/EditorMaterials/WidgetMaterial_Current.uasset" 370
"../../../Engine/Content/EditorMaterials/WidgetMaterial_X.uasset" 371
"../../../Engine/Content/EditorMaterials/WidgetMaterial_Y.uasset" 372
"../../../Engine/Content/EditorMaterials/WidgetMaterial_Z.uasset" 373
"../../../Engine/Content/EditorMaterials/WidgetVertexColorMaterial.uasset" 374
"../../../Engine/Content/EditorMaterials/MatineeGroups/MAT_ColorTrack.uasset" 375
"../../../Engine/Content/EditorMaterials/MatineeGroups/MAT_Groups_Anim.uasset" 376
"../../../Engine/Content/EditorMaterials/MatineeGroups/MAT_Groups_AudioMaster.uasset" 377
"../../../Engine/Content/EditorMaterials/MatineeGroups/MAT_Groups_Director.uasset" 378
"../../../Engine/Content/EditorMaterials/MatineeGroups/MAT_Groups_Event.uasset" 379
"../../../Engine/Content/EditorMaterials/MatineeGroups/MAT_Groups_Fade.uasset" 380
"../../Plugins/2D/Paper2D/Content/PlaceholderTextures/DummySpriteTexture.uasset" 381
"../../Plugins/2D/Paper2D/Content/DummySprite.uasset" 382
"../../Plugins/2D/Paper2D/Content/DefaultPaperTerrainMaterial.uasset" 383
"../../Plugins/2D/Paper2D/Content/DefaultSpriteMaterial.uasset" 384
"../../Plugins/2D/Paper2D/Content/MaskedUnlitSpriteMaterial.uasset" 385
"../../Plugins/2D/Paper2D/Content/OpaqueUnlitSpriteMaterial.uasset" 386
"../../Plugins/Runtime/Oculus/OculusVR/Content/Materials/PokeAHoleMaterial.uasset" 387
"../../Plugins/Runtime/Oculus/OculusVR/Content/Textures/GearVRController_AO.uasset" 388
"../../Plugins/Runtime/Oculus/OculusVR/Content/Textures/GearVRController_Color.uasset" 389
"../../Plugins/Runtime/Oculus/OculusVR/Content/Textures/GearVRController_Normal.uasset" 390
"../../Plugins/Runtime/Oculus/OculusVR/Content/Materials/GearVRControllerMaterial.uasset" 391
"../../Plugins/Runtime/Oculus/OculusVR/Content/Meshes/GearVrController.uasset" 392
"../../Plugins/Runtime/Oculus/OculusVR/Content/Textures/touchController_albedo.uasset" 393
"../../Plugins/Runtime/Oculus/OculusVR/Content/Textures/touchController_controlmap.uasset" 394
"../../Plugins/Runtime/Oculus/OculusVR/Content/Materials/touchController_mat.uasset" 395
"../../Plugins/Runtime/Oculus/OculusVR/Content/Meshes/LeftTouchController.uasset" 396
"../../Plugins/Runtime/Oculus/OculusVR/Content/Meshes/RiftHMD.uasset" 397
"../../Plugins/Runtime/Oculus/OculusVR/Content/Meshes/RightTouchController.uasset" 398
"../../../Engine/Content/Maps/Entry_BuiltData.uasset" 399
"../../../Engine/Content/Maps/Entry.umap" 400
"../../../Engine/Content/EngineSky/C_Sky_Cloud_Color.uasset" 401
"../../../Engine/Content/EngineSky/C_Sky_Horizon_Color.uasset" 402
"../../../Engine/Content/EngineSky/C_Sky_Zenith_Color.uasset" 403
"../../../Engine/Content/EngineSky/T_Sky_Blue.uasset" 404
"../../../Engine/Content/EngineSky/T_Sky_Clouds_M.uasset" 405
"../../../Engine/Content/EngineSky/T_Sky_Stars.uasset" 406
"../../../Engine/Content/EngineSky/M_Sky_Panning_Clouds2.uasset" 407
"../../../Engine/Content/EngineSky/SM_SkySphere.uasset" 408
"../../../Engine/Content/EngineSky/BP_Sky_Sphere.uasset" 409
"E:/REVISED/sharkteef2/MyProject/Content/FirstPersonBP/Blueprints/HUD/Difficulty.uasset" 410
"E:/REVISED/sharkteef2/MyProject/Content/FirstPersonBP/Blueprints/HUD/MainMenu.uasset" 411
"E:/REVISED/sharkteef2/MyProject/Content/FirstPersonBP/Blueprints/hud.uasset" 412
"../../../Engine/Content/BasicShapes/BasicShapeMaterial.uasset" 413
"../../../Engine/Content/BasicShapes/Cube.uasset" 414
"E:/REVISED/sharkteef2/MyProject/Content/FirstPersonBP/Maps/Menu.umap" 415
