Log file open, 04/01/19 20:50:31
LogWindows: Failed to load 'aqProf.dll' (GetLastError=126)
LogWindows: File 'aqProf.dll' does not exist
LogWindows: Failed to load 'VtuneApi.dll' (GetLastError=126)
LogWindows: File 'VtuneApi.dll' does not exist
LogWindows: Failed to load 'VtuneApi32e.dll' (GetLastError=126)
LogWindows: File 'VtuneApi32e.dll' does not exist
LogInit: Display: Running engine for game: MyProject
LogPlatformFile: Not using cached read wrapper
LogTaskGraph: Started task graph with 5 named threads and 83 total threads with 3 sets of task threads.
LogStats: Stats thread started at 0.892084
LogD3D11RHI: Loaded GFSDK_Aftermath_Lib.x64.dll
LogICUInternationalization: Display: ICU TimeZone Detection - Raw Offset: -5:00, Platform Override: ''
LogPluginManager: Mounting plugin Paper2D
LogPluginManager: Mounting plugin AISupport
LogPluginManager: Mounting plugin LightPropagationVolume
LogPluginManager: Mounting plugin CLionSourceCodeAccess
LogPluginManager: Mounting plugin CodeLiteSourceCodeAccess
LogPluginManager: Mounting plugin GitSourceControl
LogPluginManager: Mounting plugin KDevelopSourceCodeAccess
LogPluginManager: Mounting plugin NullSourceCodeAccess
LogPluginManager: Mounting plugin PerforceSourceControl
LogPluginManager: Mounting plugin SubversionSourceControl
LogPluginManager: Mounting plugin UObjectPlugin
LogPluginManager: Mounting plugin VisualStudioCodeSourceCodeAccess
LogPluginManager: Mounting plugin VisualStudioSourceCodeAccess
LogPluginManager: Mounting plugin XCodeSourceCodeAccess
LogPluginManager: Mounting plugin AssetManagerEditor
LogPluginManager: Mounting plugin CryptoKeys
LogPluginManager: Mounting plugin DataValidation
LogPluginManager: Mounting plugin FacialAnimation
LogPluginManager: Mounting plugin GameplayTagsEditor
LogPluginManager: Mounting plugin MacGraphicsSwitching
LogPluginManager: Mounting plugin MeshEditor
LogPluginManager: Mounting plugin MobileLauncherProfileWizard
LogPluginManager: Mounting plugin PluginBrowser
LogPluginManager: Mounting plugin SpeedTreeImporter
LogPluginManager: Mounting plugin DatasmithContent
LogPluginManager: Mounting plugin AlembicImporter
LogPluginManager: Mounting plugin AppleImageUtils
LogPluginManager: Mounting plugin AppleVision
LogPluginManager: Mounting plugin BackChannel
LogPluginManager: Mounting plugin CharacterAI
LogPluginManager: Mounting plugin GeometryCache
LogPluginManager: Mounting plugin HTML5Networking
LogPluginManager: Mounting plugin OSVR
LogPluginManager: Mounting plugin ProxyLODPlugin
LogPluginManager: Mounting plugin MagicLeap
LogPluginManager: Mounting plugin MagicLeapEmulator
LogPluginManager: Mounting plugin MagicLeapMedia
LogPluginManager: Mounting plugin DonAINavigation
LogPluginManager: Mounting plugin AndroidMedia
LogPluginManager: Mounting plugin AvfMedia
LogPluginManager: Mounting plugin ImgMedia
LogPluginManager: Mounting plugin LinearTimecode
LogPluginManager: Mounting plugin MediaCompositing
LogPluginManager: Mounting plugin MediaPlayerEditor
LogPluginManager: Mounting plugin WmfMedia
LogPluginManager: Mounting plugin TcpMessaging
LogPluginManager: Mounting plugin UdpMessaging
LogPluginManager: Mounting plugin ActorSequence
LogPluginManager: Mounting plugin LevelSequenceEditor
LogPluginManager: Mounting plugin MatineeToLevelSequence
LogPluginManager: Mounting plugin NetcodeUnitTest
LogPluginManager: Mounting plugin NUTUnrealEngine4
LogPluginManager: Mounting plugin OnlineSubsystemGooglePlay
LogPluginManager: Mounting plugin OnlineSubsystemIOS
LogPluginManager: Mounting plugin OnlineSubsystem
LogPluginManager: Mounting plugin OnlineSubsystemNull
LogPluginManager: Mounting plugin OnlineSubsystemUtils
LogPluginManager: Mounting plugin LauncherChunkInstaller
LogPluginManager: Mounting plugin AndroidDeviceProfileSelector
LogPluginManager: Mounting plugin AndroidMoviePlayer
LogPluginManager: Mounting plugin AndroidPermission
LogPluginManager: Mounting plugin AppleMoviePlayer
LogPluginManager: Mounting plugin ArchVisCharacter
LogPluginManager: Mounting plugin AudioCapture
LogPluginManager: Mounting plugin CableComponent
LogPluginManager: Mounting plugin CustomMeshComponent
LogPluginManager: Mounting plugin EditableMesh
LogPluginManager: Mounting plugin ExampleDeviceProfileSelector
LogPluginManager: Mounting plugin GoogleCloudMessaging
LogPluginManager: Mounting plugin ImmediatePhysics
LogPluginManager: Mounting plugin IOSDeviceProfileSelector
LogPluginManager: Mounting plugin LinuxDeviceProfileSelector
LogPluginManager: Mounting plugin LocationServicesBPLibrary
LogPluginManager: Mounting plugin MobilePatchingUtils
LogPluginManager: Mounting plugin OculusVR
LogPluginManager: Plugin shader directory ../../../Engine/Plugins/Runtime/Oculus/OculusVR/Shaders found
LogPluginManager: Mapping shader source directory ../../../Engine/Plugins/Runtime/Oculus/OculusVR/Shaders to virtual directory /Plugin/OculusVR
LogPluginManager: Mounting plugin PhysXVehicles
LogPluginManager: Mounting plugin ProceduralMeshComponent
LogPluginManager: Mounting plugin RuntimePhysXCooking
LogPluginManager: Mounting plugin SteamVR
LogPluginManager: Mounting plugin WindowsMoviePlayer
LogStreaming: Display: Took  0.221s to configure plugins.
LogInit: Using libcurl 7.55.1-DEV
LogInit:  - built for x86_64-pc-win32
LogInit:  - supports SSL with OpenSSL/1.0.2h
LogInit:  - supports HTTP deflate (compression) using libz 1.2.8
LogInit:  - other features:
LogInit:      CURL_VERSION_SSL
LogInit:      CURL_VERSION_LIBZ
LogInit:      CURL_VERSION_IPV6
LogInit:      CURL_VERSION_ASYNCHDNS
LogInit:      CURL_VERSION_LARGEFILE
LogInit:      CURL_VERSION_IDN
LogInit:  CurlRequestOptions (configurable via config and command line):
LogInit:  - bVerifyPeer = false  - Libcurl will NOT verify peer certificate
LogInit:  - bUseHttpProxy = false  - Libcurl will NOT use HTTP proxy
LogInit:  - bDontReuseConnections = false  - Libcurl will reuse connections
LogInit:  - CertBundlePath = nullptr  - Libcurl will use whatever was configured at build time.
LogInit:  - MaxHostConnections = 16  - Libcurl will limit the number of connections to a host
LogInit:  - LocalHostAddr = Default
LogInit:  - BufferSize = 65536
LogInit: WinSock: version 1.1 (2.2), MaxSocks=32767, MaxUdp=65467
LogInit: Build: ++UE4+Release-4.20-CL-4302132
LogInit: Engine Version: 4.20.2-4302132+++UE4+Release-4.20
LogInit: Compatible Engine Version: 4.20.0-4212847+++UE4+Release-4.20
LogInit: Net CL: 4212847
LogInit: OS: Windows 7 (Service Pack 1), CPU: Intel(R) Xeon(R) CPU E5-2640 v3 @ 2.60GHz, GPU: NVIDIA Quadro K2200
LogInit: Compiled (64-bit): Aug 21 2018 02:06:06
LogInit: Compiled with Visual C++: 19.13.26129.00
LogInit: Build Configuration: Development
LogInit: Branch Name: ++UE4+Release-4.20
LogInit: Command Line: -EpicPortal  -epicusername="Ming Li1" -epicuserid=09e024644b7d49ccaabb13f13523cfab -epiclocale=en-US
LogInit: Base Directory: Q:/Ming/UE_4.20/Engine/Binaries/Win64/
LogInit: Installed Engine Build: 1
LogDevObjectVersion: Number of dev versions registered: 20
LogDevObjectVersion:   Dev-Blueprints (B0D832E4-1F89-4F0D-ACCF-7EB736FD4AA2): 10
LogDevObjectVersion:   Dev-Build (E1C64328-A22C-4D53-A36C-8E866417BD8C): 0
LogDevObjectVersion:   Dev-Core (375EC13C-06E4-48FB-B500-84F0262A717E): 2
LogDevObjectVersion:   Dev-Editor (E4B068ED-F494-42E9-A231-DA0B2E46BB41): 24
LogDevObjectVersion:   Dev-Framework (CFFC743F-43B0-4480-9391-14DF171D2073): 34
LogDevObjectVersion:   Dev-Mobile (B02B49B5-BB20-44E9-A304-32B752E40360): 2
LogDevObjectVersion:   Dev-Networking (A4E4105C-59A1-49B5-A7C5-40C4547EDFEE): 0
LogDevObjectVersion:   Dev-Online (39C831C9-5AE6-47DC-9A44-9C173E1C8E7C): 0
LogDevObjectVersion:   Dev-Physics (78F01B33-EBEA-4F98-B9B4-84EACCB95AA2): 0
LogDevObjectVersion:   Dev-Platform (6631380F-2D4D-43E0-8009-CF276956A95A): 0
LogDevObjectVersion:   Dev-Rendering (12F88B9F-8875-4AFC-A67C-D90C383ABD29): 26
LogDevObjectVersion:   Dev-Sequencer (7B5AE74C-D270-4C10-A958-57980B212A5A): 9
LogDevObjectVersion:   Dev-VR (D7296918-1DD6-4BDD-9DE2-64A83CC13884): 2
LogDevObjectVersion:   Dev-LoadTimes (C2A15278-BFE7-4AFE-6C17-90FF531DF755): 1
LogDevObjectVersion:   Private-Geometry (6EACA3D4-40EC-4CC1-B786-8BED09428FC5): 3
LogDevObjectVersion:   Dev-AnimPhys (29E575DD-E0A3-4627-9D10-D276232CDCEA): 17
LogDevObjectVersion:   Dev-ReflectionCapture (6B266CEC-1EC7-4B8F-A30B-E4D90942FC07): 1
LogDevObjectVersion:   Dev-Automation (0DF73D61-A23F-47EA-B727-89E90C41499A): 1
LogDevObjectVersion:   FortniteMain (601D1886-AC64-4F84-AA16-D3DE0DEAC7D6): 12
LogDevObjectVersion:   Dev-Enterprise (9DFFBCD6-494F-0158-E221-12823C92A888): 1
LogStreaming: Display: Took  0.001s to delete old logs.
LogInit: Presizing for max 8388607 objects, including 0 objects not considered by GC, pre-allocating 0 bytes for permanent pool.
LogInit: Object subsystem initialized
[2019.04.02-00.50.32:402][  0]LogInit: Selected Device Profile: [Windows]
[2019.04.02-00.50.32:402][  0]LogInit: Applying CVar settings loaded from the selected device profile: [Windows]
[2019.04.02-00.50.32:435][  0]LogHAL: Display: Platform has ~ 32 GB [34262687744 / 34359738368 / 32], which maps to Largest [LargestMinGB=32, LargerMinGB=12, DefaultMinGB=8, SmallerMinGB=6, SmallestMinGB=0)
[2019.04.02-00.50.32:435][  0]LogInit: Setting Device Profile CVar: [[r.Vulkan.UseRealUBs:1]]
[2019.04.02-00.50.32:435][  0]LogInit: Going up to parent DeviceProfile []
[2019.04.02-00.50.32:435][  0]LogInit: Computer: A-C613-W08
[2019.04.02-00.50.32:435][  0]LogInit: User: MINGLI1
[2019.04.02-00.50.32:435][  0]LogInit: CPU Page size=4096, Cores=16
[2019.04.02-00.50.32:435][  0]LogInit: High frequency timer resolution =2.533251 MHz
[2019.04.02-00.50.32:436][  0]LogMemory: Memory total: Physical=31.9GB (32GB approx)
[2019.04.02-00.50.32:436][  0]LogMemory: Platform Memory Stats for Windows
[2019.04.02-00.50.32:436][  0]LogMemory: Process Physical Memory: 121.02 MB used, 121.02 MB peak
[2019.04.02-00.50.32:436][  0]LogMemory: Process Virtual Memory: 119.43 MB used, 119.43 MB peak
[2019.04.02-00.50.32:436][  0]LogMemory: Physical Memory: 11482.48 MB used,  21192.97 MB free, 32675.45 MB total
[2019.04.02-00.50.32:436][  0]LogMemory: Virtual Memory: 600.45 MB used,  21192.97 MB free, 8388608.00 MB total
[2019.04.02-00.50.32:492][  0]LogInit: Using OS detected language (en-US).
[2019.04.02-00.50.32:492][  0]LogInit: Using OS detected locale (en-US).
[2019.04.02-00.50.32:493][  0]LogTextLocalizationManager: No specific localization for 'en-US' exists, so the 'en' localization will be used.
[2019.04.02-00.50.33:070][  0]LogStreaming: Display: Took  0.578s to InitEngineTextLocalization.
[2019.04.02-00.50.33:071][  0]LogWindows: Failed to load 'shcore.dll' (GetLastError=126)
[2019.04.02-00.50.33:071][  0]LogWindows: File 'shcore.dll' does not exist
[2019.04.02-00.50.33:071][  0]LogInit: Setting process to DPI aware
[2019.04.02-00.50.33:170][  0]LogSlate: New Slate User Created.  User Index 0, Is Virtual User: 0
[2019.04.02-00.50.33:170][  0]LogSlate: Slate User Registered.  User Index 0, Is Virtual User: 0
[2019.04.02-00.50.33:712][  0]LogHMD: Failed to initialize OpenVR with code 110
[2019.04.02-00.50.33:712][  0]LogD3D11RHI: D3D11 adapters:
[2019.04.02-00.50.33:765][  0]LogD3D11RHI:    0. 'NVIDIA Quadro K2200' (Feature Level 11_0)
[2019.04.02-00.50.33:765][  0]LogD3D11RHI:       4034/0/16081 MB DedicatedVideo/DedicatedSystem/SharedSystem, Outputs:1, VendorId:0x10de
[2019.04.02-00.50.33:765][  0]LogD3D11RHI: Chosen D3D11 Adapter: 0
[2019.04.02-00.50.33:779][  0]LogD3D11RHI: Creating new Direct3DDevice
[2019.04.02-00.50.33:779][  0]LogD3D11RHI:     GPU DeviceId: 0x13ba (for the marketing name, search the web for "GPU Device Id")
[2019.04.02-00.50.33:779][  0]LogWindows: EnumDisplayDevices:
[2019.04.02-00.50.33:779][  0]LogWindows:    0. 'NVIDIA Quadro K2200' (P:1 D:1)
[2019.04.02-00.50.33:779][  0]LogWindows:    1. 'NVIDIA Quadro K2200' (P:0 D:0)
[2019.04.02-00.50.33:780][  0]LogWindows:    2. 'NVIDIA Quadro K2200' (P:0 D:0)
[2019.04.02-00.50.33:780][  0]LogWindows:    3. 'NVIDIA Quadro K2200' (P:0 D:0)
[2019.04.02-00.50.33:780][  0]LogWindows:    4. 'RDPDD Chained DD' (P:0 D:0)
[2019.04.02-00.50.33:781][  0]LogWindows:    5. 'RDP Encoder Mirror Driver' (P:0 D:0)
[2019.04.02-00.50.33:781][  0]LogWindows:    6. 'RDP Reflector Display Driver' (P:0 D:0)
[2019.04.02-00.50.33:781][  0]LogWindows: DebugString: GetVideoDriverDetailsInvalid PrimaryIsNotTheChoosenAdapter GetVideoDriverDetailsInvalid PrimaryIsNotTheChoosenAdapter GetVideoDriverDetailsInvalid PrimaryIsNotTheChoosenAdapter FoundDriverCount:4 
[2019.04.02-00.50.33:781][  0]LogD3D11RHI:     Adapter Name: NVIDIA Quadro K2200
[2019.04.02-00.50.33:781][  0]LogD3D11RHI:   Driver Version: 385.69 (internal:22.21.13.8569, unified:385.69)
[2019.04.02-00.50.33:781][  0]LogD3D11RHI:      Driver Date: 9-16-2017
[2019.04.02-00.50.33:781][  0]LogRHI: Texture pool is 2824 MB (70% of 4034 MB)
[2019.04.02-00.50.33:804][  0]LogD3D11RHI: Async texture creation enabled
[2019.04.02-00.50.33:822][  0]LogD3D11RHI: GPU Timing Frequency: 1000.000000 (Debug: 2 2)
[2019.04.02-00.50.33:825][  0]LogShaderCompilers: Guid format shader working directory is 8 characters bigger than the processId version (../../../../Bullet-Shark/BulletShark_1/MyProject/Intermediate/Shaders/WorkingDirectory/10192/).
[2019.04.02-00.50.33:826][  0]LogShaderCompilers: Cleaned the shader compiler working directory 'C:/Users/MING_LI1.FITSUNY/AppData/Local/Temp/UnrealShaderWorkingDir/86FDC5164BF919EAE55F3FA18DC0F9FE/'.
[2019.04.02-00.50.34:590][  0]LogTemp: Display: Loaded TP AllDesktopTargetPlatform
[2019.04.02-00.50.34:613][  0]LogTemp: Display: Loaded TP MacClientTargetPlatform
[2019.04.02-00.50.34:634][  0]LogTemp: Display: Loaded TP MacNoEditorTargetPlatform
[2019.04.02-00.50.34:655][  0]LogTemp: Display: Loaded TP MacServerTargetPlatform
[2019.04.02-00.50.34:676][  0]LogTemp: Display: Loaded TP MacTargetPlatform
[2019.04.02-00.50.34:696][  0]LogTemp: Display: Loaded TP WindowsClientTargetPlatform
[2019.04.02-00.50.34:717][  0]LogTemp: Display: Loaded TP WindowsNoEditorTargetPlatform
[2019.04.02-00.50.34:738][  0]LogTemp: Display: Loaded TP WindowsServerTargetPlatform
[2019.04.02-00.50.34:747][  0]LogTemp: Display: Loaded TP WindowsTargetPlatform
[2019.04.02-00.50.34:913][  0]LogTemp: Display: Loaded TP AndroidTargetPlatform
[2019.04.02-00.50.34:913][  0]LogTemp: Display: Loaded TP AndroidTargetPlatform
[2019.04.02-00.50.34:913][  0]LogTemp: Display: Loaded TP AndroidTargetPlatform
[2019.04.02-00.50.34:913][  0]LogTemp: Display: Loaded TP AndroidTargetPlatform
[2019.04.02-00.50.34:913][  0]LogTemp: Display: Loaded TP AndroidTargetPlatform
[2019.04.02-00.50.34:913][  0]LogTemp: Display: Loaded TP AndroidTargetPlatform
[2019.04.02-00.50.34:913][  0]LogTemp: Display: Loaded TP AndroidTargetPlatform
[2019.04.02-00.50.34:913][  0]LogTemp: Display: Loaded TP AndroidTargetPlatform
[2019.04.02-00.50.34:913][  0]LogTemp: Display: Loaded TP AndroidTargetPlatform
[2019.04.02-00.50.34:913][  0]LogTemp: Display: Loaded TP AndroidTargetPlatform
[2019.04.02-00.50.34:913][  0]LogTemp: Display: Loaded TP AndroidTargetPlatform
[2019.04.02-00.50.34:913][  0]LogTemp: Display: Loaded TP AndroidTargetPlatform
[2019.04.02-00.50.34:913][  0]LogTemp: Display: Loaded TP AndroidTargetPlatform
[2019.04.02-00.50.34:913][  0]LogTemp: Display: Loaded TP AndroidTargetPlatform
[2019.04.02-00.50.34:913][  0]LogTemp: Display: Loaded TP AndroidTargetPlatform
[2019.04.02-00.50.34:913][  0]LogTemp: Display: Loaded TP AndroidTargetPlatform
[2019.04.02-00.50.34:913][  0]LogTemp: Display: Loaded TP AndroidTargetPlatform
[2019.04.02-00.50.34:913][  0]LogTemp: Display: Loaded TP AndroidTargetPlatform
[2019.04.02-00.50.34:916][  0]LogTemp: Display: Loaded TP HTML5TargetPlatform
[2019.04.02-00.50.35:010][  0]LogTemp: Display: Loaded TP IOSTargetPlatform
[2019.04.02-00.50.35:010][  0]LogTemp: Display: Loaded TP IOSTargetPlatform
[2019.04.02-00.50.35:050][  0]LogTemp: Display: Loaded TP TVOSTargetPlatform
[2019.04.02-00.50.35:050][  0]LogTemp: Display: Loaded TP TVOSTargetPlatform
[2019.04.02-00.50.35:071][  0]LogTemp: Display: Loaded TP LinuxClientTargetPlatform
[2019.04.02-00.50.35:091][  0]LogTemp: Display: Loaded TP LinuxNoEditorTargetPlatform
[2019.04.02-00.50.35:112][  0]LogTemp: Display: Loaded TP LinuxServerTargetPlatform
[2019.04.02-00.50.35:132][  0]LogTemp: Display: Loaded TP LinuxTargetPlatform
[2019.04.02-00.50.35:146][  0]LogTemp: Display: Loaded TP LuminTargetPlatform
[2019.04.02-00.50.35:146][  0]LogTargetPlatformManager: Display: Building Assets For Windows
[2019.04.02-00.50.35:213][  0]LogXGEController: Cannot use XGE Controller as Incredibuild is not installed on this machine.
[2019.04.02-00.50.35:213][  0]LogShaderCompilers: Cannot use XGE Shader Compiler as Incredibuild is not installed on this machine.
[2019.04.02-00.50.35:213][  0]LogShaderCompilers: Display: Using Local Shader Compiler.
[2019.04.02-00.50.36:435][  0]LogDerivedDataCache: Display: Max Cache Size: 512 MB
[2019.04.02-00.50.36:605][  0]LogDerivedDataCache: Loaded boot cache 0.17s 71MB C:/Users/MING_LI1.FITSUNY/AppData/Local/UnrealEngine/4.20/DerivedDataCache/Boot.ddc.
[2019.04.02-00.50.36:606][  0]LogDerivedDataCache: Display: Loaded Boot cache: C:/Users/MING_LI1.FITSUNY/AppData/Local/UnrealEngine/4.20/DerivedDataCache/Boot.ddc
[2019.04.02-00.50.36:606][  0]LogDerivedDataCache: FDerivedDataBackendGraph:  Pak pak cache file ../../../../Bullet-Shark/BulletShark_1/MyProject/DerivedDataCache/DDC.ddp not found, will not use a pak cache.
[2019.04.02-00.50.36:606][  0]LogDerivedDataCache: Unable to find inner node Pak for hierarchical cache Hierarchy.
[2019.04.02-00.50.36:606][  0]LogDerivedDataCache: FDerivedDataBackendGraph:  CompressedPak pak cache file ../../../../Bullet-Shark/BulletShark_1/MyProject/DerivedDataCache/Compressed.ddp not found, will not use a pak cache.
[2019.04.02-00.50.36:606][  0]LogDerivedDataCache: Unable to find inner node CompressedPak for hierarchical cache Hierarchy.
[2019.04.02-00.50.36:625][  0]LogDerivedDataCache: Display: Pak cache opened for reading ../../../Engine/DerivedDataCache/Compressed.ddp.
[2019.04.02-00.50.36:640][  0]LogDerivedDataCache: Using Local data cache path C:/Users/MING_LI1.FITSUNY/AppData/Local/UnrealEngine/Common/DerivedDataCache: Writable
[2019.04.02-00.50.36:640][  0]LogDerivedDataCache: Shared data cache path not found in *engine.ini, will not use an Shared cache.
[2019.04.02-00.50.36:640][  0]LogDerivedDataCache: Unable to find inner node Shared for hierarchical cache Hierarchy.
[2019.04.02-00.50.36:691][  0]LogMaterial: Verifying Global Shaders for PCD3D_SM5
[2019.04.02-00.50.36:693][  0]LogSlate: Using FreeType 2.6.0
[2019.04.02-00.50.36:695][  0]LogSlate: SlateFontServices - WITH_FREETYPE: 1, WITH_HARFBUZZ: 1
[2019.04.02-00.50.36:828][  0]LogAssetRegistry: FAssetRegistry took 0.0276 seconds to start up
[2019.04.02-00.50.37:333][  0]LogInit: Selected Device Profile: [Windows]
[2019.04.02-00.50.37:534][  0]LogSimplygon: Simplygon DLL not present - disabling.
[2019.04.02-00.50.37:538][  0]LogMeshReduction: Using SimplygonSwarm for distributed automatic mesh merging
[2019.04.02-00.50.37:538][  0]LogMeshReduction: Using ProxyLODMeshReduction for automatic mesh merging
[2019.04.02-00.50.37:538][  0]LogMeshReduction: Using QuadricMeshReduction for automatic static mesh reduction
[2019.04.02-00.50.37:538][  0]LogMeshReduction: No automatic skeletal mesh reduction module available
[2019.04.02-00.50.37:573][  0]LogNetVersion: MyProject 1.0.0, NetCL: 4212847, EngineNetVer: 5, GameNetVer: 0 (Checksum: 1110078900)
[2019.04.02-00.50.38:626][  0]LogPackageLocalizationCache: Processed 12 localized package path(s) for 2 prioritized culture(s) in 0.164847 seconds
[2019.04.02-00.50.38:633][  0]LogUObjectArray: 38426 objects as part of root set at end of initial load.
[2019.04.02-00.50.38:633][  0]LogUObjectAllocator: 6691096 out of 0 bytes used by permanent object pool.
[2019.04.02-00.50.38:633][  0]LogUObjectArray: CloseDisregardForGC: 0/0 objects in disregard for GC pool
[2019.04.02-00.50.40:323][  0]LogWindows: Failed to load '../../../Engine/Binaries/ThirdParty/OSVRClientKit/bin/Win64/osvrRenderManager.dll' (GetLastError=127)
[2019.04.02-00.50.40:323][  0]OSVRLog: Warning: FAILED to load ../../../Engine/Binaries/ThirdParty/OSVRClientKit/bin/Win64/osvrRenderManager.dll
[2019.04.02-00.50.51:584][  0]OSVREntryPointLog: Display: OSVR client context could not connect. Most likely the server isn't running. Treating this as if the HMD is not connected.
[2019.04.02-00.50.51:608][  0]LogTcpMessaging: Initializing TcpMessaging bridge
[2019.04.02-00.50.51:621][  0]LogUdpMessaging: Initializing bridge on interface 0.0.0.0:0 to multicast group 230.0.0.1:6666.
[2019.04.02-00.50.51:837][  0]SourceControl: Source control is disabled
[2019.04.02-00.50.51:837][  0]SourceControl: Source control is disabled
[2019.04.02-00.50.51:839][  0]SourceControl: Source control is disabled
[2019.04.02-00.50.51:840][  0]SourceControl: Source control is disabled
[2019.04.02-00.50.52:029][  0]LogAndroidPermission: UAndroidPermissionCallbackProxy::GetInstance
[2019.04.02-00.50.52:187][  0]LogOcInput: OculusInput pre-init called
[2019.04.02-00.50.52:315][  0]LogEngine: Initializing Engine...
[2019.04.02-00.50.52:317][  0]LogHMD: Failed to initialize OpenVR with code 110
[2019.04.02-00.50.52:321][  0]LogStats: UGameplayTagsManager::ConstructGameplayTagTree: ImportINI prefixes -  0.000 s
[2019.04.02-00.50.52:321][  0]LogStats: UGameplayTagsManager::ConstructGameplayTagTree: Construct from data asset -  0.000 s
[2019.04.02-00.50.52:322][  0]LogStats: UGameplayTagsManager::ConstructGameplayTagTree: ImportINI -  0.000 s
[2019.04.02-00.50.52:322][  0]LogStats: UGameplayTagsManager::ConstructGameplayTagTree: GameplayTagTreeChangedEvent.Broadcast -  0.000 s
[2019.04.02-00.50.52:905][  0]LogInit: Initializing FReadOnlyCVARCache
[2019.04.02-00.50.52:923][  0]LogAIModule: Creating AISystem for world Untitled
[2019.04.02-00.50.52:952][  0]LogInit: XAudio2 using 'Speakers (High Definition Audio Device)' : 2 channels at 44.1 kHz using 16 bits per sample (channel mask 0x3)
[2019.04.02-00.50.53:015][  0]LogInit: FAudioDevice initialized.
[2019.04.02-00.50.53:015][  0]LogNetVersion: Set ProjectVersion to 1.0.0.0. Version Checksum will be recalculated on next use.
[2019.04.02-00.50.53:198][  0]LogDerivedDataCache: Saved boot cache 0.18s 71MB C:/Users/MING_LI1.FITSUNY/AppData/Local/UnrealEngine/4.20/DerivedDataCache/Boot.ddc.
[2019.04.02-00.50.53:217][  0]LogInit: Texture streaming: Enabled
[2019.04.02-00.50.53:250][  0]LogEngineSessionManager: EngineSessionManager initialized
[2019.04.02-00.50.53:288][  0]LogInit: Transaction tracking system initialized
[2019.04.02-00.50.53:334][  0]BlueprintLog: New page: Editor Load
[2019.04.02-00.50.53:453][  0]LocalizationService: Localization service is disabled
[2019.04.02-00.50.53:956][  0]LogCook: Display: Max memory allowance for cook 16384mb min free memory 0mb
[2019.04.02-00.50.53:956][  0]LogCook: Display: Mobile HDR setting 1
[2019.04.02-00.50.53:957][  0]LogGameplayTags: Display: UGameplayTagsManager::DoneAddingNativeTags. DelegateIsBound: 0
[2019.04.02-00.50.53:957][  0]LogStats: UGameplayTagsManager::ConstructGameplayTagTree: ImportINI prefixes -  0.000 s
[2019.04.02-00.50.53:957][  0]LogStats: UGameplayTagsManager::ConstructGameplayTagTree: Construct from data asset -  0.000 s
[2019.04.02-00.50.53:957][  0]LogStats: UGameplayTagsManager::ConstructGameplayTagTree: ImportINI -  0.000 s
[2019.04.02-00.50.53:957][  0]LogStats: UGameplayTagsManager::ConstructGameplayTagTree: GameplayTagTreeChangedEvent.Broadcast -  0.000 s
[2019.04.02-00.50.54:116][  0]LogFileCache: Scanning file cache for directory 'Q:/Ming/Bullet-Shark/BulletShark_1/MyProject/Content/' took 0.03s
[2019.04.02-00.50.54:116][  0]SourceControl: Source control is disabled
[2019.04.02-00.50.54:207][  0]LogSlate: Took 0.000562 seconds to synchronously load lazily loaded font '../../../Engine/Content/Slate/Fonts/Roboto-Regular.ttf' (155K)
[2019.04.02-00.51.02:711][  0]LogSlate: Window 'Restore Packages' being destroyed
[2019.04.02-00.51.05:125][  0]LogSlate: Window 'Unable to Check Out From Source Control!' being destroyed
[2019.04.02-00.51.05:140][  0]Cmd: MAP LOAD FILE="../../../../Bullet-Shark/BulletShark_1/MyProject/Content/FirstPersonBP/Maps/Menu.umap" TEMPLATE=0 SHOWPROGRESS=1 FEATURELEVEL=3
[2019.04.02-00.51.05:141][  0]LightingResults: New page: Lighting Build
[2019.04.02-00.51.05:147][  0]MapCheck: New page: Map Check
[2019.04.02-00.51.05:147][  0]LightingResults: New page: Lighting Build
[2019.04.02-00.51.06:188][  0]LogMaterial: Display: Missing cached shader map for material M_UE4Man_Body, compiling. 
[2019.04.02-00.51.06:192][  0]LogMaterial: Warning: Q:\Ming\Bullet-Shark\BulletShark_1\MyProject\Content\FirstPerson\Character\Materials\M_UE4Man_Body.uasset: Failed to compile Material for platform PCD3D_SM5, Default Material will be used in game.
[2019.04.02-00.51.06:192][  0]LogMaterial: 	(Node TextureSampleParameter2D) Param2D> Requires Texture2D
[2019.04.02-00.51.06:192][  0]LogMaterial: 	Function MatLayerBlend_NormalBlend: (Node MakeMaterialAttributes) Error on property Normal
[2019.04.02-00.51.06:192][  0]LogMaterial: 	(Node TextureSample) Texture Sample> Missing input texture
[2019.04.02-00.51.06:192][  0]LogMaterial: 	Function MatLayerBlend_Simple: (Node MakeMaterialAttributes) Error on property EmissiveColor
[2019.04.02-00.51.06:192][  0]LogMaterial: 	Function MatLayerBlend_Simple: (Node MakeMaterialAttributes) Error on property BaseColor
[2019.04.02-00.51.06:192][  0]LogMaterial: 	Function MatLayerBlend_Simple: (Node MakeMaterialAttributes) Error on property Metallic
[2019.04.02-00.51.06:192][  0]LogMaterial: 	Function MatLayerBlend_Simple: (Node MakeMaterialAttributes) Error on property Roughness
[2019.04.02-00.51.06:214][  0]LogAIModule: Creating AISystem for world Menu
[2019.04.02-00.51.06:232][  0]LogEditorServer: Finished looking for orphan Actors (0.000 secs)
[2019.04.02-00.51.06:357][  0]Cmd: MAP CHECKDEP NOCLEARLOG
[2019.04.02-00.51.06:435][  0]MapCheck: Map check complete: 0 Error(s), 0 Warning(s), took 77.276ms to complete.
[2019.04.02-00.51.06:435][  0]LogFileHelpers: Loading map 'Menu' took 1.295
[2019.04.02-00.51.06:479][  0]LogSlate: Updating window title bar state: overlay mode, drag disabled, window buttons hidden, title bar hidden
[2019.04.02-00.51.06:487][  0]LogSlate: Updating window title bar state: overlay mode, drag disabled, window buttons hidden, title bar hidden
[2019.04.02-00.51.06:496][  0]LogSlate: Updating window title bar state: overlay mode, drag disabled, window buttons hidden, title bar hidden
[2019.04.02-00.51.06:504][  0]LogSlate: Updating window title bar state: overlay mode, drag disabled, window buttons hidden, title bar hidden
[2019.04.02-00.51.06:511][  0]LogCollectionManager: Loaded 0 collections in 0.001226 seconds
[2019.04.02-00.51.06:551][  0]LogFileCache: Scanning file cache for directory 'Q:/Ming/Bullet-Shark/BulletShark_1/MyProject/Saved/Collections/' took 0.01s
[2019.04.02-00.51.06:551][  0]LogFileCache: Scanning file cache for directory 'Q:/Ming/Bullet-Shark/BulletShark_1/MyProject/Content/Developers/MINGLI1/Collections/' took 0.01s
[2019.04.02-00.51.06:551][  0]LogFileCache: Scanning file cache for directory 'Q:/Ming/Bullet-Shark/BulletShark_1/MyProject/Content/Collections/' took 0.01s
[2019.04.02-00.51.06:551][  0]LogCollectionManager: Rebuilt the GUID cache for 0 collections in 0.000000 seconds
[2019.04.02-00.51.06:562][  0]LogContentBrowser: Native class hierarchy populated in 0.0109 seconds. Added 2578 classes and 609 folders.
[2019.04.02-00.51.06:568][  0]LogContentBrowser: Native class hierarchy updated for 'WidgetCarousel' in 0.0002 seconds. Added 0 classes and 0 folders.
[2019.04.02-00.51.06:625][  0]LogContentBrowser: Native class hierarchy updated for 'AddContentDialog' in 0.0007 seconds. Added 0 classes and 0 folders.
[2019.04.02-00.51.06:635][  0]LogContentBrowser: Native class hierarchy updated for 'SceneOutliner' in 0.0006 seconds. Added 1 classes and 2 folders.
[2019.04.02-00.51.06:654][  0]LogSlate: Took 0.000298 seconds to synchronously load lazily loaded font '../../../Engine/Content/Slate/Fonts/Roboto-Bold.ttf' (160K)
[2019.04.02-00.51.06:659][  0]LogSlate: Took 0.000236 seconds to synchronously load lazily loaded font '../../../Engine/Content/Editor/Slate/Fonts/FontAwesome.ttf' (139K)
[2019.04.02-00.51.06:719][  0]LogRenderer: Reallocating scene render targets to support 1296x592 Format 10 NumSamples 1 (Frame:1).
[2019.04.02-00.51.06:873][  0]LogContentBrowser: Native class hierarchy updated for 'HierarchicalLODOutliner' in 0.0006 seconds. Added 0 classes and 0 folders.
[2019.04.02-00.51.06:873][  0]LogLoad: (Engine Initialization) Total time: 37.96 seconds
[2019.04.02-00.51.06:873][  0]LogLoad: (Engine Initialization) Total Blueprint compile time: 0.00 seconds
[2019.04.02-00.51.06:911][  0]LogContentStreaming: Texture pool size now 1000 MB
[2019.04.02-00.51.06:963][  0]LogSlate: Took 0.000467 seconds to synchronously load lazily loaded font '../../../Engine/Content/Slate/Fonts/Roboto-Light.ttf' (167K)
[2019.04.02-00.51.07:090][  2]LogAssetRegistry: Asset discovery search completed in 30.2843 seconds
[2019.04.02-00.51.07:092][  2]LogCollectionManager: Rebuilt the object cache for 0 collections in 0.000001 seconds (found 0 objects)
[2019.04.02-00.51.07:092][  2]LogCollectionManager: Fixed up redirectors for 0 collections in 0.000043 seconds (updated 0 objects)
[2019.04.02-00.51.08:020][ 77]LogSlate: Took 0.000417 seconds to synchronously load lazily loaded font '../../../Engine/Content/Slate/Fonts/Roboto-Light.ttf' (167K)
[2019.04.02-00.51.09:367][145]LogSlate: FSceneViewport::OnFocusLost() reason 0
[2019.04.02-00.51.09:434][149]LogTemp: Repeating last play command: New Editor Window (PIE)
[2019.04.02-00.51.09:513][149]LogBlueprintUserMessages: Early PlayInEditor Detection: Level '/Game/FirstPersonBP/Maps/Menu.Menu:PersistentLevel' has LevelScriptBlueprint '/Game/FirstPersonBP/Maps/Menu.Menu:PersistentLevel.Menu' with GeneratedClass '/Game/FirstPersonBP/Maps/Menu.Menu_C' with ClassGeneratedBy '/Game/FirstPersonBP/Maps/Menu.Menu:PersistentLevel.Menu'
[2019.04.02-00.51.09:513][149]LogPlayLevel: PlayLevel: No blueprints needed recompiling
[2019.04.02-00.51.09:525][149]PIE: New page: PIE session: Menu (Apr 1, 2019, 4:51:09 PM)
[2019.04.02-00.51.09:525][149]LogPlayLevel: Creating play world package: /Game/FirstPersonBP/Maps/UEDPIE_0_Menu
[2019.04.02-00.51.09:527][149]LogPlayLevel: PIE: StaticDuplicateObject took: (0.002046s)
[2019.04.02-00.51.09:528][149]LogAIModule: Creating AISystem for world Menu
[2019.04.02-00.51.09:528][149]LogPlayLevel: PIE: World Init took: (0.000795s)
[2019.04.02-00.51.09:528][149]LogPlayLevel: PIE: Created PIE world by copying editor world from /Game/FirstPersonBP/Maps/Menu.Menu to /Game/FirstPersonBP/Maps/UEDPIE_0_Menu.Menu (0.002958s)
[2019.04.02-00.51.09:637][149]LogInit: XAudio2 using 'Speakers (High Definition Audio Device)' : 2 channels at 44.1 kHz using 16 bits per sample (channel mask 0x3)
[2019.04.02-00.51.09:646][149]LogInit: FAudioDevice initialized.
[2019.04.02-00.51.09:652][149]LogSlate: Updating window title bar state: overlay mode, drag disabled, window buttons hidden, title bar hidden
[2019.04.02-00.51.09:720][149]LogLoad: Game class is 'FirstPersonGameMode_C'
[2019.04.02-00.51.09:724][149]LogWorld: Bringing World /Game/FirstPersonBP/Maps/UEDPIE_0_Menu.Menu up for play (max tick rate 0) at 2019.04.01-20.51.09
[2019.04.02-00.51.09:725][149]LogWorld: Bringing up level for play took: 0.001944
[2019.04.02-00.51.09:747][149]LogContentBrowser: Native class hierarchy updated for 'MovieSceneCapture' in 0.0007 seconds. Added 10 classes and 0 folders.
[2019.04.02-00.51.09:752][149]LogSlate: New Slate User Created.  User Index 8, Is Virtual User: 1
[2019.04.02-00.51.09:752][149]LogSlate: Slate User Registered.  User Index 8, Is Virtual User: 1
[2019.04.02-00.51.09:764][149]PIE: Play in editor start time for /Game/FirstPersonBP/Maps/UEDPIE_0_Menu 0.096
[2019.04.02-00.51.09:764][149]LogBlueprintUserMessages: Late PlayInEditor Detection: Level '/Game/FirstPersonBP/Maps/Menu.Menu:PersistentLevel' has LevelScriptBlueprint '/Game/FirstPersonBP/Maps/Menu.Menu:PersistentLevel.Menu' with GeneratedClass '/Game/FirstPersonBP/Maps/Menu.Menu_C' with ClassGeneratedBy '/Game/FirstPersonBP/Maps/Menu.Menu:PersistentLevel.Menu'
[2019.04.02-00.51.09:808][149]LogRenderer: Reallocating scene render targets to support 1296x756 Format 10 NumSamples 1 (Frame:1).
[2019.04.02-00.51.15:457][390]LogSlate: FSceneViewport::OnFocusLost() reason 0
[2019.04.02-00.51.17:608][486]LogSlate: FSceneViewport::OnFocusLost() reason 0
[2019.04.02-00.51.18:614][531]LogSlate: FSceneViewport::OnFocusLost() reason 0
[2019.04.02-00.51.23:727][771]LogSlate: Window 'MyProject Game Preview Standalone (64-bit/PCD3D_SM5)' being destroyed
[2019.04.02-00.51.23:733][771]LogBlueprintUserMessages: Early EndPlayMap Detection: Level '/Game/FirstPersonBP/Maps/Menu.Menu:PersistentLevel' has LevelScriptBlueprint '/Game/FirstPersonBP/Maps/Menu.Menu:PersistentLevel.Menu' with GeneratedClass '/Game/FirstPersonBP/Maps/Menu.Menu_C' with ClassGeneratedBy '/Game/FirstPersonBP/Maps/Menu.Menu:PersistentLevel.Menu'
[2019.04.02-00.51.24:020][771]LogPlayLevel: Display: Shutting down PIE online subsystems
[2019.04.02-00.51.24:020][771]LogBlueprintUserMessages: Late EndPlayMap Detection: Level '/Game/FirstPersonBP/Maps/Menu.Menu:PersistentLevel' has LevelScriptBlueprint '/Game/FirstPersonBP/Maps/Menu.Menu:PersistentLevel.Menu' with GeneratedClass '/Game/FirstPersonBP/Maps/Menu.Menu_C' with ClassGeneratedBy '/Game/FirstPersonBP/Maps/Menu.Menu:PersistentLevel.Menu'
[2019.04.02-00.51.24:104][771]LogSlate: Slate User Unregistered.  User Index 8
[2019.04.02-00.51.24:104][771]LogSlate: Slate User Destroyed.  User Index 8, Is Virtual User: 1
[2019.04.02-00.51.24:124][772]LogPlayLevel: Display: Destroying online subsystem :Context_1
[2019.04.02-00.51.25:154][823]Cmd: OBJ SAVEPACKAGE PACKAGE="/Game/FirstPersonBP/Maps/Menu" FILE="../../../../Bullet-Shark/BulletShark_1/MyProject/Content/FirstPersonBP/Maps/Menu.umap" SILENT=true AUTOSAVING=false KEEPDIRTY=false
[2019.04.02-00.51.25:400][823]LogSavePackage: Moving '../../../../Bullet-Shark/BulletShark_1/MyProject/Saved/Menu3F56AD254D906E3AED73A0BB655F67B4.tmp' to '../../../../Bullet-Shark/BulletShark_1/MyProject/Content/FirstPersonBP/Maps/Menu.umap'
