Log file open, 04/03/19 08:00:01
LogWindows: Failed to load 'aqProf.dll' (GetLastError=126)
LogWindows: File 'aqProf.dll' does not exist
LogWindows: Failed to load 'VtuneApi.dll' (GetLastError=126)
LogWindows: File 'VtuneApi.dll' does not exist
LogWindows: Failed to load 'VtuneApi32e.dll' (GetLastError=126)
LogWindows: File 'VtuneApi32e.dll' does not exist
LogInit: Display: Running engine for game: MyProject
LogPlatformFile: Not using cached read wrapper
LogTaskGraph: Started task graph with 5 named threads and 83 total threads with 3 sets of task threads.
LogStats: Stats thread started at 0.907826
LogD3D11RHI: Loaded GFSDK_Aftermath_Lib.x64.dll
LogICUInternationalization: Display: ICU TimeZone Detection - Raw Offset: -5:00, Platform Override: ''
LogPluginManager: Mounting plugin Paper2D
LogPluginManager: Mounting plugin AISupport
LogPluginManager: Mounting plugin LightPropagationVolume
LogPluginManager: Mounting plugin CLionSourceCodeAccess
LogPluginManager: Mounting plugin CodeLiteSourceCodeAccess
LogPluginManager: Mounting plugin GitSourceControl
LogPluginManager: Mounting plugin KDevelopSourceCodeAccess
LogPluginManager: Mounting plugin NullSourceCodeAccess
LogPluginManager: Mounting plugin PerforceSourceControl
LogPluginManager: Mounting plugin SubversionSourceControl
LogPluginManager: Mounting plugin UObjectPlugin
LogPluginManager: Mounting plugin VisualStudioCodeSourceCodeAccess
LogPluginManager: Mounting plugin VisualStudioSourceCodeAccess
LogPluginManager: Mounting plugin XCodeSourceCodeAccess
LogPluginManager: Mounting plugin AssetManagerEditor
LogPluginManager: Mounting plugin CryptoKeys
LogPluginManager: Mounting plugin DataValidation
LogPluginManager: Mounting plugin FacialAnimation
LogPluginManager: Mounting plugin GameplayTagsEditor
LogPluginManager: Mounting plugin MacGraphicsSwitching
LogPluginManager: Mounting plugin MeshEditor
LogPluginManager: Mounting plugin MobileLauncherProfileWizard
LogPluginManager: Mounting plugin PluginBrowser
LogPluginManager: Mounting plugin SpeedTreeImporter
LogPluginManager: Mounting plugin DatasmithContent
LogPluginManager: Mounting plugin AlembicImporter
LogPluginManager: Mounting plugin AppleImageUtils
LogPluginManager: Mounting plugin AppleVision
LogPluginManager: Mounting plugin BackChannel
LogPluginManager: Mounting plugin CharacterAI
LogPluginManager: Mounting plugin GeometryCache
LogPluginManager: Mounting plugin HTML5Networking
LogPluginManager: Mounting plugin OSVR
LogPluginManager: Mounting plugin ProxyLODPlugin
LogPluginManager: Mounting plugin MagicLeap
LogPluginManager: Mounting plugin MagicLeapEmulator
LogPluginManager: Mounting plugin MagicLeapMedia
LogPluginManager: Mounting plugin DonAINavigation
LogPluginManager: Mounting plugin AndroidMedia
LogPluginManager: Mounting plugin AvfMedia
LogPluginManager: Mounting plugin ImgMedia
LogPluginManager: Mounting plugin LinearTimecode
LogPluginManager: Mounting plugin MediaCompositing
LogPluginManager: Mounting plugin MediaPlayerEditor
LogPluginManager: Mounting plugin WmfMedia
LogPluginManager: Mounting plugin TcpMessaging
LogPluginManager: Mounting plugin UdpMessaging
LogPluginManager: Mounting plugin ActorSequence
LogPluginManager: Mounting plugin LevelSequenceEditor
LogPluginManager: Mounting plugin MatineeToLevelSequence
LogPluginManager: Mounting plugin NetcodeUnitTest
LogPluginManager: Mounting plugin NUTUnrealEngine4
LogPluginManager: Mounting plugin OnlineSubsystemGooglePlay
LogPluginManager: Mounting plugin OnlineSubsystemIOS
LogPluginManager: Mounting plugin OnlineSubsystem
LogPluginManager: Mounting plugin OnlineSubsystemNull
LogPluginManager: Mounting plugin OnlineSubsystemUtils
LogPluginManager: Mounting plugin LauncherChunkInstaller
LogPluginManager: Mounting plugin AndroidDeviceProfileSelector
LogPluginManager: Mounting plugin AndroidMoviePlayer
LogPluginManager: Mounting plugin AndroidPermission
LogPluginManager: Mounting plugin AppleMoviePlayer
LogPluginManager: Mounting plugin ArchVisCharacter
LogPluginManager: Mounting plugin AudioCapture
LogPluginManager: Mounting plugin CableComponent
LogPluginManager: Mounting plugin CustomMeshComponent
LogPluginManager: Mounting plugin EditableMesh
LogPluginManager: Mounting plugin ExampleDeviceProfileSelector
LogPluginManager: Mounting plugin GoogleCloudMessaging
LogPluginManager: Mounting plugin ImmediatePhysics
LogPluginManager: Mounting plugin IOSDeviceProfileSelector
LogPluginManager: Mounting plugin LinuxDeviceProfileSelector
LogPluginManager: Mounting plugin LocationServicesBPLibrary
LogPluginManager: Mounting plugin MobilePatchingUtils
LogPluginManager: Mounting plugin OculusVR
LogPluginManager: Plugin shader directory ../../../Engine/Plugins/Runtime/Oculus/OculusVR/Shaders found
LogPluginManager: Mapping shader source directory ../../../Engine/Plugins/Runtime/Oculus/OculusVR/Shaders to virtual directory /Plugin/OculusVR
LogPluginManager: Mounting plugin PhysXVehicles
LogPluginManager: Mounting plugin ProceduralMeshComponent
LogPluginManager: Mounting plugin RuntimePhysXCooking
LogPluginManager: Mounting plugin SteamVR
LogPluginManager: Mounting plugin WindowsMoviePlayer
LogStreaming: Display: Took  0.226s to configure plugins.
LogInit: Using libcurl 7.55.1-DEV
LogInit:  - built for x86_64-pc-win32
LogInit:  - supports SSL with OpenSSL/1.0.2h
LogInit:  - supports HTTP deflate (compression) using libz 1.2.8
LogInit:  - other features:
LogInit:      CURL_VERSION_SSL
LogInit:      CURL_VERSION_LIBZ
LogInit:      CURL_VERSION_IPV6
LogInit:      CURL_VERSION_ASYNCHDNS
LogInit:      CURL_VERSION_LARGEFILE
LogInit:      CURL_VERSION_IDN
LogInit:  CurlRequestOptions (configurable via config and command line):
LogInit:  - bVerifyPeer = false  - Libcurl will NOT verify peer certificate
LogInit:  - bUseHttpProxy = false  - Libcurl will NOT use HTTP proxy
LogInit:  - bDontReuseConnections = false  - Libcurl will reuse connections
LogInit:  - CertBundlePath = nullptr  - Libcurl will use whatever was configured at build time.
LogInit:  - MaxHostConnections = 16  - Libcurl will limit the number of connections to a host
LogInit:  - LocalHostAddr = Default
LogInit:  - BufferSize = 65536
LogInit: WinSock: version 1.1 (2.2), MaxSocks=32767, MaxUdp=65467
LogInit: Build: ++UE4+Release-4.20-CL-4302132
LogInit: Engine Version: 4.20.2-4302132+++UE4+Release-4.20
LogInit: Compatible Engine Version: 4.20.0-4212847+++UE4+Release-4.20
LogInit: Net CL: 4212847
LogInit: OS: Windows 7 (Service Pack 1), CPU: Intel(R) Xeon(R) CPU E5-2640 v3 @ 2.60GHz, GPU: NVIDIA Quadro K2200
LogInit: Compiled (64-bit): Aug 21 2018 02:06:06
LogInit: Compiled with Visual C++: 19.13.26129.00
LogInit: Build Configuration: Development
LogInit: Branch Name: ++UE4+Release-4.20
LogInit: Command Line: -EpicPortal  -epicusername="Ming Li1" -epicuserid=09e024644b7d49ccaabb13f13523cfab -epiclocale=en-US
LogInit: Base Directory: Q:/Ming/UE_4.20/Engine/Binaries/Win64/
LogInit: Installed Engine Build: 1
LogDevObjectVersion: Number of dev versions registered: 20
LogDevObjectVersion:   Dev-Blueprints (B0D832E4-1F89-4F0D-ACCF-7EB736FD4AA2): 10
LogDevObjectVersion:   Dev-Build (E1C64328-A22C-4D53-A36C-8E866417BD8C): 0
LogDevObjectVersion:   Dev-Core (375EC13C-06E4-48FB-B500-84F0262A717E): 2
LogDevObjectVersion:   Dev-Editor (E4B068ED-F494-42E9-A231-DA0B2E46BB41): 24
LogDevObjectVersion:   Dev-Framework (CFFC743F-43B0-4480-9391-14DF171D2073): 34
LogDevObjectVersion:   Dev-Mobile (B02B49B5-BB20-44E9-A304-32B752E40360): 2
LogDevObjectVersion:   Dev-Networking (A4E4105C-59A1-49B5-A7C5-40C4547EDFEE): 0
LogDevObjectVersion:   Dev-Online (39C831C9-5AE6-47DC-9A44-9C173E1C8E7C): 0
LogDevObjectVersion:   Dev-Physics (78F01B33-EBEA-4F98-B9B4-84EACCB95AA2): 0
LogDevObjectVersion:   Dev-Platform (6631380F-2D4D-43E0-8009-CF276956A95A): 0
LogDevObjectVersion:   Dev-Rendering (12F88B9F-8875-4AFC-A67C-D90C383ABD29): 26
LogDevObjectVersion:   Dev-Sequencer (7B5AE74C-D270-4C10-A958-57980B212A5A): 9
LogDevObjectVersion:   Dev-VR (D7296918-1DD6-4BDD-9DE2-64A83CC13884): 2
LogDevObjectVersion:   Dev-LoadTimes (C2A15278-BFE7-4AFE-6C17-90FF531DF755): 1
LogDevObjectVersion:   Private-Geometry (6EACA3D4-40EC-4CC1-B786-8BED09428FC5): 3
LogDevObjectVersion:   Dev-AnimPhys (29E575DD-E0A3-4627-9D10-D276232CDCEA): 17
LogDevObjectVersion:   Dev-ReflectionCapture (6B266CEC-1EC7-4B8F-A30B-E4D90942FC07): 1
LogDevObjectVersion:   Dev-Automation (0DF73D61-A23F-47EA-B727-89E90C41499A): 1
LogDevObjectVersion:   FortniteMain (601D1886-AC64-4F84-AA16-D3DE0DEAC7D6): 12
LogDevObjectVersion:   Dev-Enterprise (9DFFBCD6-494F-0158-E221-12823C92A888): 1
LogStreaming: Display: Took  0.001s to delete old logs.
LogInit: Presizing for max 8388607 objects, including 0 objects not considered by GC, pre-allocating 0 bytes for permanent pool.
LogInit: Object subsystem initialized
[2019.04.03-12.00.01:949][  0]LogInit: Selected Device Profile: [Windows]
[2019.04.03-12.00.01:949][  0]LogInit: Applying CVar settings loaded from the selected device profile: [Windows]
[2019.04.03-12.00.01:989][  0]LogHAL: Display: Platform has ~ 32 GB [34262687744 / 34359738368 / 32], which maps to Largest [LargestMinGB=32, LargerMinGB=12, DefaultMinGB=8, SmallerMinGB=6, SmallestMinGB=0)
[2019.04.03-12.00.01:989][  0]LogInit: Setting Device Profile CVar: [[r.Vulkan.UseRealUBs:1]]
[2019.04.03-12.00.01:989][  0]LogInit: Going up to parent DeviceProfile []
[2019.04.03-12.00.01:990][  0]LogInit: Computer: A-C613-W08
[2019.04.03-12.00.01:990][  0]LogInit: User: MINGLI1
[2019.04.03-12.00.01:990][  0]LogInit: CPU Page size=4096, Cores=16
[2019.04.03-12.00.01:990][  0]LogInit: High frequency timer resolution =2.533251 MHz
[2019.04.03-12.00.01:990][  0]LogMemory: Memory total: Physical=31.9GB (32GB approx)
[2019.04.03-12.00.01:990][  0]LogMemory: Platform Memory Stats for Windows
[2019.04.03-12.00.01:990][  0]LogMemory: Process Physical Memory: 120.95 MB used, 120.95 MB peak
[2019.04.03-12.00.01:990][  0]LogMemory: Process Virtual Memory: 119.43 MB used, 119.43 MB peak
[2019.04.03-12.00.01:990][  0]LogMemory: Physical Memory: 11240.04 MB used,  21435.41 MB free, 32675.45 MB total
[2019.04.03-12.00.01:990][  0]LogMemory: Virtual Memory: 600.45 MB used,  21435.41 MB free, 8388608.00 MB total
[2019.04.03-12.00.02:040][  0]LogInit: Using OS detected language (en-US).
[2019.04.03-12.00.02:040][  0]LogInit: Using OS detected locale (en-US).
[2019.04.03-12.00.02:041][  0]LogTextLocalizationManager: No specific localization for 'en-US' exists, so the 'en' localization will be used.
[2019.04.03-12.00.02:582][  0]LogStreaming: Display: Took  0.542s to InitEngineTextLocalization.
[2019.04.03-12.00.02:583][  0]LogWindows: Failed to load 'shcore.dll' (GetLastError=126)
[2019.04.03-12.00.02:583][  0]LogWindows: File 'shcore.dll' does not exist
[2019.04.03-12.00.02:583][  0]LogInit: Setting process to DPI aware
[2019.04.03-12.00.02:641][  0]LogSlate: New Slate User Created.  User Index 0, Is Virtual User: 0
[2019.04.03-12.00.02:641][  0]LogSlate: Slate User Registered.  User Index 0, Is Virtual User: 0
[2019.04.03-12.00.03:065][  0]LogHMD: Failed to initialize OpenVR with code 110
[2019.04.03-12.00.03:066][  0]LogD3D11RHI: D3D11 adapters:
[2019.04.03-12.00.03:104][  0]LogD3D11RHI:    0. 'NVIDIA Quadro K2200' (Feature Level 11_0)
[2019.04.03-12.00.03:104][  0]LogD3D11RHI:       4034/0/16081 MB DedicatedVideo/DedicatedSystem/SharedSystem, Outputs:1, VendorId:0x10de
[2019.04.03-12.00.03:104][  0]LogD3D11RHI: Chosen D3D11 Adapter: 0
[2019.04.03-12.00.03:120][  0]LogD3D11RHI: Creating new Direct3DDevice
[2019.04.03-12.00.03:121][  0]LogD3D11RHI:     GPU DeviceId: 0x13ba (for the marketing name, search the web for "GPU Device Id")
[2019.04.03-12.00.03:121][  0]LogWindows: EnumDisplayDevices:
[2019.04.03-12.00.03:121][  0]LogWindows:    0. 'NVIDIA Quadro K2200' (P:1 D:1)
[2019.04.03-12.00.03:121][  0]LogWindows:    1. 'NVIDIA Quadro K2200' (P:0 D:0)
[2019.04.03-12.00.03:122][  0]LogWindows:    2. 'NVIDIA Quadro K2200' (P:0 D:0)
[2019.04.03-12.00.03:122][  0]LogWindows:    3. 'NVIDIA Quadro K2200' (P:0 D:0)
[2019.04.03-12.00.03:123][  0]LogWindows:    4. 'RDPDD Chained DD' (P:0 D:0)
[2019.04.03-12.00.03:123][  0]LogWindows:    5. 'RDP Encoder Mirror Driver' (P:0 D:0)
[2019.04.03-12.00.03:124][  0]LogWindows:    6. 'RDP Reflector Display Driver' (P:0 D:0)
[2019.04.03-12.00.03:124][  0]LogWindows: DebugString: GetVideoDriverDetailsInvalid PrimaryIsNotTheChoosenAdapter GetVideoDriverDetailsInvalid PrimaryIsNotTheChoosenAdapter GetVideoDriverDetailsInvalid PrimaryIsNotTheChoosenAdapter FoundDriverCount:4 
[2019.04.03-12.00.03:124][  0]LogD3D11RHI:     Adapter Name: NVIDIA Quadro K2200
[2019.04.03-12.00.03:124][  0]LogD3D11RHI:   Driver Version: 385.69 (internal:22.21.13.8569, unified:385.69)
[2019.04.03-12.00.03:124][  0]LogD3D11RHI:      Driver Date: 9-16-2017
[2019.04.03-12.00.03:124][  0]LogRHI: Texture pool is 2824 MB (70% of 4034 MB)
[2019.04.03-12.00.03:150][  0]LogD3D11RHI: Async texture creation enabled
[2019.04.03-12.00.03:170][  0]LogD3D11RHI: GPU Timing Frequency: 1000.000000 (Debug: 2 2)
[2019.04.03-12.00.03:174][  0]LogShaderCompilers: Guid format shader working directory is 8 characters bigger than the processId version (../../../../Bullet-Shark/BulletShark_1/MyProject/Intermediate/Shaders/WorkingDirectory/20428/).
[2019.04.03-12.00.03:174][  0]LogShaderCompilers: Cleaned the shader compiler working directory 'C:/Users/MING_LI1.FITSUNY/AppData/Local/Temp/UnrealShaderWorkingDir/FAC52A41482FA89F981B8C821103FC50/'.
[2019.04.03-12.00.03:891][  0]LogTemp: Display: Loaded TP AllDesktopTargetPlatform
[2019.04.03-12.00.03:925][  0]LogTemp: Display: Loaded TP MacClientTargetPlatform
[2019.04.03-12.00.03:958][  0]LogTemp: Display: Loaded TP MacNoEditorTargetPlatform
[2019.04.03-12.00.03:992][  0]LogTemp: Display: Loaded TP MacServerTargetPlatform
[2019.04.03-12.00.04:027][  0]LogTemp: Display: Loaded TP MacTargetPlatform
[2019.04.03-12.00.04:060][  0]LogTemp: Display: Loaded TP WindowsClientTargetPlatform
[2019.04.03-12.00.04:092][  0]LogTemp: Display: Loaded TP WindowsNoEditorTargetPlatform
[2019.04.03-12.00.04:120][  0]LogTemp: Display: Loaded TP WindowsServerTargetPlatform
[2019.04.03-12.00.04:130][  0]LogTemp: Display: Loaded TP WindowsTargetPlatform
[2019.04.03-12.00.04:293][  0]LogTemp: Display: Loaded TP AndroidTargetPlatform
[2019.04.03-12.00.04:293][  0]LogTemp: Display: Loaded TP AndroidTargetPlatform
[2019.04.03-12.00.04:293][  0]LogTemp: Display: Loaded TP AndroidTargetPlatform
[2019.04.03-12.00.04:293][  0]LogTemp: Display: Loaded TP AndroidTargetPlatform
[2019.04.03-12.00.04:293][  0]LogTemp: Display: Loaded TP AndroidTargetPlatform
[2019.04.03-12.00.04:294][  0]LogTemp: Display: Loaded TP AndroidTargetPlatform
[2019.04.03-12.00.04:294][  0]LogTemp: Display: Loaded TP AndroidTargetPlatform
[2019.04.03-12.00.04:294][  0]LogTemp: Display: Loaded TP AndroidTargetPlatform
[2019.04.03-12.00.04:294][  0]LogTemp: Display: Loaded TP AndroidTargetPlatform
[2019.04.03-12.00.04:294][  0]LogTemp: Display: Loaded TP AndroidTargetPlatform
[2019.04.03-12.00.04:294][  0]LogTemp: Display: Loaded TP AndroidTargetPlatform
[2019.04.03-12.00.04:294][  0]LogTemp: Display: Loaded TP AndroidTargetPlatform
[2019.04.03-12.00.04:294][  0]LogTemp: Display: Loaded TP AndroidTargetPlatform
[2019.04.03-12.00.04:294][  0]LogTemp: Display: Loaded TP AndroidTargetPlatform
[2019.04.03-12.00.04:294][  0]LogTemp: Display: Loaded TP AndroidTargetPlatform
[2019.04.03-12.00.04:294][  0]LogTemp: Display: Loaded TP AndroidTargetPlatform
[2019.04.03-12.00.04:294][  0]LogTemp: Display: Loaded TP AndroidTargetPlatform
[2019.04.03-12.00.04:294][  0]LogTemp: Display: Loaded TP AndroidTargetPlatform
[2019.04.03-12.00.04:297][  0]LogTemp: Display: Loaded TP HTML5TargetPlatform
[2019.04.03-12.00.04:394][  0]LogTemp: Display: Loaded TP IOSTargetPlatform
[2019.04.03-12.00.04:394][  0]LogTemp: Display: Loaded TP IOSTargetPlatform
[2019.04.03-12.00.04:451][  0]LogTemp: Display: Loaded TP TVOSTargetPlatform
[2019.04.03-12.00.04:451][  0]LogTemp: Display: Loaded TP TVOSTargetPlatform
[2019.04.03-12.00.04:482][  0]LogTemp: Display: Loaded TP LinuxClientTargetPlatform
[2019.04.03-12.00.04:506][  0]LogTemp: Display: Loaded TP LinuxNoEditorTargetPlatform
[2019.04.03-12.00.04:527][  0]LogTemp: Display: Loaded TP LinuxServerTargetPlatform
[2019.04.03-12.00.04:548][  0]LogTemp: Display: Loaded TP LinuxTargetPlatform
[2019.04.03-12.00.04:562][  0]LogTemp: Display: Loaded TP LuminTargetPlatform
[2019.04.03-12.00.04:563][  0]LogTargetPlatformManager: Display: Building Assets For Windows
[2019.04.03-12.00.04:662][  0]LogXGEController: Cannot use XGE Controller as Incredibuild is not installed on this machine.
[2019.04.03-12.00.04:662][  0]LogShaderCompilers: Cannot use XGE Shader Compiler as Incredibuild is not installed on this machine.
[2019.04.03-12.00.04:663][  0]LogShaderCompilers: Display: Using Local Shader Compiler.
[2019.04.03-12.00.06:095][  0]LogDerivedDataCache: Display: Max Cache Size: 512 MB
[2019.04.03-12.00.06:301][  0]LogDerivedDataCache: Loaded boot cache 0.21s 71MB C:/Users/MING_LI1.FITSUNY/AppData/Local/UnrealEngine/4.20/DerivedDataCache/Boot.ddc.
[2019.04.03-12.00.06:302][  0]LogDerivedDataCache: Display: Loaded Boot cache: C:/Users/MING_LI1.FITSUNY/AppData/Local/UnrealEngine/4.20/DerivedDataCache/Boot.ddc
[2019.04.03-12.00.06:302][  0]LogDerivedDataCache: FDerivedDataBackendGraph:  Pak pak cache file ../../../../Bullet-Shark/BulletShark_1/MyProject/DerivedDataCache/DDC.ddp not found, will not use a pak cache.
[2019.04.03-12.00.06:302][  0]LogDerivedDataCache: Unable to find inner node Pak for hierarchical cache Hierarchy.
[2019.04.03-12.00.06:302][  0]LogDerivedDataCache: FDerivedDataBackendGraph:  CompressedPak pak cache file ../../../../Bullet-Shark/BulletShark_1/MyProject/DerivedDataCache/Compressed.ddp not found, will not use a pak cache.
[2019.04.03-12.00.06:302][  0]LogDerivedDataCache: Unable to find inner node CompressedPak for hierarchical cache Hierarchy.
[2019.04.03-12.00.06:325][  0]LogDerivedDataCache: Display: Pak cache opened for reading ../../../Engine/DerivedDataCache/Compressed.ddp.
[2019.04.03-12.00.06:339][  0]LogDerivedDataCache: Using Local data cache path C:/Users/MING_LI1.FITSUNY/AppData/Local/UnrealEngine/Common/DerivedDataCache: Writable
[2019.04.03-12.00.06:339][  0]LogDerivedDataCache: Shared data cache path not found in *engine.ini, will not use an Shared cache.
[2019.04.03-12.00.06:339][  0]LogDerivedDataCache: Unable to find inner node Shared for hierarchical cache Hierarchy.
[2019.04.03-12.00.06:392][  0]LogMaterial: Verifying Global Shaders for PCD3D_SM5
[2019.04.03-12.00.06:395][  0]LogSlate: Using FreeType 2.6.0
[2019.04.03-12.00.06:397][  0]LogSlate: SlateFontServices - WITH_FREETYPE: 1, WITH_HARFBUZZ: 1
[2019.04.03-12.00.06:598][  0]LogAssetRegistry: FAssetRegistry took 0.0286 seconds to start up
[2019.04.03-12.00.07:179][  0]LogInit: Selected Device Profile: [Windows]
[2019.04.03-12.00.07:496][  0]LogSimplygon: Simplygon DLL not present - disabling.
[2019.04.03-12.00.07:500][  0]LogMeshReduction: Using SimplygonSwarm for distributed automatic mesh merging
[2019.04.03-12.00.07:500][  0]LogMeshReduction: Using ProxyLODMeshReduction for automatic mesh merging
[2019.04.03-12.00.07:500][  0]LogMeshReduction: Using QuadricMeshReduction for automatic static mesh reduction
[2019.04.03-12.00.07:500][  0]LogMeshReduction: No automatic skeletal mesh reduction module available
[2019.04.03-12.00.07:536][  0]LogNetVersion: MyProject 1.0.0, NetCL: 4212847, EngineNetVer: 5, GameNetVer: 0 (Checksum: 1110078900)
[2019.04.03-12.00.08:515][  0]LogPackageLocalizationCache: Processed 12 localized package path(s) for 2 prioritized culture(s) in 0.131928 seconds
[2019.04.03-12.00.08:522][  0]LogUObjectArray: 38426 objects as part of root set at end of initial load.
[2019.04.03-12.00.08:522][  0]LogUObjectAllocator: 6691096 out of 0 bytes used by permanent object pool.
[2019.04.03-12.00.08:522][  0]LogUObjectArray: CloseDisregardForGC: 0/0 objects in disregard for GC pool
[2019.04.03-12.00.10:800][  0]LogWindows: Failed to load '../../../Engine/Binaries/ThirdParty/OSVRClientKit/bin/Win64/osvrRenderManager.dll' (GetLastError=127)
[2019.04.03-12.00.10:800][  0]OSVRLog: Warning: FAILED to load ../../../Engine/Binaries/ThirdParty/OSVRClientKit/bin/Win64/osvrRenderManager.dll
[2019.04.03-12.00.22:185][  0]OSVREntryPointLog: Display: OSVR client context could not connect. Most likely the server isn't running. Treating this as if the HMD is not connected.
[2019.04.03-12.00.22:264][  0]LogTcpMessaging: Initializing TcpMessaging bridge
[2019.04.03-12.00.22:279][  0]LogUdpMessaging: Initializing bridge on interface 0.0.0.0:0 to multicast group 230.0.0.1:6666.
[2019.04.03-12.00.22:518][  0]SourceControl: Source control is disabled
[2019.04.03-12.00.22:518][  0]SourceControl: Source control is disabled
[2019.04.03-12.00.22:521][  0]SourceControl: Source control is disabled
[2019.04.03-12.00.22:523][  0]SourceControl: Source control is disabled
[2019.04.03-12.00.22:720][  0]LogAndroidPermission: UAndroidPermissionCallbackProxy::GetInstance
[2019.04.03-12.00.22:852][  0]LogOcInput: OculusInput pre-init called
[2019.04.03-12.00.22:957][  0]LogEngine: Initializing Engine...
[2019.04.03-12.00.22:958][  0]LogHMD: Failed to initialize OpenVR with code 110
[2019.04.03-12.00.22:961][  0]LogStats: UGameplayTagsManager::ConstructGameplayTagTree: ImportINI prefixes -  0.000 s
[2019.04.03-12.00.22:961][  0]LogStats: UGameplayTagsManager::ConstructGameplayTagTree: Construct from data asset -  0.000 s
[2019.04.03-12.00.22:961][  0]LogStats: UGameplayTagsManager::ConstructGameplayTagTree: ImportINI -  0.000 s
[2019.04.03-12.00.22:961][  0]LogStats: UGameplayTagsManager::ConstructGameplayTagTree: GameplayTagTreeChangedEvent.Broadcast -  0.000 s
[2019.04.03-12.00.23:473][  0]LogInit: Initializing FReadOnlyCVARCache
[2019.04.03-12.00.23:491][  0]LogAIModule: Creating AISystem for world Untitled
[2019.04.03-12.00.23:514][  0]LogInit: XAudio2 using 'Speakers (High Definition Audio Device)' : 2 channels at 44.1 kHz using 16 bits per sample (channel mask 0x3)
[2019.04.03-12.00.23:534][  0]LogInit: FAudioDevice initialized.
[2019.04.03-12.00.23:535][  0]LogNetVersion: Set ProjectVersion to 1.0.0.0. Version Checksum will be recalculated on next use.
[2019.04.03-12.00.23:726][  0]LogDerivedDataCache: Saved boot cache 0.19s 71MB C:/Users/MING_LI1.FITSUNY/AppData/Local/UnrealEngine/4.20/DerivedDataCache/Boot.ddc.
[2019.04.03-12.00.23:742][  0]LogInit: Texture streaming: Enabled
[2019.04.03-12.00.23:773][  0]LogEngineSessionManager: EngineSessionManager initialized
[2019.04.03-12.00.23:800][  0]LogInit: Transaction tracking system initialized
[2019.04.03-12.00.23:824][  0]BlueprintLog: New page: Editor Load
[2019.04.03-12.00.23:923][  0]LocalizationService: Localization service is disabled
[2019.04.03-12.00.24:377][  0]LogCook: Display: Max memory allowance for cook 16384mb min free memory 0mb
[2019.04.03-12.00.24:377][  0]LogCook: Display: Mobile HDR setting 1
[2019.04.03-12.00.24:378][  0]LogGameplayTags: Display: UGameplayTagsManager::DoneAddingNativeTags. DelegateIsBound: 0
[2019.04.03-12.00.24:378][  0]LogStats: UGameplayTagsManager::ConstructGameplayTagTree: ImportINI prefixes -  0.000 s
[2019.04.03-12.00.24:378][  0]LogStats: UGameplayTagsManager::ConstructGameplayTagTree: Construct from data asset -  0.000 s
[2019.04.03-12.00.24:378][  0]LogStats: UGameplayTagsManager::ConstructGameplayTagTree: ImportINI -  0.000 s
[2019.04.03-12.00.24:378][  0]LogStats: UGameplayTagsManager::ConstructGameplayTagTree: GameplayTagTreeChangedEvent.Broadcast -  0.000 s
[2019.04.03-12.00.24:556][  0]LogFileCache: Scanning file cache for directory 'Q:/Ming/Bullet-Shark/BulletShark_1/MyProject/Content/' took 0.03s
[2019.04.03-12.00.24:556][  0]SourceControl: Source control is disabled
[2019.04.03-12.00.24:557][  0]Cmd: MAP LOAD FILE="../../../../Bullet-Shark/BulletShark_1/MyProject/Content/FirstPersonBP/Maps/Menu.umap" TEMPLATE=0 SHOWPROGRESS=1 FEATURELEVEL=3
[2019.04.03-12.00.24:557][  0]LightingResults: New page: Lighting Build
[2019.04.03-12.00.24:561][  0]MapCheck: New page: Map Check
[2019.04.03-12.00.24:561][  0]LightingResults: New page: Lighting Build
[2019.04.03-12.00.25:346][  0]LogMaterial: Display: Missing cached shader map for material M_UE4Man_Body, compiling. 
[2019.04.03-12.00.25:349][  0]LogMaterial: Warning: Q:\Ming\Bullet-Shark\BulletShark_1\MyProject\Content\FirstPerson\Character\Materials\M_UE4Man_Body.uasset: Failed to compile Material for platform PCD3D_SM5, Default Material will be used in game.
[2019.04.03-12.00.25:349][  0]LogMaterial: 	(Node TextureSampleParameter2D) Param2D> Requires Texture2D
[2019.04.03-12.00.25:349][  0]LogMaterial: 	Function MatLayerBlend_NormalBlend: (Node MakeMaterialAttributes) Error on property Normal
[2019.04.03-12.00.25:349][  0]LogMaterial: 	(Node TextureSample) Texture Sample> Missing input texture
[2019.04.03-12.00.25:349][  0]LogMaterial: 	Function MatLayerBlend_Simple: (Node MakeMaterialAttributes) Error on property EmissiveColor
[2019.04.03-12.00.25:349][  0]LogMaterial: 	Function MatLayerBlend_Simple: (Node MakeMaterialAttributes) Error on property BaseColor
[2019.04.03-12.00.25:349][  0]LogMaterial: 	Function MatLayerBlend_Simple: (Node MakeMaterialAttributes) Error on property Metallic
[2019.04.03-12.00.25:349][  0]LogMaterial: 	Function MatLayerBlend_Simple: (Node MakeMaterialAttributes) Error on property Roughness
[2019.04.03-12.00.25:574][  0]LogAIModule: Creating AISystem for world Menu
[2019.04.03-12.00.25:593][  0]LogEditorServer: Finished looking for orphan Actors (0.000 secs)
[2019.04.03-12.00.25:696][  0]Cmd: MAP CHECKDEP NOCLEARLOG
[2019.04.03-12.00.25:782][  0]MapCheck: Map check complete: 0 Error(s), 0 Warning(s), took 86.546ms to complete.
[2019.04.03-12.00.25:782][  0]LogFileHelpers: Loading map 'Menu' took 1.226
[2019.04.03-12.00.25:887][  0]LogSlate: Updating window title bar state: overlay mode, drag disabled, window buttons hidden, title bar hidden
[2019.04.03-12.00.25:897][  0]LogSlate: Updating window title bar state: overlay mode, drag disabled, window buttons hidden, title bar hidden
[2019.04.03-12.00.25:908][  0]LogSlate: Updating window title bar state: overlay mode, drag disabled, window buttons hidden, title bar hidden
[2019.04.03-12.00.25:918][  0]LogSlate: Updating window title bar state: overlay mode, drag disabled, window buttons hidden, title bar hidden
[2019.04.03-12.00.25:926][  0]LogCollectionManager: Loaded 0 collections in 0.001510 seconds
[2019.04.03-12.00.25:966][  0]LogFileCache: Scanning file cache for directory 'Q:/Ming/Bullet-Shark/BulletShark_1/MyProject/Saved/Collections/' took 0.01s
[2019.04.03-12.00.25:966][  0]LogFileCache: Scanning file cache for directory 'Q:/Ming/Bullet-Shark/BulletShark_1/MyProject/Content/Developers/MINGLI1/Collections/' took 0.01s
[2019.04.03-12.00.25:966][  0]LogFileCache: Scanning file cache for directory 'Q:/Ming/Bullet-Shark/BulletShark_1/MyProject/Content/Collections/' took 0.01s
[2019.04.03-12.00.25:966][  0]LogCollectionManager: Rebuilt the GUID cache for 0 collections in 0.000001 seconds
[2019.04.03-12.00.25:979][  0]LogContentBrowser: Native class hierarchy populated in 0.0122 seconds. Added 2578 classes and 609 folders.
[2019.04.03-12.00.25:986][  0]LogContentBrowser: Native class hierarchy updated for 'WidgetCarousel' in 0.0003 seconds. Added 0 classes and 0 folders.
[2019.04.03-12.00.26:043][  0]LogContentBrowser: Native class hierarchy updated for 'AddContentDialog' in 0.0003 seconds. Added 0 classes and 0 folders.
[2019.04.03-12.00.26:079][  0]LogContentBrowser: Native class hierarchy updated for 'SceneOutliner' in 0.0006 seconds. Added 1 classes and 2 folders.
[2019.04.03-12.00.26:107][  0]LogSlate: Took 0.000603 seconds to synchronously load lazily loaded font '../../../Engine/Content/Slate/Fonts/Roboto-Regular.ttf' (155K)
[2019.04.03-12.00.26:113][  0]LogSlate: Took 0.000455 seconds to synchronously load lazily loaded font '../../../Engine/Content/Slate/Fonts/Roboto-Bold.ttf' (160K)
[2019.04.03-12.00.26:125][  0]LogSlate: Took 0.000425 seconds to synchronously load lazily loaded font '../../../Engine/Content/Editor/Slate/Fonts/FontAwesome.ttf' (139K)
[2019.04.03-12.00.26:239][  0]LogRenderer: Reallocating scene render targets to support 1296x592 Format 10 NumSamples 1 (Frame:1).
[2019.04.03-12.00.26:490][  0]LogContentBrowser: Native class hierarchy updated for 'HierarchicalLODOutliner' in 0.0003 seconds. Added 0 classes and 0 folders.
[2019.04.03-12.00.26:490][  0]LogLoad: (Engine Initialization) Total time: 28.15 seconds
[2019.04.03-12.00.26:490][  0]LogLoad: (Engine Initialization) Total Blueprint compile time: 0.00 seconds
[2019.04.03-12.00.26:529][  0]LogContentStreaming: Texture pool size now 1000 MB
[2019.04.03-12.00.26:601][  0]LogSlate: Took 0.000284 seconds to synchronously load lazily loaded font '../../../Engine/Content/Slate/Fonts/Roboto-Light.ttf' (167K)
[2019.04.03-12.00.26:704][  2]LogAssetRegistry: Asset discovery search completed in 20.1254 seconds
[2019.04.03-12.00.26:707][  2]LogCollectionManager: Rebuilt the object cache for 0 collections in 0.000001 seconds (found 0 objects)
[2019.04.03-12.00.26:707][  2]LogCollectionManager: Fixed up redirectors for 0 collections in 0.000120 seconds (updated 0 objects)
[2019.04.03-12.05.32:561][917]LogSlate: FSceneViewport::OnFocusLost() reason 0
[2019.04.03-12.05.32:574][917]LogSlate: Took 0.000632 seconds to synchronously load lazily loaded font '../../../Engine/Content/Slate/Fonts/Roboto-Light.ttf' (167K)
[2019.04.03-12.05.32:584][917]LogAssetEditorManager: Opening Asset editor for WidgetBlueprint /Game/FirstPersonBP/Blueprints/HUD/MainMenu.MainMenu
[2019.04.03-12.05.34:042][917]LogContentBrowser: Native class hierarchy updated for 'BlueprintGraph' in 0.0016 seconds. Added 116 classes and 0 folders.
[2019.04.03-12.05.35:959][917]LogSlate: Took 0.017110 seconds to synchronously load lazily loaded font '../../../Engine/Content/Slate/Fonts/Roboto-BoldCondensed.ttf' (158K)
[2019.04.03-12.05.41:415][117]LogTemp: Repeating last play command: New Editor Window (PIE)
[2019.04.03-12.05.41:557][117]LogBlueprintUserMessages: Early PlayInEditor Detection: Level '/Game/FirstPersonBP/Maps/Menu.Menu:PersistentLevel' has LevelScriptBlueprint '/Game/FirstPersonBP/Maps/Menu.Menu:PersistentLevel.Menu' with GeneratedClass '/Game/FirstPersonBP/Maps/Menu.Menu_C' with ClassGeneratedBy '/Game/FirstPersonBP/Maps/Menu.Menu:PersistentLevel.Menu'
[2019.04.03-12.05.41:558][117]LogPlayLevel: PlayLevel: No blueprints needed recompiling
[2019.04.03-12.05.41:572][117]PIE: New page: PIE session: Menu (Apr 3, 2019, 4:05:41 AM)
[2019.04.03-12.05.41:572][117]LogPlayLevel: Creating play world package: /Game/FirstPersonBP/Maps/UEDPIE_0_Menu
[2019.04.03-12.05.41:576][117]LogPlayLevel: PIE: StaticDuplicateObject took: (0.004087s)
[2019.04.03-12.05.41:578][117]LogAIModule: Creating AISystem for world Menu
[2019.04.03-12.05.41:580][117]LogPlayLevel: PIE: World Init took: (0.003400s)
[2019.04.03-12.05.41:580][117]LogPlayLevel: PIE: Created PIE world by copying editor world from /Game/FirstPersonBP/Maps/Menu.Menu to /Game/FirstPersonBP/Maps/UEDPIE_0_Menu.Menu (0.007783s)
[2019.04.03-12.05.41:734][117]LogInit: XAudio2 using 'Speakers (High Definition Audio Device)' : 2 channels at 44.1 kHz using 16 bits per sample (channel mask 0x3)
[2019.04.03-12.05.41:744][117]LogInit: FAudioDevice initialized.
[2019.04.03-12.05.41:751][117]LogSlate: Updating window title bar state: overlay mode, drag disabled, window buttons hidden, title bar hidden
[2019.04.03-12.05.41:830][117]LogLoad: Game class is 'FirstPersonGameMode_C'
[2019.04.03-12.05.41:833][117]LogWorld: Bringing World /Game/FirstPersonBP/Maps/UEDPIE_0_Menu.Menu up for play (max tick rate 0) at 2019.04.03-08.05.41
[2019.04.03-12.05.41:833][117]LogWorld: Bringing up level for play took: 0.002365
[2019.04.03-12.05.41:851][117]LogContentBrowser: Native class hierarchy updated for 'MovieSceneCapture' in 0.0004 seconds. Added 10 classes and 0 folders.
[2019.04.03-12.05.41:855][117]LogSlate: New Slate User Created.  User Index 8, Is Virtual User: 1
[2019.04.03-12.05.41:855][117]LogSlate: Slate User Registered.  User Index 8, Is Virtual User: 1
[2019.04.03-12.05.41:866][117]PIE: Play in editor start time for /Game/FirstPersonBP/Maps/UEDPIE_0_Menu 0.318
[2019.04.03-12.05.41:866][117]LogBlueprintUserMessages: Late PlayInEditor Detection: Level '/Game/FirstPersonBP/Maps/Menu.Menu:PersistentLevel' has LevelScriptBlueprint '/Game/FirstPersonBP/Maps/Menu.Menu:PersistentLevel.Menu' with GeneratedClass '/Game/FirstPersonBP/Maps/Menu.Menu_C' with ClassGeneratedBy '/Game/FirstPersonBP/Maps/Menu.Menu:PersistentLevel.Menu'
[2019.04.03-12.05.41:938][117]LogRenderer: Reallocating scene render targets to support 1296x756 Format 10 NumSamples 1 (Frame:1).
[2019.04.03-12.05.56:412][781]LogSlate: Window 'MyProject Game Preview Standalone (64-bit/PCD3D_SM5)' being destroyed
[2019.04.03-12.05.56:417][781]LogBlueprintUserMessages: Early EndPlayMap Detection: Level '/Game/FirstPersonBP/Maps/Menu.Menu:PersistentLevel' has LevelScriptBlueprint '/Game/FirstPersonBP/Maps/Menu.Menu:PersistentLevel.Menu' with GeneratedClass '/Game/FirstPersonBP/Maps/Menu.Menu_C' with ClassGeneratedBy '/Game/FirstPersonBP/Maps/Menu.Menu:PersistentLevel.Menu'
[2019.04.03-12.05.56:750][781]LogPlayLevel: Display: Shutting down PIE online subsystems
[2019.04.03-12.05.56:750][781]LogBlueprintUserMessages: Late EndPlayMap Detection: Level '/Game/FirstPersonBP/Maps/Menu.Menu:PersistentLevel' has LevelScriptBlueprint '/Game/FirstPersonBP/Maps/Menu.Menu:PersistentLevel.Menu' with GeneratedClass '/Game/FirstPersonBP/Maps/Menu.Menu_C' with ClassGeneratedBy '/Game/FirstPersonBP/Maps/Menu.Menu:PersistentLevel.Menu'
[2019.04.03-12.05.56:891][781]LogSlate: Slate User Unregistered.  User Index 8
[2019.04.03-12.05.56:891][781]LogSlate: Slate User Destroyed.  User Index 8, Is Virtual User: 1
[2019.04.03-12.05.56:927][782]LogPlayLevel: Display: Destroying online subsystem :Context_3
[2019.04.03-12.06.02:007][956]LogSlate: Took 0.000631 seconds to synchronously load lazily loaded font '../../../Engine/Content/Slate/Fonts/Roboto-Italic.ttf' (157K)
[2019.04.03-12.06.06:569][155]LogAssetEditorManager: Opening Asset editor for WidgetBlueprint /Game/FirstPersonBP/Blueprints/HUD/Difficulty.Difficulty
[2019.04.03-12.06.09:740][251]LogSlate: Took 0.009945 seconds to synchronously load lazily loaded font '../../../Engine/Content/Slate/Fonts/DroidSansFallback.ttf' (3848K)
[2019.04.03-12.06.32:664][351]LogUObjectHash: Warning: Ambiguous search, could be CanvasPanel /Game/FirstPersonBP/Blueprints/HUD/MainMenu.MainMenu:WidgetTree.CanvasPanel_31 or CanvasPanel /Game/FirstPersonBP/Blueprints/HUD/MainMenu.SKEL_MainMenu_C:WidgetTree.CanvasPanel_31
[2019.04.03-12.06.32:664][351]LogUObjectHash: Warning: Ambiguous search, could be CanvasPanel /Game/FirstPersonBP/Blueprints/HUD/MainMenu.MainMenu:WidgetTree.CanvasPanel_31 or CanvasPanel /Game/FirstPersonBP/Blueprints/HUD/MainMenu.MainMenu_C:WidgetTree.CanvasPanel_31
[2019.04.03-12.06.32:664][351]LogUObjectHash: Warning: Ambiguous search, could be CanvasPanel /Game/FirstPersonBP/Blueprints/HUD/MainMenu.MainMenu:WidgetTree.CanvasPanel_31 or CanvasPanel /Engine/Transient.World_1:MainMenu_C_1.WidgetTree_0.CanvasPanel_31
[2019.04.03-12.06.32:664][351]LogUObjectHash: Warning: Ambiguous search, could be CanvasPanel /Game/FirstPersonBP/Blueprints/HUD/MainMenu.MainMenu:WidgetTree.CanvasPanel_31 or CanvasPanel /Engine/Transient.World_1:MainMenu_C_2.WidgetTree_0.CanvasPanel_31
[2019.04.03-12.06.32:664][351]LogUObjectHash: Warning: Ambiguous search, could be CanvasPanel /Game/FirstPersonBP/Blueprints/HUD/MainMenu.MainMenu:WidgetTree.CanvasPanel_31 or CanvasPanel /Game/FirstPersonBP/Maps/Menu.Menu:MainMenu_C_2.WidgetTree_0.CanvasPanel_31
[2019.04.03-12.06.32:664][351]LogProperty: Warning: Illegal TEXT reference to a private object in external package (CanvasPanelSlot /Game/FirstPersonBP/Blueprints/HUD/MainMenu.MainMenu:WidgetTree.CanvasPanel_31.CanvasPanelSlot_29) from referencer (CanvasPanel /Engine/UMG/Editor/Transient.MenuButtons).  Import failed...
[2019.04.03-12.06.32:664][351]LogProperty: Warning: ObjectProperty /Script/UMG.Widget:Slot: unresolved reference to 'CanvasPanelSlot'"CanvasPanel_31.CanvasPanelSlot_29"''
[2019.04.03-12.06.41:750][704]LogEditorTransaction: Undo Remove Widget
[2019.04.03-12.06.42:029][711]LogEditorTransaction: Undo Remove Widget
[2019.04.03-12.07.04:952][496]Cmd: OBJ SAVEPACKAGE PACKAGE="/Game/FirstPersonBP/Blueprints/HUD/Difficulty" FILE="../../../../Bullet-Shark/BulletShark_1/MyProject/Content/FirstPersonBP/Blueprints/HUD/Difficulty.uasset" SILENT=true
[2019.04.03-12.07.05:047][496]LogSavePackage: Moving '../../../../Bullet-Shark/BulletShark_1/MyProject/Saved/DifficultyEADE649D471BFE5BA28176AAF7862A6B.tmp' to '../../../../Bullet-Shark/BulletShark_1/MyProject/Content/FirstPersonBP/Blueprints/HUD/Difficulty.uasset'
[2019.04.03-12.07.37:326][635]BlueprintLog: New page: Compile MainMenu
[2019.04.03-12.08.10:086][587]BlueprintLog: New page: Compile MainMenu
[2019.04.03-12.08.35:365][906]LogEditorTransaction: Undo Reset to Default
[2019.04.03-12.08.35:638][912]Cmd: TRANSACTION UNDO
[2019.04.03-12.08.35:638][912]LogEditorTransaction: Undo Reset to Default
[2019.04.03-12.10.42:303][965]LogFileHelpers: Editor autosave (incl. sublevels) for '/Game/FirstPersonBP/Maps/Menu' took 0.132
[2019.04.03-12.10.42:305][965]OBJ SavePackage: Generating thumbnails for [0] asset(s) in package [/Game/FirstPersonBP/Blueprints/HUD/MainMenu] ([1] browsable assets)...
[2019.04.03-12.10.42:305][965]OBJ SavePackage: Finished generating thumbnails for package [/Game/FirstPersonBP/Blueprints/HUD/MainMenu]
[2019.04.03-12.10.42:347][965]LogSavePackage: Moving '../../../../Bullet-Shark/BulletShark_1/MyProject/Saved/MainMenu_Auto160069BBA485FCA02FCFA1E878CDE8E12.tmp' to '../../../../Bullet-Shark/BulletShark_1/MyProject/Saved/Autosaves/Game/FirstPersonBP/Blueprints/HUD/MainMenu_Auto1.uasset'
[2019.04.03-12.10.42:350][965]OBJ SavePackage: Generating thumbnails for [0] asset(s) in package [/Game/FirstPersonBP/Blueprints/HUD/Difficulty] ([1] browsable assets)...
[2019.04.03-12.10.42:350][965]OBJ SavePackage: Finished generating thumbnails for package [/Game/FirstPersonBP/Blueprints/HUD/Difficulty]
[2019.04.03-12.10.42:419][965]LogSavePackage: Moving '../../../../Bullet-Shark/BulletShark_1/MyProject/Saved/Difficulty_Auto1413CEEAE4F73232379C272B02F9FC400.tmp' to '../../../../Bullet-Shark/BulletShark_1/MyProject/Saved/Autosaves/Game/FirstPersonBP/Blueprints/HUD/Difficulty_Auto1.uasset'
[2019.04.03-12.10.42:421][965]LogFileHelpers: Auto-saving content packages took 0.117
[2019.04.03-12.11.08:734][ 67]LogEditorTransaction: Undo Move Widgets
[2019.04.03-12.11.09:206][ 81]LogEditorTransaction: Undo Move Widgets
[2019.04.03-12.11.09:630][ 93]LogEditorTransaction: Undo Remove Widget
[2019.04.03-12.11.09:883][100]LogEditorTransaction: Undo Remove Widget
[2019.04.03-12.11.10:544][120]LogEditorTransaction: Undo Edit Image
[2019.04.03-12.11.11:258][141]LogEditorTransaction: Undo Edit Image
[2019.04.03-12.11.11:723][152]LogEditorTransaction: Undo Move Widgets
[2019.04.03-12.11.12:223][166]LogEditorTransaction: Undo Remove Widget
[2019.04.03-12.11.12:591][175]LogEditorTransaction: Undo Remove Widget
[2019.04.03-12.11.12:845][180]LogEditorTransaction: Undo Remove Widget
[2019.04.03-12.11.13:102][186]LogEditorTransaction: Undo Remove Widget
[2019.04.03-12.11.13:385][193]LogEditorTransaction: Undo Move Widget
[2019.04.03-12.11.13:604][197]LogEditorTransaction: Undo Move Widget
[2019.04.03-12.11.14:823][233]LogEditorTransaction: Undo Animatable Property Changed
[2019.04.03-12.11.15:307][245]LogEditorTransaction: Undo Animatable Property Changed
[2019.04.03-12.11.15:804][259]LogEditorTransaction: Undo Animatable Property Changed
[2019.04.03-12.11.16:287][274]LogEditorTransaction: Undo Animatable Property Changed
[2019.04.03-12.11.17:943][320]LogEditorTransaction: Undo Animatable Property Changed
[2019.04.03-12.11.18:259][329]LogEditorTransaction: Undo Animatable Property Changed
[2019.04.03-12.11.18:651][340]LogEditorTransaction: Undo Animatable Property Changed
[2019.04.03-12.11.19:730][369]LogEditorTransaction: Undo Animatable Property Changed
[2019.04.03-12.11.20:126][380]LogEditorTransaction: Undo Animatable Property Changed
[2019.04.03-12.11.20:493][390]LogEditorTransaction: Undo Animatable Property Changed
[2019.04.03-12.11.21:188][410]LogEditorTransaction: Undo Animatable Property Changed
[2019.04.03-12.11.21:614][423]LogEditorTransaction: Undo Animatable Property Changed
[2019.04.03-12.11.22:141][438]LogEditorTransaction: Undo Paste clipboard contents
[2019.04.03-12.11.24:202][504]LogEditorTransaction: Undo Remove Widget
[2019.04.03-12.11.25:401][542]LogEditorTransaction: Undo Remove Widget
[2019.04.03-12.11.25:952][558]LogEditorTransaction: Undo Remove Widget
[2019.04.03-12.11.26:952][586]Cmd: OBJ SAVEPACKAGE PACKAGE="/Game/FirstPersonBP/Blueprints/HUD/Difficulty" FILE="../../../../Bullet-Shark/BulletShark_1/MyProject/Content/FirstPersonBP/Blueprints/HUD/Difficulty.uasset" SILENT=true
[2019.04.03-12.11.27:093][586]LogSavePackage: Moving '../../../../Bullet-Shark/BulletShark_1/MyProject/Saved/DifficultyB49237204766744B56C626BFFA1655B0.tmp' to '../../../../Bullet-Shark/BulletShark_1/MyProject/Content/FirstPersonBP/Blueprints/HUD/Difficulty.uasset'
[2019.04.03-12.11.28:530][629]BlueprintLog: New page: Compile Difficulty
[2019.04.03-12.11.47:904][262]BlueprintLog: New page: Compile MainMenu
[2019.04.03-12.12.27:050][788]LogEditorTransaction: Undo Remove Widget
[2019.04.03-12.13.03:174][435]LogEditorTransaction: Undo Edit Image
[2019.04.03-12.13.05:794][520]LogEditorTransaction: Redo Edit Image
[2019.04.03-12.13.27:178][567]LogEditorTransaction: Undo Move Widget
[2019.04.03-12.13.29:222][624]BlueprintLog: New page: Compile Difficulty
[2019.04.03-12.13.31:444][657]LogTemp: Repeating last play command: New Editor Window (PIE)
[2019.04.03-12.13.31:573][657]LogBlueprintUserMessages: Early PlayInEditor Detection: Level '/Game/FirstPersonBP/Maps/Menu.Menu:PersistentLevel' has LevelScriptBlueprint '/Game/FirstPersonBP/Maps/Menu.Menu:PersistentLevel.Menu' with GeneratedClass '/Game/FirstPersonBP/Maps/Menu.Menu_C' with ClassGeneratedBy '/Game/FirstPersonBP/Maps/Menu.Menu:PersistentLevel.Menu'
[2019.04.03-12.13.31:573][657]LogPlayLevel: PlayLevel: No blueprints needed recompiling
[2019.04.03-12.13.31:574][657]PIE: New page: PIE session: Menu (Apr 3, 2019, 4:13:31 AM)
[2019.04.03-12.13.31:574][657]LogPlayLevel: Creating play world package: /Game/FirstPersonBP/Maps/UEDPIE_0_Menu
[2019.04.03-12.13.31:576][657]LogPlayLevel: PIE: StaticDuplicateObject took: (0.002414s)
[2019.04.03-12.13.31:577][657]LogAIModule: Creating AISystem for world Menu
[2019.04.03-12.13.31:577][657]LogPlayLevel: PIE: World Init took: (0.000982s)
[2019.04.03-12.13.31:577][657]LogPlayLevel: PIE: Created PIE world by copying editor world from /Game/FirstPersonBP/Maps/Menu.Menu to /Game/FirstPersonBP/Maps/UEDPIE_0_Menu.Menu (0.003536s)
[2019.04.03-12.13.31:701][657]LogInit: XAudio2 using 'Speakers (High Definition Audio Device)' : 2 channels at 44.1 kHz using 16 bits per sample (channel mask 0x3)
[2019.04.03-12.13.31:710][657]LogInit: FAudioDevice initialized.
[2019.04.03-12.13.31:716][657]LogSlate: Updating window title bar state: overlay mode, drag disabled, window buttons hidden, title bar hidden
[2019.04.03-12.13.31:755][657]LogLoad: Game class is 'FirstPersonGameMode_C'
[2019.04.03-12.13.31:757][657]LogWorld: Bringing World /Game/FirstPersonBP/Maps/UEDPIE_0_Menu.Menu up for play (max tick rate 0) at 2019.04.03-08.13.31
[2019.04.03-12.13.31:758][657]LogWorld: Bringing up level for play took: 0.002107
[2019.04.03-12.13.31:772][657]LogSlate: New Slate User Created.  User Index 8, Is Virtual User: 1
[2019.04.03-12.13.31:772][657]LogSlate: Slate User Registered.  User Index 8, Is Virtual User: 1
[2019.04.03-12.13.31:780][657]PIE: Play in editor start time for /Game/FirstPersonBP/Maps/UEDPIE_0_Menu 0.23
[2019.04.03-12.13.31:780][657]LogBlueprintUserMessages: Late PlayInEditor Detection: Level '/Game/FirstPersonBP/Maps/Menu.Menu:PersistentLevel' has LevelScriptBlueprint '/Game/FirstPersonBP/Maps/Menu.Menu:PersistentLevel.Menu' with GeneratedClass '/Game/FirstPersonBP/Maps/Menu.Menu_C' with ClassGeneratedBy '/Game/FirstPersonBP/Maps/Menu.Menu:PersistentLevel.Menu'
[2019.04.03-12.13.55:298][855]LogSlate: Window 'MyProject Game Preview Standalone (64-bit/PCD3D_SM5)' being destroyed
[2019.04.03-12.13.55:301][855]LogBlueprintUserMessages: Early EndPlayMap Detection: Level '/Game/FirstPersonBP/Maps/Menu.Menu:PersistentLevel' has LevelScriptBlueprint '/Game/FirstPersonBP/Maps/Menu.Menu:PersistentLevel.Menu' with GeneratedClass '/Game/FirstPersonBP/Maps/Menu.Menu_C' with ClassGeneratedBy '/Game/FirstPersonBP/Maps/Menu.Menu:PersistentLevel.Menu'
[2019.04.03-12.13.55:598][855]LogPlayLevel: Display: Shutting down PIE online subsystems
[2019.04.03-12.13.55:598][855]LogBlueprintUserMessages: Late EndPlayMap Detection: Level '/Game/FirstPersonBP/Maps/Menu.Menu:PersistentLevel' has LevelScriptBlueprint '/Game/FirstPersonBP/Maps/Menu.Menu:PersistentLevel.Menu' with GeneratedClass '/Game/FirstPersonBP/Maps/Menu.Menu_C' with ClassGeneratedBy '/Game/FirstPersonBP/Maps/Menu.Menu:PersistentLevel.Menu'
[2019.04.03-12.13.55:712][855]LogSlate: Slate User Unregistered.  User Index 8
[2019.04.03-12.13.55:712][855]LogSlate: Slate User Destroyed.  User Index 8, Is Virtual User: 1
[2019.04.03-12.13.55:779][856]LogPlayLevel: Display: Destroying online subsystem :Context_7
[2019.04.03-12.14.53:394][753]LogAssetEditorManager: Opening Asset editor for WidgetBlueprint /Game/FirstPersonBP/Blueprints/HUD/Settings.Settings
[2019.04.03-12.15.07:080][752]BlueprintLog: New page: Compile Settings
[2019.04.03-12.15.14:568][122]LogEditorTransaction: Undo Remove Widget
[2019.04.03-12.15.24:257][464]BlueprintLog: New page: Compile Settings
[2019.04.03-12.21.06:620][982]LogFileHelpers: Editor autosave (incl. sublevels) for '/Game/FirstPersonBP/Maps/Menu' took 0.117
[2019.04.03-12.21.06:622][982]OBJ SavePackage: Generating thumbnails for [0] asset(s) in package [/Game/FirstPersonBP/Blueprints/HUD/MainMenu] ([1] browsable assets)...
[2019.04.03-12.21.06:622][982]OBJ SavePackage: Finished generating thumbnails for package [/Game/FirstPersonBP/Blueprints/HUD/MainMenu]
[2019.04.03-12.21.06:670][982]LogSavePackage: Moving '../../../../Bullet-Shark/BulletShark_1/MyProject/Saved/MainMenu_Auto2BA9CE09D4AB261ADCC87F5B4B589682A.tmp' to '../../../../Bullet-Shark/BulletShark_1/MyProject/Saved/Autosaves/Game/FirstPersonBP/Blueprints/HUD/MainMenu_Auto2.uasset'
[2019.04.03-12.21.06:672][982]OBJ SavePackage: Generating thumbnails for [0] asset(s) in package [/Game/FirstPersonBP/Blueprints/HUD/Difficulty] ([1] browsable assets)...
[2019.04.03-12.21.06:672][982]OBJ SavePackage: Finished generating thumbnails for package [/Game/FirstPersonBP/Blueprints/HUD/Difficulty]
[2019.04.03-12.21.06:744][982]LogSavePackage: Moving '../../../../Bullet-Shark/BulletShark_1/MyProject/Saved/Difficulty_Auto2D42BDFB14D681A1390592F9D0A79A376.tmp' to '../../../../Bullet-Shark/BulletShark_1/MyProject/Saved/Autosaves/Game/FirstPersonBP/Blueprints/HUD/Difficulty_Auto2.uasset'
[2019.04.03-12.21.06:747][982]OBJ SavePackage: Generating thumbnails for [0] asset(s) in package [/Game/FirstPersonBP/Blueprints/HUD/Settings] ([1] browsable assets)...
[2019.04.03-12.21.06:747][982]OBJ SavePackage: Finished generating thumbnails for package [/Game/FirstPersonBP/Blueprints/HUD/Settings]
[2019.04.03-12.21.06:771][982]LogSavePackage: Moving '../../../../Bullet-Shark/BulletShark_1/MyProject/Saved/Settings_Auto24019DBC7459BB847868D26BC963ADE84.tmp' to '../../../../Bullet-Shark/BulletShark_1/MyProject/Saved/Autosaves/Game/FirstPersonBP/Blueprints/HUD/Settings_Auto2.uasset'
[2019.04.03-12.21.06:993][982]LogFileHelpers: Auto-saving content packages took 0.372
[2019.04.03-13.17.05:519][ 63]LogSlate: Window 'Settings*' being destroyed
[2019.04.03-13.17.05:522][ 63]LogSlate: Window 'Settings*' being destroyed
[2019.04.03-13.17.13:233][489]Cmd: OBJ SAVEPACKAGE PACKAGE="/Game/FirstPersonBP/Blueprints/HUD/MainMenu" FILE="../../../../Bullet-Shark/BulletShark_1/MyProject/Content/FirstPersonBP/Blueprints/HUD/MainMenu.uasset" SILENT=true
[2019.04.03-13.17.13:280][489]LogSavePackage: Moving '../../../../Bullet-Shark/BulletShark_1/MyProject/Saved/MainMenuE48A43104A9D7DC5723D29B1AE529C05.tmp' to '../../../../Bullet-Shark/BulletShark_1/MyProject/Content/FirstPersonBP/Blueprints/HUD/MainMenu.uasset'
[2019.04.03-13.17.13:296][489]Cmd: OBJ SAVEPACKAGE PACKAGE="/Game/FirstPersonBP/Blueprints/HUD/Difficulty" FILE="../../../../Bullet-Shark/BulletShark_1/MyProject/Content/FirstPersonBP/Blueprints/HUD/Difficulty.uasset" SILENT=true
[2019.04.03-13.17.13:413][489]LogSavePackage: Moving '../../../../Bullet-Shark/BulletShark_1/MyProject/Saved/Difficulty79F6B5494913806DD2130E938B784200.tmp' to '../../../../Bullet-Shark/BulletShark_1/MyProject/Content/FirstPersonBP/Blueprints/HUD/Difficulty.uasset'
[2019.04.03-13.17.13:424][489]Cmd: OBJ SAVEPACKAGE PACKAGE="/Game/FirstPersonBP/Blueprints/HUD/Settings" FILE="../../../../Bullet-Shark/BulletShark_1/MyProject/Content/FirstPersonBP/Blueprints/HUD/Settings.uasset" SILENT=true
[2019.04.03-13.17.13:450][489]LogSavePackage: Moving '../../../../Bullet-Shark/BulletShark_1/MyProject/Saved/Settings042AE8D5427BE5524A9D9C97C0ED6F62.tmp' to '../../../../Bullet-Shark/BulletShark_1/MyProject/Content/FirstPersonBP/Blueprints/HUD/Settings.uasset'
[2019.04.03-13.17.15:011][599]LogSlate: Window 'MyProject - Unreal Editor' being destroyed
[2019.04.03-13.17.15:305][600]Cmd: QUIT_EDITOR
[2019.04.03-13.17.15:356][600]LogExit: Preparing to exit.
[2019.04.03-13.17.16:439][600]LogExit: Editor shut down
[2019.04.03-13.17.16:440][600]LogExit: Transaction tracking system shut down
[2019.04.03-13.17.17:056][600]LogExit: Object subsystem successfully closed.
[2019.04.03-13.17.17:121][600]LogShaderCompilers: Display: Shaders left to compile 0
[2019.04.03-13.17.17:129][600]LogD3D11RHI: Shutdown
[2019.04.03-13.17.17:129][600]LogD3D11RHI: CleanupD3DDevice
[2019.04.03-13.17.17:131][600]LogD3D11RHI: ~FD3D11DynamicRHI
[2019.04.03-13.17.17:151][600]LogModuleManager: Shutting down and abandoning module MovieSceneCapture (624)
[2019.04.03-13.17.17:151][600]LogModuleManager: Shutting down and abandoning module Voice (622)
[2019.04.03-13.17.17:151][600]LogModuleManager: Shutting down and abandoning module SequencerWidgets (620)
[2019.04.03-13.17.17:151][600]LogModuleManager: Shutting down and abandoning module BlueprintGraph (618)
[2019.04.03-13.17.17:151][600]LogModuleManager: Shutting down and abandoning module HierarchicalLODOutliner (616)
[2019.04.03-13.17.17:151][600]LogModuleManager: Shutting down and abandoning module SceneOutliner (614)
[2019.04.03-13.17.17:151][600]LogModuleManager: Shutting down and abandoning module AddContentDialog (612)
[2019.04.03-13.17.17:151][600]LogModuleManager: Shutting down and abandoning module WidgetCarousel (611)
[2019.04.03-13.17.17:151][600]LogModuleManager: Shutting down and abandoning module EditorWidgets (608)
[2019.04.03-13.17.17:152][600]LogModuleManager: Shutting down and abandoning module CollectionManager (606)
[2019.04.03-13.17.17:152][600]LogModuleManager: Shutting down and abandoning module StatsViewer (604)
[2019.04.03-13.17.17:152][600]LogModuleManager: Shutting down and abandoning module FoliageEdit (602)
[2019.04.03-13.17.17:152][600]LogModuleManager: Shutting down and abandoning module LandscapeEditor (600)
[2019.04.03-13.17.17:152][600]LogModuleManager: Shutting down and abandoning module MeshPaintMode (598)
[2019.04.03-13.17.17:152][600]LogModuleManager: Shutting down and abandoning module SceneDepthPickerMode (596)
[2019.04.03-13.17.17:152][600]LogModuleManager: Shutting down and abandoning module ActorPickerMode (594)
[2019.04.03-13.17.17:152][600]LogModuleManager: Shutting down and abandoning module GeometryMode (592)
[2019.04.03-13.17.17:152][600]LogModuleManager: Shutting down and abandoning module TextureAlignMode (590)
[2019.04.03-13.17.17:152][600]LogModuleManager: Shutting down and abandoning module BspMode (588)
[2019.04.03-13.17.17:152][600]LogModuleManager: Shutting down and abandoning module PIEPreviewDeviceProfileSelector (586)
[2019.04.03-13.17.17:152][600]LogModuleManager: Shutting down and abandoning module SequenceRecorderSections (584)
[2019.04.03-13.17.17:152][600]LogModuleManager: Shutting down and abandoning module AutomationWorker (582)
[2019.04.03-13.17.17:152][600]LogModuleManager: Shutting down and abandoning module AudioCaptureEditor (580)
[2019.04.03-13.17.17:152][600]LogModuleManager: Shutting down and abandoning module SequenceRecorder (579)
[2019.04.03-13.17.17:152][600]LogModuleManager: Shutting down and abandoning module MatineeToLevelSequence (576)
[2019.04.03-13.17.17:152][600]LogModuleManager: Shutting down and abandoning module LevelSequenceEditor (574)
[2019.04.03-13.17.17:153][600]LogModuleManager: Shutting down and abandoning module PlacementMode (573)
[2019.04.03-13.17.17:153][600]LogModuleManager: Shutting down and abandoning module MaterialEditor (572)
[2019.04.03-13.17.17:153][600]LogModuleManager: Shutting down and abandoning module WmfMediaFactory (568)
[2019.04.03-13.17.17:153][600]LogModuleManager: Shutting down and abandoning module WmfMediaEditor (566)
[2019.04.03-13.17.17:153][600]LogModuleManager: Shutting down and abandoning module MediaPlayerEditor (564)
[2019.04.03-13.17.17:153][600]LogModuleManager: Shutting down and abandoning module OpenExrWrapper (562)
[2019.04.03-13.17.17:153][600]LogModuleManager: Shutting down and abandoning module ImgMediaFactory (560)
[2019.04.03-13.17.17:153][600]LogModuleManager: Shutting down and abandoning module ImgMediaEditor (558)
[2019.04.03-13.17.17:153][600]LogModuleManager: Shutting down and abandoning module AvfMediaFactory (556)
[2019.04.03-13.17.17:153][600]LogModuleManager: Shutting down and abandoning module AvfMediaEditor (554)
[2019.04.03-13.17.17:153][600]LogModuleManager: Shutting down and abandoning module AndroidMediaFactory (552)
[2019.04.03-13.17.17:153][600]LogModuleManager: Shutting down and abandoning module AndroidMediaEditor (550)
[2019.04.03-13.17.17:153][600]LogModuleManager: Shutting down and abandoning module MagicLeapCameraPreviewFactory (548)
[2019.04.03-13.17.17:153][600]LogModuleManager: Shutting down and abandoning module MagicLeapMediaFactory (546)
[2019.04.03-13.17.17:153][600]LogModuleManager: Shutting down and abandoning module MagicLeapMediaEditor (544)
[2019.04.03-13.17.17:153][600]LogModuleManager: Shutting down and abandoning module CharacterAI (542)
[2019.04.03-13.17.17:153][600]LogModuleManager: Shutting down and abandoning module SmartSnapping (540)
[2019.04.03-13.17.17:153][600]LogModuleManager: Shutting down and abandoning module SessionServices (538)
[2019.04.03-13.17.17:153][600]LogModuleManager: Shutting down and abandoning module ViewportSnapping (536)
[2019.04.03-13.17.17:153][600]LogModuleManager: Shutting down and abandoning module ViewportInteraction (534)
[2019.04.03-13.17.17:153][600]LogModuleManager: Shutting down and abandoning module ClothPainter (532)
[2019.04.03-13.17.17:153][600]LogModuleManager: Shutting down and abandoning module SkeletalMeshEditor (531)
[2019.04.03-13.17.17:153][600]LogModuleManager: Shutting down and abandoning module LogVisualizer (528)
[2019.04.03-13.17.17:153][600]LogModuleManager: Shutting down and abandoning module IntroTutorials (526)
[2019.04.03-13.17.17:153][600]LogModuleManager: Shutting down and abandoning module GameProjectGeneration (525)
[2019.04.03-13.17.17:154][600]LogModuleManager: Shutting down and abandoning module LuminPlatformEditor (522)
[2019.04.03-13.17.17:154][600]LogModuleManager: Shutting down and abandoning module IOSPlatformEditor (520)
[2019.04.03-13.17.17:154][600]LogModuleManager: Shutting down and abandoning module HTML5PlatformEditor (518)
[2019.04.03-13.17.17:154][600]LogModuleManager: Shutting down and abandoning module AndroidPlatformEditor (516)
[2019.04.03-13.17.17:154][600]LogModuleManager: Shutting down and abandoning module AndroidDeviceDetection (515)
[2019.04.03-13.17.18:035][600]LogModuleManager: Shutting down and abandoning module WindowsPlatformEditor (512)
[2019.04.03-13.17.18:036][600]LogModuleManager: Shutting down and abandoning module LuminRuntimeSettings (510)
[2019.04.03-13.17.18:036][600]LogModuleManager: Shutting down and abandoning module IOSRuntimeSettings (508)
[2019.04.03-13.17.18:036][600]LogModuleManager: Shutting down and abandoning module AndroidRuntimeSettings (506)
[2019.04.03-13.17.18:036][600]LogModuleManager: Shutting down and abandoning module InputBindingEditor (504)
[2019.04.03-13.17.18:036][600]LogModuleManager: Shutting down and abandoning module MergeActors (502)
[2019.04.03-13.17.18:036][600]LogModuleManager: Shutting down and abandoning module LocalizationDashboard (500)
[2019.04.03-13.17.18:036][600]LogModuleManager: Shutting down and abandoning module LocalizationService (499)
[2019.04.03-13.17.18:036][600]LogModuleManager: Shutting down and abandoning module HardwareTargeting (496)
[2019.04.03-13.17.18:036][600]LogModuleManager: Shutting down and abandoning module DeviceProfileEditor (494)
[2019.04.03-13.17.18:036][600]LogModuleManager: Shutting down and abandoning module UndoHistory (492)
[2019.04.03-13.17.18:036][600]LogModuleManager: Shutting down and abandoning module XmlParser (490)
[2019.04.03-13.17.18:036][600]LogModuleManager: Shutting down and abandoning module Blutility (488)
[2019.04.03-13.17.18:036][600]LogModuleManager: Shutting down and abandoning module ProjectSettingsViewer (486)
[2019.04.03-13.17.18:036][600]LogModuleManager: Shutting down and abandoning module ProjectTargetPlatformEditor (485)
[2019.04.03-13.17.18:037][600]LogModuleManager: Shutting down and abandoning module EditorSettingsViewer (482)
[2019.04.03-13.17.18:037][600]LogModuleManager: Shutting down and abandoning module SettingsEditor (480)
[2019.04.03-13.17.18:037][600]LogModuleManager: Shutting down and abandoning module ProjectLauncher (478)
[2019.04.03-13.17.18:037][600]LogModuleManager: Shutting down and abandoning module SessionFrontend (476)
[2019.04.03-13.17.18:037][600]LogModuleManager: Shutting down and abandoning module ProfilerClient (474)
[2019.04.03-13.17.18:037][600]LogModuleManager: Shutting down and abandoning module DeviceManager (472)
[2019.04.03-13.17.18:037][600]LogModuleManager: Shutting down and abandoning module TargetDeviceServices (471)
[2019.04.03-13.17.18:087][600]LogModuleManager: Shutting down and abandoning module AutomationController (468)
[2019.04.03-13.17.18:087][600]LogModuleManager: Shutting down and abandoning module AutomationWindow (466)
[2019.04.03-13.17.18:087][600]LogModuleManager: Shutting down and abandoning module Layers (464)
[2019.04.03-13.17.18:087][600]LogModuleManager: Shutting down and abandoning module ComponentVisualizers (462)
[2019.04.03-13.17.18:087][600]LogModuleManager: Shutting down and abandoning module DetailCustomizations (460)
[2019.04.03-13.17.18:087][600]LogModuleManager: Shutting down and abandoning module PackagesDialog (458)
[2019.04.03-13.17.18:088][600]LogModuleManager: Shutting down and abandoning module Persona (456)
[2019.04.03-13.17.18:088][600]LogModuleManager: Shutting down and abandoning module AdvancedPreviewScene (455)
[2019.04.03-13.17.18:088][600]LogModuleManager: Shutting down and abandoning module AnimGraph (453)
[2019.04.03-13.17.18:088][600]LogModuleManager: Shutting down and abandoning module Kismet (450)
[2019.04.03-13.17.18:100][600]LogModuleManager: Shutting down and abandoning module GraphEditor (448)
[2019.04.03-13.17.18:101][600]LogModuleManager: Shutting down and abandoning module ClassViewer (446)
[2019.04.03-13.17.18:101][600]LogModuleManager: Shutting down and abandoning module Toolbox (444)
[2019.04.03-13.17.18:101][600]LogModuleManager: Shutting down and abandoning module ModuleUI (442)
[2019.04.03-13.17.18:101][600]LogModuleManager: Shutting down and abandoning module MovieSceneTools (440)
[2019.04.03-13.17.18:101][600]LogModuleManager: Shutting down and abandoning module OutputLog (438)
[2019.04.03-13.17.18:101][600]LogModuleManager: Shutting down and abandoning module GammaUI (436)
[2019.04.03-13.17.18:101][600]LogModuleManager: Shutting down and abandoning module Documentation (434)
[2019.04.03-13.17.18:101][600]LogModuleManager: Shutting down and abandoning module MovieSceneTracks (432)
[2019.04.03-13.17.18:101][600]LogModuleManager: Shutting down and abandoning module MovieScene (430)
[2019.04.03-13.17.18:101][600]LogModuleManager: Shutting down and abandoning module StreamingPauseRendering (428)
[2019.04.03-13.17.18:101][600]LogModuleManager: Shutting down and abandoning module LauncherPlatform (426)
[2019.04.03-13.17.18:101][600]LogModuleManager: Shutting down and abandoning module AnalyticsET (424)
[2019.04.03-13.17.18:101][600]LogModuleManager: Shutting down and abandoning module PortalServices (422)
[2019.04.03-13.17.18:101][600]LogModuleManager: Shutting down and abandoning module PortalRpc (420)
[2019.04.03-13.17.18:101][600]LogModuleManager: Shutting down and abandoning module MessagingRpc (418)
[2019.04.03-13.17.18:101][600]LogModuleManager: Shutting down and abandoning module AIModule (416)
[2019.04.03-13.17.18:102][600]LogModuleManager: Shutting down and abandoning module GameplayDebugger (415)
[2019.04.03-13.17.18:102][600]LogModuleManager: Shutting down and abandoning module AITestSuite (413)
[2019.04.03-13.17.18:102][600]LogModuleManager: Shutting down and abandoning module NavigationSystem (411)
[2019.04.03-13.17.18:102][600]LogModuleManager: Shutting down and abandoning module DesktopPlatform (408)
[2019.04.03-13.17.18:102][600]LogModuleManager: Shutting down and abandoning module ProfilerService (406)
[2019.04.03-13.17.18:233][600]LogModuleManager: Shutting down and abandoning module TaskGraph (404)
[2019.04.03-13.17.18:233][600]LogModuleManager: Shutting down and abandoning module SteamVRController (402)
[2019.04.03-13.17.18:233][600]LogModuleManager: Shutting down and abandoning module ProceduralMeshComponentEditor (400)
[2019.04.03-13.17.18:233][600]LogModuleManager: Shutting down and abandoning module ProceduralMeshComponent (398)
[2019.04.03-13.17.18:233][600]LogModuleManager: Shutting down and abandoning module OculusInput (396)
[2019.04.03-13.17.18:233][600]LogModuleManager: Shutting down and abandoning module MobilePatchingUtils (394)
[2019.04.03-13.17.18:233][600]LogModuleManager: Shutting down and abandoning module EditableMesh (392)
[2019.04.03-13.17.18:233][600]LogModuleManager: Shutting down and abandoning module CustomMeshComponent (390)
[2019.04.03-13.17.18:233][600]LogModuleManager: Shutting down and abandoning module CableComponent (388)
[2019.04.03-13.17.18:233][600]LogModuleManager: Shutting down and abandoning module AudioCapture (386)
[2019.04.03-13.17.18:233][600]LogModuleManager: Shutting down and abandoning module ArchVisCharacter (384)
[2019.04.03-13.17.18:233][600]LogModuleManager: Shutting down and abandoning module AndroidPermission (382)
[2019.04.03-13.17.18:234][600]LogModuleManager: Shutting down and abandoning module NUTUnrealEngine4 (380)
[2019.04.03-13.17.18:234][600]LogModuleManager: Shutting down and abandoning module NetcodeUnitTest (378)
[2019.04.03-13.17.18:234][600]LogModuleManager: Shutting down and abandoning module MediaCompositingEditor (376)
[2019.04.03-13.17.18:234][600]LogModuleManager: Shutting down and abandoning module MediaCompositing (374)
[2019.04.03-13.17.18:234][600]LogModuleManager: Shutting down and abandoning module LinearTimecode (372)
[2019.04.03-13.17.18:234][600]LogModuleManager: Shutting down and abandoning module ImgMedia (370)
[2019.04.03-13.17.18:241][600]LogModuleManager: Shutting down and abandoning module HTML5Networking (368)
[2019.04.03-13.17.18:241][600]LogModuleManager: Shutting down and abandoning module GeometryCacheTracks (366)
[2019.04.03-13.17.18:241][600]LogModuleManager: Shutting down and abandoning module GeometryCacheSequencer (364)
[2019.04.03-13.17.18:241][600]LogModuleManager: Shutting down and abandoning module BackChannel (362)
[2019.04.03-13.17.18:241][600]LogModuleManager: Shutting down and abandoning module AppleVision (360)
[2019.04.03-13.17.18:241][600]LogModuleManager: Shutting down and abandoning module AppleImageUtils (358)
[2019.04.03-13.17.18:241][600]LogModuleManager: Shutting down and abandoning module AlembicImporter (356)
[2019.04.03-13.17.18:241][600]LogModuleManager: Shutting down and abandoning module AlembicLibrary (355)
[2019.04.03-13.17.18:241][600]LogModuleManager: Shutting down and abandoning module GeometryCache (354)
[2019.04.03-13.17.18:242][600]LogModuleManager: Shutting down and abandoning module GeometryCacheEd (353)
[2019.04.03-13.17.18:242][600]LogModuleManager: Shutting down and abandoning module DatasmithContentEditor (348)
[2019.04.03-13.17.18:242][600]LogModuleManager: Shutting down and abandoning module DatasmithContent (346)
[2019.04.03-13.17.18:242][600]LogModuleManager: Shutting down and abandoning module SpeedTreeImporter (344)
[2019.04.03-13.17.18:242][600]LogModuleManager: Shutting down and abandoning module PluginBrowser (342)
[2019.04.03-13.17.18:243][600]LogModuleManager: Shutting down and abandoning module MobileLauncherProfileWizard (340)
[2019.04.03-13.17.18:243][600]LogModuleManager: Shutting down and abandoning module PolygonModeling (338)
[2019.04.03-13.17.18:243][600]LogModuleManager: Shutting down and abandoning module MeshEditor (336)
[2019.04.03-13.17.18:243][600]LogModuleManager: Shutting down and abandoning module CryptoKeysOpenSSL (334)
[2019.04.03-13.17.18:243][600]LogModuleManager: Shutting down and abandoning module CryptoKeys (332)
[2019.04.03-13.17.18:243][600]LogModuleManager: Shutting down and abandoning module VisualStudioSourceCodeAccess (330)
[2019.04.03-13.17.18:243][600]LogModuleManager: Shutting down and abandoning module VisualStudioCodeSourceCodeAccess (328)
[2019.04.03-13.17.18:243][600]LogModuleManager: Shutting down and abandoning module UObjectPlugin (326)
[2019.04.03-13.17.18:243][600]LogModuleManager: Shutting down and abandoning module SubversionSourceControl (324)
[2019.04.03-13.17.18:243][600]LogModuleManager: Shutting down and abandoning module PerforceSourceControl (322)
[2019.04.03-13.17.18:243][600]LogModuleManager: Shutting down and abandoning module GitSourceControl (320)
[2019.04.03-13.17.18:243][600]LogModuleManager: Shutting down and abandoning module SourceControl (319)
[2019.04.03-13.17.18:244][600]LogModuleManager: Shutting down and abandoning module CLionSourceCodeAccess (316)
[2019.04.03-13.17.18:244][600]LogModuleManager: Shutting down and abandoning module LightPropagationVolumeEditor (314)
[2019.04.03-13.17.18:244][600]LogModuleManager: Shutting down and abandoning module PaperTiledImporter (312)
[2019.04.03-13.17.18:244][600]LogModuleManager: Shutting down and abandoning module PaperSpriteSheetImporter (310)
[2019.04.03-13.17.18:244][600]LogModuleManager: Shutting down and abandoning module Paper2DEditor (308)
[2019.04.03-13.17.18:244][600]LogModuleManager: Shutting down and abandoning module MeshPaint (307)
[2019.04.03-13.17.18:244][600]LogModuleManager: Shutting down and abandoning module RuntimePhysXCooking (304)
[2019.04.03-13.17.18:244][600]LogModuleManager: Shutting down and abandoning module PhysXVehiclesEditor (302)
[2019.04.03-13.17.18:244][600]LogModuleManager: Shutting down and abandoning module PhysXVehicles (300)
[2019.04.03-13.17.18:244][600]LogModuleManager: Shutting down and abandoning module OculusEditor (298)
[2019.04.03-13.17.18:244][600]LogModuleManager: Shutting down and abandoning module LocationServicesBPLibrary (296)
[2019.04.03-13.17.18:244][600]LogModuleManager: Shutting down and abandoning module ImmediatePhysicsEditor (294)
[2019.04.03-13.17.18:244][600]LogModuleManager: Shutting down and abandoning module ImmediatePhysics (292)
[2019.04.03-13.17.18:244][600]LogModuleManager: Shutting down and abandoning module ActorSequence (290)
[2019.04.03-13.17.18:244][600]LogModuleManager: Shutting down and abandoning module UdpMessaging (288)
[2019.04.03-13.17.18:345][600]LogModuleManager: Shutting down and abandoning module TcpMessaging (286)
[2019.04.03-13.17.18:445][600]LogModuleManager: Shutting down and abandoning module DonAINavigation (284)
[2019.04.03-13.17.18:445][600]LogModuleManager: Shutting down and abandoning module MagicLeapAudio (282)
[2019.04.03-13.17.18:445][600]LogModuleManager: Shutting down and abandoning module OSVRInput (280)
[2019.04.03-13.17.18:445][600]LogModuleManager: Shutting down and abandoning module OSVR (278)
[2019.04.03-13.17.18:445][600]LogModuleManager: Shutting down and abandoning module GameplayTagsEditor (276)
[2019.04.03-13.17.18:445][600]LogModuleManager: Shutting down and abandoning module FacialAnimationEditor (274)
[2019.04.03-13.17.18:445][600]LogModuleManager: Shutting down and abandoning module FacialAnimation (272)
[2019.04.03-13.17.18:445][600]LogModuleManager: Shutting down and abandoning module DataValidation (270)
[2019.04.03-13.17.18:446][600]LogModuleManager: Shutting down and abandoning module AssetManagerEditor (268)
[2019.04.03-13.17.18:446][600]LogModuleManager: Shutting down and abandoning module LevelEditor (267)
[2019.04.03-13.17.18:448][600]LogModuleManager: Shutting down and abandoning module PixelInspectorModule (266)
[2019.04.03-13.17.18:448][600]LogModuleManager: Shutting down and abandoning module CommonMenuExtensions (264)
[2019.04.03-13.17.18:448][600]LogModuleManager: Shutting down and abandoning module MainFrame (262)
[2019.04.03-13.17.18:448][600]LogModuleManager: Shutting down and abandoning module HotReload (261)
[2019.04.03-13.17.18:449][600]LogModuleManager: Shutting down and abandoning module ContentBrowser (257)
[2019.04.03-13.17.18:452][600]LogModuleManager: Shutting down and abandoning module TreeMap (255)
[2019.04.03-13.17.18:452][600]LogModuleManager: Shutting down and abandoning module LightPropagationVolumeRuntime (252)
[2019.04.03-13.17.18:452][600]LogModuleManager: Shutting down and abandoning module AISupportModule (250)
[2019.04.03-13.17.18:452][600]LogModuleManager: Shutting down and abandoning module Paper2D (248)
[2019.04.03-13.17.18:452][600]LogModuleManager: Shutting down and abandoning module WindowsMoviePlayer (246)
[2019.04.03-13.17.18:452][600]LogModuleManager: Shutting down and abandoning module WmfMedia (244)
[2019.04.03-13.17.18:454][600]LogModuleManager: Shutting down and abandoning module Media (243)
[2019.04.03-13.17.18:459][600]LogModuleManager: Shutting down and abandoning module PacketHandler (240)
[2019.04.03-13.17.18:460][600]LogModuleManager: Shutting down and abandoning module ClothingSystemEditor (238)
[2019.04.03-13.17.18:460][600]LogModuleManager: Shutting down and abandoning module ClothingSystemRuntime (236)
[2019.04.03-13.17.18:460][600]LogModuleManager: Shutting down and abandoning module MediaAssets (234)
[2019.04.03-13.17.18:460][600]LogModuleManager: Shutting down and abandoning module Overlay (232)
[2019.04.03-13.17.18:460][600]LogModuleManager: Shutting down and abandoning module OverlayEditor (231)
[2019.04.03-13.17.18:460][600]LogModuleManager: Shutting down and abandoning module VREditor (228)
[2019.04.03-13.17.18:460][600]LogModuleManager: Shutting down and abandoning module StringTableEditor (226)
[2019.04.03-13.17.18:460][600]LogModuleManager: Shutting down and abandoning module GameplayTasksEditor (224)
[2019.04.03-13.17.18:460][600]LogModuleManager: Shutting down and abandoning module BehaviorTreeEditor (222)
[2019.04.03-13.17.18:460][600]LogModuleManager: Shutting down and abandoning module FunctionalTesting (220)
[2019.04.03-13.17.18:460][600]LogModuleManager: Shutting down and abandoning module CollisionAnalyzer (218)
[2019.04.03-13.17.18:460][600]LogModuleManager: Shutting down and abandoning module WorkspaceMenuStructure (217)
[2019.04.03-13.17.18:460][600]LogModuleManager: Shutting down and abandoning module UMG (214)
[2019.04.03-13.17.18:460][600]LogModuleManager: Shutting down and abandoning module UMGEditor (213)
[2019.04.03-13.17.18:460][600]LogModuleManager: Shutting down and abandoning module Sequencer (212)
[2019.04.03-13.17.18:461][600]LogModuleManager: Shutting down and abandoning module MessageLog (209)
[2019.04.03-13.17.18:461][600]LogModuleManager: Shutting down and abandoning module SlateReflector (204)
[2019.04.03-13.17.18:461][600]LogModuleManager: Shutting down and abandoning module Slate (202)
[2019.04.03-13.17.18:461][600]LogModuleManager: Shutting down and abandoning module EditorStyle (200)
[2019.04.03-13.17.18:465][600]LogModuleManager: Shutting down and abandoning module MRMesh (198)
[2019.04.03-13.17.18:465][600]LogModuleManager: Shutting down and abandoning module SourceCodeAccess (196)
[2019.04.03-13.17.18:465][600]LogModuleManager: Shutting down and abandoning module HeadMountedDisplay (194)
[2019.04.03-13.17.18:465][600]LogModuleManager: Shutting down and abandoning module XAudio2 (192)
[2019.04.03-13.17.18:465][600]LogModuleManager: Shutting down and abandoning module Networking (190)
[2019.04.03-13.17.18:465][600]LogModuleManager: Shutting down and abandoning module Core (188)
[2019.04.03-13.17.18:465][600]LogModuleManager: Shutting down and abandoning module LevelSequence (186)
[2019.04.03-13.17.18:465][600]LogModuleManager: Shutting down and abandoning module KismetCompiler (184)
[2019.04.03-13.17.18:465][600]LogModuleManager: Shutting down and abandoning module MeshUtilities (182)
[2019.04.03-13.17.18:465][600]LogModuleManager: Shutting down and abandoning module MeshMergeUtilities (181)
[2019.04.03-13.17.18:465][600]LogModuleManager: Shutting down and abandoning module MeshReductionInterface (180)
[2019.04.03-13.17.18:466][600]LogModuleManager: Shutting down and abandoning module SimplygonSwarm (179)
[2019.04.03-13.17.18:466][600]LogModuleManager: Shutting down and abandoning module ProxyLODMeshReduction (177)
[2019.04.03-13.17.18:466][600]LogModuleManager: Shutting down and abandoning module SimplygonMeshReduction (175)
[2019.04.03-13.17.18:466][600]LogModuleManager: Shutting down and abandoning module QuadricMeshReduction (173)
[2019.04.03-13.17.18:466][600]LogModuleManager: Shutting down and abandoning module MaterialBaking (169)
[2019.04.03-13.17.18:466][600]LogModuleManager: Shutting down and abandoning module DirectoryWatcher (165)
[2019.04.03-13.17.18:466][600]LogModuleManager: Shutting down and abandoning module DerivedDataCache (162)
[2019.04.03-13.17.18:518][600]LogDerivedDataCache: Shutdown
[2019.04.03-13.17.18:519][600]LogModuleManager: Shutting down and abandoning module XGEController (160)
[2019.04.03-13.17.18:519][600]LogModuleManager: Shutting down and abandoning module TargetPlatform (158)
[2019.04.03-13.17.18:519][600]LogModuleManager: Shutting down and abandoning module VulkanShaderFormat (157)
[2019.04.03-13.17.18:519][600]LogModuleManager: Shutting down and abandoning module ShaderFormatVectorVM (155)
[2019.04.03-13.17.18:519][600]LogModuleManager: Shutting down and abandoning module ShaderFormatOpenGL (153)
[2019.04.03-13.17.18:519][600]LogModuleManager: Shutting down and abandoning module ShaderFormatD3D (151)
[2019.04.03-13.17.18:519][600]LogModuleManager: Shutting down and abandoning module MetalShaderFormat (149)
[2019.04.03-13.17.18:519][600]LogModuleManager: Shutting down and abandoning module TextureFormatUncompressed (147)
[2019.04.03-13.17.18:519][600]LogModuleManager: Shutting down and abandoning module TextureFormatPVR (145)
[2019.04.03-13.17.18:519][600]LogModuleManager: Shutting down and abandoning module TextureFormatDXT (143)
[2019.04.03-13.17.18:519][600]LogModuleManager: Shutting down and abandoning module TextureFormatIntelISPCTexComp (141)
[2019.04.03-13.17.18:519][600]LogModuleManager: Shutting down and abandoning module TextureFormatASTC (139)
[2019.04.03-13.17.18:519][600]LogModuleManager: Shutting down and abandoning module ImageWrapper (138)
[2019.04.03-13.17.18:519][600]LogModuleManager: Shutting down and abandoning module TextureFormatAndroid (135)
[2019.04.03-13.17.18:519][600]LogModuleManager: Shutting down and abandoning module AudioFormatOpus (133)
[2019.04.03-13.17.18:520][600]LogModuleManager: Shutting down and abandoning module AudioFormatOgg (131)
[2019.04.03-13.17.18:520][600]LogModuleManager: Shutting down and abandoning module AudioFormatADPCM (129)
[2019.04.03-13.17.18:520][600]LogModuleManager: Shutting down and abandoning module LuminTargetPlatform (127)
[2019.04.03-13.17.18:520][600]LogModuleManager: Shutting down and abandoning module LinuxTargetPlatform (125)
[2019.04.03-13.17.18:520][600]LogModuleManager: Shutting down and abandoning module LinuxServerTargetPlatform (123)
[2019.04.03-13.17.18:520][600]LogModuleManager: Shutting down and abandoning module LinuxNoEditorTargetPlatform (121)
[2019.04.03-13.17.18:520][600]LogModuleManager: Shutting down and abandoning module LinuxClientTargetPlatform (119)
[2019.04.03-13.17.18:520][600]LogModuleManager: Shutting down and abandoning module TVOSTargetPlatform (117)
[2019.04.03-13.17.18:522][600]LogModuleManager: Shutting down and abandoning module Messaging (115)
[2019.04.03-13.17.18:522][600]LogModuleManager: Shutting down and abandoning module IOSTargetPlatform (113)
[2019.04.03-13.17.18:523][600]LogModuleManager: Shutting down and abandoning module HTML5TargetPlatform (111)
[2019.04.03-13.17.18:523][600]LogModuleManager: Shutting down and abandoning module AndroidTargetPlatform (109)
[2019.04.03-13.17.18:543][600]LogModuleManager: Shutting down and abandoning module WindowsTargetPlatform (107)
[2019.04.03-13.17.18:543][600]LogModuleManager: Shutting down and abandoning module WindowsServerTargetPlatform (105)
[2019.04.03-13.17.18:543][600]LogModuleManager: Shutting down and abandoning module WindowsNoEditorTargetPlatform (103)
[2019.04.03-13.17.18:543][600]LogModuleManager: Shutting down and abandoning module WindowsClientTargetPlatform (101)
[2019.04.03-13.17.18:543][600]LogModuleManager: Shutting down and abandoning module MacTargetPlatform (99)
[2019.04.03-13.17.18:543][600]LogModuleManager: Shutting down and abandoning module MacServerTargetPlatform (97)
[2019.04.03-13.17.18:543][600]LogModuleManager: Shutting down and abandoning module MacNoEditorTargetPlatform (95)
[2019.04.03-13.17.18:543][600]LogModuleManager: Shutting down and abandoning module MacClientTargetPlatform (93)
[2019.04.03-13.17.18:543][600]LogModuleManager: Shutting down and abandoning module AllDesktopTargetPlatform (91)
[2019.04.03-13.17.18:543][600]LogModuleManager: Shutting down and abandoning module InputCore (88)
[2019.04.03-13.17.18:543][600]LogModuleManager: Shutting down and abandoning module Settings (86)
[2019.04.03-13.17.18:543][600]LogModuleManager: Shutting down and abandoning module PhysXCooking (84)
[2019.04.03-13.17.18:543][600]LogModuleManager: Shutting down and abandoning module SteamVR (82)
[2019.04.03-13.17.18:543][600]LogModuleManager: Shutting down and abandoning module OculusHMD (80)
[2019.04.03-13.17.18:543][600]LogModuleManager: Shutting down and abandoning module ExampleDeviceProfileSelector (78)
[2019.04.03-13.17.18:543][600]LogModuleManager: Shutting down and abandoning module LauncherChunkInstaller (76)
[2019.04.03-13.17.18:543][600]LogModuleManager: Shutting down and abandoning module OnlineBlueprintSupport (74)
[2019.04.03-13.17.18:543][600]LogModuleManager: Shutting down and abandoning module OnlineSubsystem (70)
[2019.04.03-13.17.18:545][600]LogModuleManager: Shutting down and abandoning module XMPP (65)
[2019.04.03-13.17.18:545][600]LogModuleManager: Shutting down and abandoning module WebSockets (64)
[2019.04.03-13.17.18:553][600]LogModuleManager: Shutting down and abandoning module HTTP (61)
[2019.04.03-13.17.18:553][600]LogHttp: Display: Http module shutting down, but needs to wait on 1 outstanding Http requests:
[2019.04.03-13.17.18:553][600]LogHttp: Display: 	verb=[POST] url=[https://datarouter.ol.epicgames.com/datarouter/api/v1/public/data?SessionID=%7BA93869A1-4DAF-5997-142F-A2BA86478BFC%7D&AppID=UEEditor.Rocket.Release&AppVersion=4.20.2-4302132%2B%2B%2BUE4%2BRelease-4.20&UserID=94d09d42465787563429e4997569310f%7C09e024644b7d49ccaabb13f13523cfab%7Cfceb5131-dc22-49fe-a96c-cf1b01a81db3&AppEnvironment=datacollector-binary&UploadType=eteventstream] status=Processing
[2019.04.03-13.17.18:558][600]LogModuleManager: Shutting down and abandoning module SSL (60)
[2019.04.03-13.17.18:560][600]LogModuleManager: Shutting down and abandoning module MagicLeapEmulator (56)
[2019.04.03-13.17.18:560][600]LogModuleManager: Shutting down and abandoning module MagicLeapPrivileges (54)
[2019.04.03-13.17.18:560][600]LogModuleManager: Shutting down and abandoning module MagicLeapIdentity (52)
[2019.04.03-13.17.18:560][600]LogModuleManager: Shutting down and abandoning module MagicLeapHelperVulkan (50)
[2019.04.03-13.17.18:560][600]LogModuleManager: Shutting down and abandoning module MagicLeapHelperOpenGL (48)
[2019.04.03-13.17.18:560][600]LogModuleManager: Shutting down and abandoning module MagicLeapSecureStorage (46)
[2019.04.03-13.17.18:560][600]LogModuleManager: Shutting down and abandoning module MagicLeapGestures (44)
[2019.04.03-13.17.18:561][600]LogModuleManager: Shutting down and abandoning module MagicLeapEyeTracker (42)
[2019.04.03-13.17.18:561][600]LogModuleManager: Shutting down and abandoning module MagicLeapController (40)
[2019.04.03-13.17.18:561][600]LogSlate: Slate User Destroyed.  User Index 0, Is Virtual User: 0
[2019.04.03-13.17.18:561][600]LogModuleManager: Shutting down and abandoning module MagicLeap (38)
[2019.04.03-13.17.18:561][600]LogModuleManager: Shutting down and abandoning module AnimationModifiers (36)
[2019.04.03-13.17.18:561][600]LogModuleManager: Shutting down and abandoning module PropertyEditor (35)
[2019.04.03-13.17.18:561][600]LogModuleManager: Shutting down and abandoning module AudioEditor (32)
[2019.04.03-13.17.18:561][600]LogModuleManager: Shutting down and abandoning module TextureCompressor (30)
[2019.04.03-13.17.18:562][600]LogModuleManager: Shutting down and abandoning module ShaderCore (28)
[2019.04.03-13.17.18:562][600]LogModuleManager: Shutting down and abandoning module Landscape (26)
[2019.04.03-13.17.18:562][600]LogModuleManager: Shutting down and abandoning module SlateRHIRenderer (24)
[2019.04.03-13.17.18:563][600]LogModuleManager: Shutting down and abandoning module OpenGLDrv (22)
[2019.04.03-13.17.18:564][600]LogModuleManager: Shutting down and abandoning module D3D11RHI (20)
[2019.04.03-13.17.18:564][600]LogModuleManager: Shutting down and abandoning module AnimGraphRuntime (18)
[2019.04.03-13.17.18:564][600]LogModuleManager: Shutting down and abandoning module Renderer (16)
[2019.04.03-13.17.18:564][600]LogModuleManager: Shutting down and abandoning module Engine (14)
[2019.04.03-13.17.18:564][600]LogModuleManager: Shutting down and abandoning module CoreUObject (12)
[2019.04.03-13.17.18:564][600]LogModuleManager: Shutting down and abandoning module NetworkFile (10)
[2019.04.03-13.17.18:564][600]LogModuleManager: Shutting down and abandoning module CookedIterativeFile (8)
[2019.04.03-13.17.18:564][600]LogModuleManager: Shutting down and abandoning module StreamingFile (6)
[2019.04.03-13.17.18:564][600]LogModuleManager: Shutting down and abandoning module SandboxFile (4)
[2019.04.03-13.17.18:564][600]LogModuleManager: Shutting down and abandoning module PakFile (2)
[2019.04.03-13.17.18:622][600]LogExit: Exiting.
[2019.04.03-13.17.18:633][600]Log file closed, 04/03/19 09:17:18
