Log file open, 04/16/19 22:01:49
LogWindows: Failed to load 'aqProf.dll' (GetLastError=126)
LogWindows: File 'aqProf.dll' does not exist
LogWindows: Failed to load 'VSPerf140.dll' (GetLastError=126)
LogWindows: File 'VSPerf140.dll' does not exist
LogWindows: Failed to load 'VtuneApi.dll' (GetLastError=126)
LogWindows: File 'VtuneApi.dll' does not exist
LogWindows: Failed to load 'VtuneApi32e.dll' (GetLastError=126)
LogWindows: File 'VtuneApi32e.dll' does not exist
LogInit: Display: Running engine for game: MyProject
LogPlatformFile: Not using cached read wrapper
LogTaskGraph: Started task graph with 5 named threads and 23 total threads with 3 sets of task threads.
LogStats: Stats thread started at 0.299095
LogD3D11RHI: Loaded GFSDK_Aftermath_Lib.x64.dll
LogICUInternationalization: Display: ICU TimeZone Detection - Raw Offset: -5:00, Platform Override: ''
LogPluginManager: Mounting plugin Paper2D
LogPluginManager: Mounting plugin AISupport
LogPluginManager: Mounting plugin LightPropagationVolume
LogPluginManager: Mounting plugin CLionSourceCodeAccess
LogPluginManager: Mounting plugin CodeLiteSourceCodeAccess
LogPluginManager: Mounting plugin GitSourceControl
LogPluginManager: Mounting plugin KDevelopSourceCodeAccess
LogPluginManager: Mounting plugin NullSourceCodeAccess
LogPluginManager: Mounting plugin PerforceSourceControl
LogPluginManager: Mounting plugin SubversionSourceControl
LogPluginManager: Mounting plugin UObjectPlugin
LogPluginManager: Mounting plugin VisualStudioCodeSourceCodeAccess
LogPluginManager: Mounting plugin VisualStudioSourceCodeAccess
LogPluginManager: Mounting plugin XCodeSourceCodeAccess
LogPluginManager: Mounting plugin AssetManagerEditor
LogPluginManager: Mounting plugin CryptoKeys
LogPluginManager: Mounting plugin DataValidation
LogPluginManager: Mounting plugin FacialAnimation
LogPluginManager: Mounting plugin GameplayTagsEditor
LogPluginManager: Mounting plugin MacGraphicsSwitching
LogPluginManager: Mounting plugin MeshEditor
LogPluginManager: Mounting plugin MobileLauncherProfileWizard
LogPluginManager: Mounting plugin PluginBrowser
LogPluginManager: Mounting plugin SpeedTreeImporter
LogPluginManager: Mounting plugin DatasmithContent
LogPluginManager: Mounting plugin AlembicImporter
LogPluginManager: Mounting plugin AppleImageUtils
LogPluginManager: Mounting plugin AppleVision
LogPluginManager: Mounting plugin BackChannel
LogPluginManager: Mounting plugin CharacterAI
LogPluginManager: Mounting plugin GeometryCache
LogPluginManager: Mounting plugin HTML5Networking
LogPluginManager: Mounting plugin OSVR
LogPluginManager: Mounting plugin ProxyLODPlugin
LogPluginManager: Mounting plugin MagicLeap
LogPluginManager: Mounting plugin MagicLeapEmulator
LogPluginManager: Mounting plugin MagicLeapMedia
LogPluginManager: Mounting plugin AndroidMedia
LogPluginManager: Mounting plugin AvfMedia
LogPluginManager: Mounting plugin ImgMedia
LogPluginManager: Mounting plugin LinearTimecode
LogPluginManager: Mounting plugin MediaCompositing
LogPluginManager: Mounting plugin MediaPlayerEditor
LogPluginManager: Mounting plugin WmfMedia
LogPluginManager: Mounting plugin TcpMessaging
LogPluginManager: Mounting plugin UdpMessaging
LogPluginManager: Mounting plugin ActorSequence
LogPluginManager: Mounting plugin LevelSequenceEditor
LogPluginManager: Mounting plugin MatineeToLevelSequence
LogPluginManager: Mounting plugin NetcodeUnitTest
LogPluginManager: Mounting plugin NUTUnrealEngine4
LogPluginManager: Mounting plugin OnlineSubsystemGooglePlay
LogPluginManager: Mounting plugin OnlineSubsystemIOS
LogPluginManager: Mounting plugin OnlineSubsystem
LogPluginManager: Mounting plugin OnlineSubsystemNull
LogPluginManager: Mounting plugin OnlineSubsystemUtils
LogPluginManager: Mounting plugin LauncherChunkInstaller
LogPluginManager: Mounting plugin AndroidDeviceProfileSelector
LogPluginManager: Mounting plugin AndroidMoviePlayer
LogPluginManager: Mounting plugin AndroidPermission
LogPluginManager: Mounting plugin AppleMoviePlayer
LogPluginManager: Mounting plugin ArchVisCharacter
LogPluginManager: Mounting plugin AudioCapture
LogPluginManager: Mounting plugin CableComponent
LogPluginManager: Mounting plugin CustomMeshComponent
LogPluginManager: Mounting plugin EditableMesh
LogPluginManager: Mounting plugin ExampleDeviceProfileSelector
LogPluginManager: Mounting plugin GoogleCloudMessaging
LogPluginManager: Mounting plugin ImmediatePhysics
LogPluginManager: Mounting plugin IOSDeviceProfileSelector
LogPluginManager: Mounting plugin LinuxDeviceProfileSelector
LogPluginManager: Mounting plugin LocationServicesBPLibrary
LogPluginManager: Mounting plugin MobilePatchingUtils
LogPluginManager: Mounting plugin OculusVR
LogPluginManager: Plugin shader directory ../../../Engine/Plugins/Runtime/Oculus/OculusVR/Shaders found
LogPluginManager: Mapping shader source directory ../../../Engine/Plugins/Runtime/Oculus/OculusVR/Shaders to virtual directory /Plugin/OculusVR
LogPluginManager: Mounting plugin PhysXVehicles
LogPluginManager: Mounting plugin ProceduralMeshComponent
LogPluginManager: Mounting plugin RuntimePhysXCooking
LogPluginManager: Mounting plugin SteamVR
LogPluginManager: Mounting plugin WindowsMoviePlayer
LogStreaming: Display: Took  0.595s to configure plugins.
LogInit: Using libcurl 7.55.1-DEV
LogInit:  - built for x86_64-pc-win32
LogInit:  - supports SSL with OpenSSL/1.0.2h
LogInit:  - supports HTTP deflate (compression) using libz 1.2.8
LogInit:  - other features:
LogInit:      CURL_VERSION_SSL
LogInit:      CURL_VERSION_LIBZ
LogInit:      CURL_VERSION_IPV6
LogInit:      CURL_VERSION_ASYNCHDNS
LogInit:      CURL_VERSION_LARGEFILE
LogInit:      CURL_VERSION_IDN
LogInit:  CurlRequestOptions (configurable via config and command line):
LogInit:  - bVerifyPeer = false  - Libcurl will NOT verify peer certificate
LogInit:  - bUseHttpProxy = false  - Libcurl will NOT use HTTP proxy
LogInit:  - bDontReuseConnections = false  - Libcurl will reuse connections
LogInit:  - CertBundlePath = nullptr  - Libcurl will use whatever was configured at build time.
LogInit:  - MaxHostConnections = 16  - Libcurl will limit the number of connections to a host
LogInit:  - LocalHostAddr = Default
LogInit:  - BufferSize = 65536
LogInit: WinSock: version 1.1 (2.2), MaxSocks=32767, MaxUdp=65467
LogInit: Build: ++UE4+Release-4.20-CL-4369336
LogInit: Engine Version: 4.20.3-4369336+++UE4+Release-4.20
LogInit: Compatible Engine Version: 4.20.0-4212847+++UE4+Release-4.20
LogInit: Net CL: 4212847
LogInit: OS: Windows 10 (), CPU: AMD Ryzen 5 2400G with Radeon Vega Graphics    , GPU: Radeon(TM) RX 580
LogInit: Compiled (64-bit): Sep 17 2018 12:26:19
LogInit: Compiled with Visual C++: 19.13.26129.00
LogInit: Build Configuration: Development
LogInit: Branch Name: ++UE4+Release-4.20
LogInit: Command Line: -EpicPortal  -epicusername="Ming Li1" -epicuserid=09e024644b7d49ccaabb13f13523cfab -epiclocale=en-US
LogInit: Base Directory: C:/Program Files/Epic Games/UE_4.20/Engine/Binaries/Win64/
LogInit: Installed Engine Build: 1
LogDevObjectVersion: Number of dev versions registered: 20
LogDevObjectVersion:   Dev-Blueprints (B0D832E4-1F89-4F0D-ACCF-7EB736FD4AA2): 10
LogDevObjectVersion:   Dev-Build (E1C64328-A22C-4D53-A36C-8E866417BD8C): 0
LogDevObjectVersion:   Dev-Core (375EC13C-06E4-48FB-B500-84F0262A717E): 2
LogDevObjectVersion:   Dev-Editor (E4B068ED-F494-42E9-A231-DA0B2E46BB41): 24
LogDevObjectVersion:   Dev-Framework (CFFC743F-43B0-4480-9391-14DF171D2073): 34
LogDevObjectVersion:   Dev-Mobile (B02B49B5-BB20-44E9-A304-32B752E40360): 2
LogDevObjectVersion:   Dev-Networking (A4E4105C-59A1-49B5-A7C5-40C4547EDFEE): 0
LogDevObjectVersion:   Dev-Online (39C831C9-5AE6-47DC-9A44-9C173E1C8E7C): 0
LogDevObjectVersion:   Dev-Physics (78F01B33-EBEA-4F98-B9B4-84EACCB95AA2): 0
LogDevObjectVersion:   Dev-Platform (6631380F-2D4D-43E0-8009-CF276956A95A): 0
LogDevObjectVersion:   Dev-Rendering (12F88B9F-8875-4AFC-A67C-D90C383ABD29): 26
LogDevObjectVersion:   Dev-Sequencer (7B5AE74C-D270-4C10-A958-57980B212A5A): 9
LogDevObjectVersion:   Dev-VR (D7296918-1DD6-4BDD-9DE2-64A83CC13884): 2
LogDevObjectVersion:   Dev-LoadTimes (C2A15278-BFE7-4AFE-6C17-90FF531DF755): 1
LogDevObjectVersion:   Private-Geometry (6EACA3D4-40EC-4CC1-B786-8BED09428FC5): 3
LogDevObjectVersion:   Dev-AnimPhys (29E575DD-E0A3-4627-9D10-D276232CDCEA): 17
LogDevObjectVersion:   Dev-ReflectionCapture (6B266CEC-1EC7-4B8F-A30B-E4D90942FC07): 1
LogDevObjectVersion:   Dev-Automation (0DF73D61-A23F-47EA-B727-89E90C41499A): 1
LogDevObjectVersion:   FortniteMain (601D1886-AC64-4F84-AA16-D3DE0DEAC7D6): 12
LogDevObjectVersion:   Dev-Enterprise (9DFFBCD6-494F-0158-E221-12823C92A888): 1
LogStreaming: Display: Took  0.029s to delete old logs.
LogInit: Presizing for max 8388607 objects, including 0 objects not considered by GC, pre-allocating 0 bytes for permanent pool.
LogInit: Object subsystem initialized
[2019.04.17-02.01.49:881][  0]LogInit: Selected Device Profile: [Windows]
[2019.04.17-02.01.49:881][  0]LogInit: Applying CVar settings loaded from the selected device profile: [Windows]
[2019.04.17-02.01.49:903][  0]LogHAL: Display: Platform has ~ 7 GB [7424102400 / 8589934592 / 7], which maps to Smaller [LargestMinGB=32, LargerMinGB=12, DefaultMinGB=8, SmallerMinGB=6, SmallestMinGB=0)
[2019.04.17-02.01.49:904][  0]LogInit: Setting Device Profile CVar: [[r.Vulkan.UseRealUBs:1]]
[2019.04.17-02.01.49:904][  0]LogInit: Going up to parent DeviceProfile []
[2019.04.17-02.01.49:904][  0]LogInit: Computer: DESKTOP-F8LJ3NT
[2019.04.17-02.01.49:904][  0]LogInit: User: Owner
[2019.04.17-02.01.49:904][  0]LogInit: CPU Page size=4096, Cores=4
[2019.04.17-02.01.49:904][  0]LogInit: High frequency timer resolution =3.509020 MHz
[2019.04.17-02.01.49:904][  0]LogMemory: Memory total: Physical=6.9GB (7GB approx)
[2019.04.17-02.01.49:904][  0]LogMemory: Platform Memory Stats for Windows
[2019.04.17-02.01.49:904][  0]LogMemory: Process Physical Memory: 102.61 MB used, 102.61 MB peak
[2019.04.17-02.01.49:904][  0]LogMemory: Process Virtual Memory: 94.47 MB used, 94.47 MB peak
[2019.04.17-02.01.49:904][  0]LogMemory: Physical Memory: 5653.05 MB used,  1427.13 MB free, 7080.18 MB total
[2019.04.17-02.01.49:904][  0]LogMemory: Virtual Memory: 4644.32 MB used,  1427.13 MB free, 134217728.00 MB total
[2019.04.17-02.01.49:924][  0]LogInit: Using OS detected language (en-US).
[2019.04.17-02.01.49:924][  0]LogInit: Using OS detected locale (en-US).
[2019.04.17-02.01.49:926][  0]LogTextLocalizationManager: No specific localization for 'en-US' exists, so the 'en' localization will be used.
[2019.04.17-02.01.50:313][  0]LogStreaming: Display: Took  0.388s to InitEngineTextLocalization.
[2019.04.17-02.01.50:313][  0]LogInit: Setting process to per monitor DPI aware
[2019.04.17-02.01.50:372][  0]LogSlate: New Slate User Created.  User Index 0, Is Virtual User: 0
[2019.04.17-02.01.50:372][  0]LogSlate: Slate User Registered.  User Index 0, Is Virtual User: 0
[2019.04.17-02.01.50:678][  0]LogHMD: Failed to initialize OpenVR with code 110
[2019.04.17-02.01.50:678][  0]LogD3D11RHI: D3D11 adapters:
[2019.04.17-02.01.50:721][  0]LogD3D11RHI:    0. 'Radeon(TM) RX 580' (Feature Level 11_0)
[2019.04.17-02.01.50:721][  0]LogD3D11RHI:       4042/0/3540 MB DedicatedVideo/DedicatedSystem/SharedSystem, Outputs:2, VendorId:0x1002
[2019.04.17-02.01.50:746][  0]LogD3D11RHI:    1. 'AMD 15DD Graphics' (Feature Level 11_0)
[2019.04.17-02.01.50:746][  0]LogD3D11RHI:       1009/0/3540 MB DedicatedVideo/DedicatedSystem/SharedSystem, Outputs:0, VendorId:0x1002
[2019.04.17-02.01.50:748][  0]LogD3D11RHI:    2. 'Microsoft Basic Render Driver' (Feature Level 11_0)
[2019.04.17-02.01.50:748][  0]LogD3D11RHI:       0/0/3540 MB DedicatedVideo/DedicatedSystem/SharedSystem, Outputs:0, VendorId:0x1414
[2019.04.17-02.01.50:748][  0]LogD3D11RHI: Chosen D3D11 Adapter: 0
[2019.04.17-02.01.50:759][  0]LogD3D11RHI: Creating new Direct3DDevice
[2019.04.17-02.01.50:759][  0]LogD3D11RHI:     GPU DeviceId: 0x67df (for the marketing name, search the web for "GPU Device Id")
[2019.04.17-02.01.50:759][  0]LogWindows: EnumDisplayDevices:
[2019.04.17-02.01.50:759][  0]LogWindows:    0. 'Radeon(TM) RX 580' (P:0 D:1)
[2019.04.17-02.01.50:760][  0]LogWindows:    1. 'Radeon(TM) RX 580' (P:1 D:1)
[2019.04.17-02.01.50:760][  0]LogWindows:    2. 'Radeon(TM) RX 580' (P:0 D:0)
[2019.04.17-02.01.50:760][  0]LogWindows:    3. 'Radeon(TM) RX 580' (P:0 D:0)
[2019.04.17-02.01.50:760][  0]LogWindows:    4. 'Radeon(TM) RX 580' (P:0 D:0)
[2019.04.17-02.01.50:761][  0]LogWindows:    5. 'Radeon(TM) RX 580' (P:0 D:0)
[2019.04.17-02.01.50:761][  0]LogWindows:    6. 'Radeon(TM) RX 580' (P:0 D:0)
[2019.04.17-02.01.50:761][  0]LogWindows:    7. 'AMD 15DD Graphics' (P:0 D:0)
[2019.04.17-02.01.50:761][  0]LogWindows:    8. 'AMD 15DD Graphics' (P:0 D:0)
[2019.04.17-02.01.50:762][  0]LogWindows:    9. 'AMD 15DD Graphics' (P:0 D:0)
[2019.04.17-02.01.50:762][  0]LogWindows:    10. 'AMD 15DD Graphics' (P:0 D:0)
[2019.04.17-02.01.50:762][  0]LogWindows: DebugString: PrimaryIsNotTheChoosenAdapter PrimaryIsNotTheChoosenAdapter PrimaryIsNotTheChoosenAdapter PrimaryIsNotTheChoosenAdapter FoundDriverCount:7 
[2019.04.17-02.01.50:762][  0]LogD3D11RHI:     Adapter Name: Radeon(TM) RX 580
[2019.04.17-02.01.50:762][  0]LogD3D11RHI:   Driver Version: Adrenalin 17.12 (internal:24.20.13012.1003, unified:24.20.13012.1003)
[2019.04.17-02.01.50:762][  0]LogD3D11RHI:      Driver Date: 11-8-2018
[2019.04.17-02.01.50:762][  0]LogRHI: Texture pool is 2829 MB (70% of 4042 MB)
[2019.04.17-02.01.50:837][  0]LogD3D11RHI: Async texture creation enabled
[2019.04.17-02.01.50:850][  0]LogD3D11RHI: GPU Timing Frequency: 25.000000 (Debug: 2 1)
[2019.04.17-02.01.50:852][  0]LogShaderCompilers: Guid format shader working directory is -1 characters bigger than the processId version (D:/github/Bullet-Shark/BulletShark_1/MyProject/Intermediate/Shaders/WorkingDirectory/17676/).
[2019.04.17-02.01.50:852][  0]LogShaderCompilers: Cleaned the shader compiler working directory 'C:/Users/Owner/AppData/Local/Temp/UnrealShaderWorkingDir/A6E92E674CC60041F0444EACFB7E58C6/'.
[2019.04.17-02.01.51:164][  0]LogTemp: Display: Loaded TP AllDesktopTargetPlatform
[2019.04.17-02.01.51:181][  0]LogTemp: Display: Loaded TP MacClientTargetPlatform
[2019.04.17-02.01.51:199][  0]LogTemp: Display: Loaded TP MacNoEditorTargetPlatform
[2019.04.17-02.01.51:217][  0]LogTemp: Display: Loaded TP MacServerTargetPlatform
[2019.04.17-02.01.51:235][  0]LogTemp: Display: Loaded TP MacTargetPlatform
[2019.04.17-02.01.51:252][  0]LogTemp: Display: Loaded TP WindowsClientTargetPlatform
[2019.04.17-02.01.51:268][  0]LogTemp: Display: Loaded TP WindowsNoEditorTargetPlatform
[2019.04.17-02.01.51:288][  0]LogTemp: Display: Loaded TP WindowsServerTargetPlatform
[2019.04.17-02.01.51:297][  0]LogTemp: Display: Loaded TP WindowsTargetPlatform
[2019.04.17-02.01.51:396][  0]LogTemp: Display: Loaded TP AndroidTargetPlatform
[2019.04.17-02.01.51:396][  0]LogTemp: Display: Loaded TP AndroidTargetPlatform
[2019.04.17-02.01.51:396][  0]LogTemp: Display: Loaded TP AndroidTargetPlatform
[2019.04.17-02.01.51:396][  0]LogTemp: Display: Loaded TP AndroidTargetPlatform
[2019.04.17-02.01.51:396][  0]LogTemp: Display: Loaded TP AndroidTargetPlatform
[2019.04.17-02.01.51:396][  0]LogTemp: Display: Loaded TP AndroidTargetPlatform
[2019.04.17-02.01.51:396][  0]LogTemp: Display: Loaded TP AndroidTargetPlatform
[2019.04.17-02.01.51:396][  0]LogTemp: Display: Loaded TP AndroidTargetPlatform
[2019.04.17-02.01.51:396][  0]LogTemp: Display: Loaded TP AndroidTargetPlatform
[2019.04.17-02.01.51:396][  0]LogTemp: Display: Loaded TP AndroidTargetPlatform
[2019.04.17-02.01.51:396][  0]LogTemp: Display: Loaded TP AndroidTargetPlatform
[2019.04.17-02.01.51:396][  0]LogTemp: Display: Loaded TP AndroidTargetPlatform
[2019.04.17-02.01.51:396][  0]LogTemp: Display: Loaded TP AndroidTargetPlatform
[2019.04.17-02.01.51:396][  0]LogTemp: Display: Loaded TP AndroidTargetPlatform
[2019.04.17-02.01.51:396][  0]LogTemp: Display: Loaded TP AndroidTargetPlatform
[2019.04.17-02.01.51:396][  0]LogTemp: Display: Loaded TP AndroidTargetPlatform
[2019.04.17-02.01.51:396][  0]LogTemp: Display: Loaded TP AndroidTargetPlatform
[2019.04.17-02.01.51:396][  0]LogTemp: Display: Loaded TP AndroidTargetPlatform
[2019.04.17-02.01.51:398][  0]LogTemp: Display: Loaded TP HTML5TargetPlatform
[2019.04.17-02.01.51:489][  0]LogTemp: Display: Loaded TP IOSTargetPlatform
[2019.04.17-02.01.51:489][  0]LogTemp: Display: Loaded TP IOSTargetPlatform
[2019.04.17-02.01.51:518][  0]LogTemp: Display: Loaded TP TVOSTargetPlatform
[2019.04.17-02.01.51:518][  0]LogTemp: Display: Loaded TP TVOSTargetPlatform
[2019.04.17-02.01.51:556][  0]LogTemp: Display: Loaded TP LinuxClientTargetPlatform
[2019.04.17-02.01.51:573][  0]LogTemp: Display: Loaded TP LinuxNoEditorTargetPlatform
[2019.04.17-02.01.51:594][  0]LogTemp: Display: Loaded TP LinuxServerTargetPlatform
[2019.04.17-02.01.51:610][  0]LogTemp: Display: Loaded TP LinuxTargetPlatform
[2019.04.17-02.01.51:623][  0]LogTemp: Display: Loaded TP LuminTargetPlatform
[2019.04.17-02.01.51:623][  0]LogTargetPlatformManager: Display: Building Assets For Windows
[2019.04.17-02.01.51:702][  0]LogXGEController: Cannot use XGE Controller as Incredibuild is not installed on this machine.
[2019.04.17-02.01.51:703][  0]LogShaderCompilers: Cannot use XGE Shader Compiler as Incredibuild is not installed on this machine.
[2019.04.17-02.01.51:703][  0]LogShaderCompilers: Display: Using Local Shader Compiler.
[2019.04.17-02.01.52:660][  0]LogDerivedDataCache: Display: Max Cache Size: 512 MB
[2019.04.17-02.01.52:722][  0]LogDerivedDataCache: Loaded boot cache 0.06s 71MB C:/Users/Owner/AppData/Local/UnrealEngine/4.20/DerivedDataCache/Boot.ddc.
[2019.04.17-02.01.52:723][  0]LogDerivedDataCache: Display: Loaded Boot cache: C:/Users/Owner/AppData/Local/UnrealEngine/4.20/DerivedDataCache/Boot.ddc
[2019.04.17-02.01.52:723][  0]LogDerivedDataCache: FDerivedDataBackendGraph:  Pak pak cache file D:/github/Bullet-Shark/BulletShark_1/MyProject/DerivedDataCache/DDC.ddp not found, will not use a pak cache.
[2019.04.17-02.01.52:723][  0]LogDerivedDataCache: Unable to find inner node Pak for hierarchical cache Hierarchy.
[2019.04.17-02.01.52:723][  0]LogDerivedDataCache: FDerivedDataBackendGraph:  CompressedPak pak cache file D:/github/Bullet-Shark/BulletShark_1/MyProject/DerivedDataCache/Compressed.ddp not found, will not use a pak cache.
[2019.04.17-02.01.52:723][  0]LogDerivedDataCache: Unable to find inner node CompressedPak for hierarchical cache Hierarchy.
[2019.04.17-02.01.52:743][  0]LogDerivedDataCache: Display: Pak cache opened for reading ../../../Engine/DerivedDataCache/Compressed.ddp.
[2019.04.17-02.01.52:756][  0]LogDerivedDataCache: Using Local data cache path C:/Users/Owner/AppData/Local/UnrealEngine/Common/DerivedDataCache: Writable
[2019.04.17-02.01.52:756][  0]LogDerivedDataCache: Shared data cache path not found in *engine.ini, will not use an Shared cache.
[2019.04.17-02.01.52:756][  0]LogDerivedDataCache: Unable to find inner node Shared for hierarchical cache Hierarchy.
[2019.04.17-02.01.52:779][  0]LogMaterial: Verifying Global Shaders for PCD3D_SM5
[2019.04.17-02.01.52:781][  0]LogSlate: Using FreeType 2.6.0
[2019.04.17-02.01.52:781][  0]LogSlate: SlateFontServices - WITH_FREETYPE: 1, WITH_HARFBUZZ: 1
[2019.04.17-02.01.52:899][  0]LogAssetRegistry: FAssetRegistry took 0.0289 seconds to start up
[2019.04.17-02.01.53:272][  0]LogInit: Selected Device Profile: [Windows]
[2019.04.17-02.01.53:433][  0]LogSimplygon: Simplygon DLL not present - disabling.
[2019.04.17-02.01.53:438][  0]LogMeshReduction: Using SimplygonSwarm for distributed automatic mesh merging
[2019.04.17-02.01.53:438][  0]LogMeshReduction: Using ProxyLODMeshReduction for automatic mesh merging
[2019.04.17-02.01.53:438][  0]LogMeshReduction: Using QuadricMeshReduction for automatic static mesh reduction
[2019.04.17-02.01.53:438][  0]LogMeshReduction: No automatic skeletal mesh reduction module available
[2019.04.17-02.01.53:462][  0]LogNetVersion: MyProject 1.0.0, NetCL: 4212847, EngineNetVer: 5, GameNetVer: 0 (Checksum: 1110078900)
[2019.04.17-02.01.54:057][  0]LogPackageLocalizationCache: Processed 11 localized package path(s) for 2 prioritized culture(s) in 0.109710 seconds
[2019.04.17-02.01.54:067][  0]LogUObjectArray: 38425 objects as part of root set at end of initial load.
[2019.04.17-02.01.54:067][  0]LogUObjectAllocator: 6690872 out of 0 bytes used by permanent object pool.
[2019.04.17-02.01.54:067][  0]LogUObjectArray: CloseDisregardForGC: 0/0 objects in disregard for GC pool
[2019.04.17-02.02.06:723][  0]OSVREntryPointLog: Display: OSVR client context could not connect. Most likely the server isn't running. Treating this as if the HMD is not connected.
[2019.04.17-02.02.06:742][  0]LogTcpMessaging: Initializing TcpMessaging bridge
[2019.04.17-02.02.06:758][  0]LogUdpMessaging: Initializing bridge on interface 0.0.0.0:0 to multicast group 230.0.0.1:6666.
[2019.04.17-02.02.06:949][  0]SourceControl: Source control is disabled
[2019.04.17-02.02.06:949][  0]SourceControl: Source control is disabled
[2019.04.17-02.02.06:951][  0]SourceControl: Source control is disabled
[2019.04.17-02.02.06:953][  0]SourceControl: Source control is disabled
[2019.04.17-02.02.07:187][  0]LogAndroidPermission: UAndroidPermissionCallbackProxy::GetInstance
[2019.04.17-02.02.07:290][  0]LogOcInput: OculusInput pre-init called
[2019.04.17-02.02.07:352][  0]LogEngine: Initializing Engine...
[2019.04.17-02.02.07:353][  0]LogHMD: Failed to initialize OpenVR with code 110
[2019.04.17-02.02.07:355][  0]LogStats: UGameplayTagsManager::ConstructGameplayTagTree: ImportINI prefixes -  0.000 s
[2019.04.17-02.02.07:355][  0]LogStats: UGameplayTagsManager::ConstructGameplayTagTree: Construct from data asset -  0.000 s
[2019.04.17-02.02.07:355][  0]LogStats: UGameplayTagsManager::ConstructGameplayTagTree: ImportINI -  0.000 s
[2019.04.17-02.02.07:355][  0]LogStats: UGameplayTagsManager::ConstructGameplayTagTree: GameplayTagTreeChangedEvent.Broadcast -  0.000 s
[2019.04.17-02.02.07:579][  0]LogInit: Initializing FReadOnlyCVARCache
[2019.04.17-02.02.07:594][  0]LogAIModule: Creating AISystem for world Untitled
[2019.04.17-02.02.07:632][  0]LogInit: XAudio2 using 'Speakers (Realtek High Definition Audio)' : 2 channels at 48 kHz using 32 bits per sample (channel mask 0x3)
[2019.04.17-02.02.07:728][  0]LogInit: FAudioDevice initialized.
[2019.04.17-02.02.07:728][  0]LogNetVersion: Set ProjectVersion to 1.0.0.0. Version Checksum will be recalculated on next use.
[2019.04.17-02.02.07:815][  0]LogDerivedDataCache: Saved boot cache 0.09s 71MB C:/Users/Owner/AppData/Local/UnrealEngine/4.20/DerivedDataCache/Boot.ddc.
[2019.04.17-02.02.07:823][  0]LogInit: Texture streaming: Enabled
[2019.04.17-02.02.07:846][  0]LogEngineSessionManager: EngineSessionManager initialized
[2019.04.17-02.02.07:864][  0]LogInit: Transaction tracking system initialized
[2019.04.17-02.02.07:909][  0]BlueprintLog: New page: Editor Load
[2019.04.17-02.02.08:050][  0]LocalizationService: Localization service is disabled
[2019.04.17-02.02.08:338][  0]LogCook: Display: Max memory allowance for cook 16384mb min free memory 0mb
[2019.04.17-02.02.08:338][  0]LogCook: Display: Mobile HDR setting 1
[2019.04.17-02.02.08:339][  0]LogGameplayTags: Display: UGameplayTagsManager::DoneAddingNativeTags. DelegateIsBound: 0
[2019.04.17-02.02.08:339][  0]LogStats: UGameplayTagsManager::ConstructGameplayTagTree: ImportINI prefixes -  0.000 s
[2019.04.17-02.02.08:339][  0]LogStats: UGameplayTagsManager::ConstructGameplayTagTree: Construct from data asset -  0.000 s
[2019.04.17-02.02.08:339][  0]LogStats: UGameplayTagsManager::ConstructGameplayTagTree: ImportINI -  0.000 s
[2019.04.17-02.02.08:339][  0]LogStats: UGameplayTagsManager::ConstructGameplayTagTree: GameplayTagTreeChangedEvent.Broadcast -  0.000 s
[2019.04.17-02.02.08:517][  0]LogFileCache: Scanning file cache for directory 'D:/github/Bullet-Shark/BulletShark_1/MyProject/Content/' took 0.02s
[2019.04.17-02.02.08:517][  0]SourceControl: Source control is disabled
[2019.04.17-02.02.08:517][  0]Cmd: MAP LOAD FILE="D:/github/Bullet-Shark/BulletShark_1/MyProject/Content/FirstPersonBP/Maps/Menu.umap" TEMPLATE=0 SHOWPROGRESS=1 FEATURELEVEL=3
[2019.04.17-02.02.08:518][  0]LightingResults: New page: Lighting Build
[2019.04.17-02.02.08:522][  0]MapCheck: New page: Map Check
[2019.04.17-02.02.08:522][  0]LightingResults: New page: Lighting Build
[2019.04.17-02.02.10:039][  0]LogMaterial: Display: Missing cached shader map for material M_UE4Man_Body, compiling. 
[2019.04.17-02.02.10:046][  0]LogMaterial: Warning: D:\github\Bullet-Shark\BulletShark_1\MyProject\Content\FirstPerson\Character\Materials\M_UE4Man_Body.uasset: Failed to compile Material for platform PCD3D_SM5, Default Material will be used in game.
[2019.04.17-02.02.10:047][  0]LogMaterial: 	(Node TextureSampleParameter2D) Param2D> Requires Texture2D
[2019.04.17-02.02.10:047][  0]LogMaterial: 	Function MatLayerBlend_NormalBlend: (Node MakeMaterialAttributes) Error on property Normal
[2019.04.17-02.02.10:047][  0]LogMaterial: 	(Node TextureSample) Texture Sample> Missing input texture
[2019.04.17-02.02.10:047][  0]LogMaterial: 	Function MatLayerBlend_Simple: (Node MakeMaterialAttributes) Error on property EmissiveColor
[2019.04.17-02.02.10:047][  0]LogMaterial: 	Function MatLayerBlend_Simple: (Node MakeMaterialAttributes) Error on property BaseColor
[2019.04.17-02.02.10:047][  0]LogMaterial: 	Function MatLayerBlend_Simple: (Node MakeMaterialAttributes) Error on property Metallic
[2019.04.17-02.02.10:047][  0]LogMaterial: 	Function MatLayerBlend_Simple: (Node MakeMaterialAttributes) Error on property Roughness
[2019.04.17-02.02.10:270][  0]LogAIModule: Creating AISystem for world Menu
[2019.04.17-02.02.10:285][  0]LogEditorServer: Finished looking for orphan Actors (0.000 secs)
[2019.04.17-02.02.10:314][  0]Cmd: MAP CHECKDEP NOCLEARLOG
[2019.04.17-02.02.10:440][  0]MapCheck: Map check complete: 0 Error(s), 0 Warning(s), took 125.099ms to complete.
[2019.04.17-02.02.10:440][  0]LogFileHelpers: Loading map 'Menu' took 1.923
[2019.04.17-02.02.10:652][  0]LogSlate: Updating window title bar state: overlay mode, drag disabled, window buttons hidden, title bar hidden
[2019.04.17-02.02.10:661][  0]LogSlate: Updating window title bar state: overlay mode, drag disabled, window buttons hidden, title bar hidden
[2019.04.17-02.02.10:670][  0]LogSlate: Updating window title bar state: overlay mode, drag disabled, window buttons hidden, title bar hidden
[2019.04.17-02.02.10:680][  0]LogSlate: Updating window title bar state: overlay mode, drag disabled, window buttons hidden, title bar hidden
[2019.04.17-02.02.10:702][  0]LogCollectionManager: Loaded 0 collections in 0.004894 seconds
[2019.04.17-02.02.10:779][  0]LogFileCache: Scanning file cache for directory 'D:/github/Bullet-Shark/BulletShark_1/MyProject/Saved/Collections/' took 0.01s
[2019.04.17-02.02.10:780][  0]LogFileCache: Scanning file cache for directory 'D:/github/Bullet-Shark/BulletShark_1/MyProject/Content/Developers/Owner/Collections/' took 0.01s
[2019.04.17-02.02.10:780][  0]LogFileCache: Scanning file cache for directory 'D:/github/Bullet-Shark/BulletShark_1/MyProject/Content/Collections/' took 0.01s
[2019.04.17-02.02.10:780][  0]LogCollectionManager: Rebuilt the GUID cache for 0 collections in 0.000000 seconds
[2019.04.17-02.02.10:795][  0]LogContentBrowser: Native class hierarchy populated in 0.0131 seconds. Added 2572 classes and 603 folders.
[2019.04.17-02.02.10:815][  0]LogContentBrowser: Native class hierarchy updated for 'WidgetCarousel' in 0.0007 seconds. Added 0 classes and 0 folders.
[2019.04.17-02.02.10:977][  0]LogContentBrowser: Native class hierarchy updated for 'AddContentDialog' in 0.0003 seconds. Added 0 classes and 0 folders.
[2019.04.17-02.02.10:991][  0]LogContentBrowser: Native class hierarchy updated for 'SceneOutliner' in 0.0006 seconds. Added 1 classes and 2 folders.
[2019.04.17-02.02.11:072][  0]LogSlate: Took 0.000387 seconds to synchronously load lazily loaded font '../../../Engine/Content/Slate/Fonts/Roboto-Regular.ttf' (155K)
[2019.04.17-02.02.11:076][  0]LogSlate: Took 0.000311 seconds to synchronously load lazily loaded font '../../../Engine/Content/Slate/Fonts/Roboto-Bold.ttf' (160K)
[2019.04.17-02.02.11:087][  0]LogSlate: Took 0.001411 seconds to synchronously load lazily loaded font '../../../Engine/Content/Editor/Slate/Fonts/FontAwesome.ttf' (139K)
[2019.04.17-02.02.11:199][  0]LogRenderer: Reallocating scene render targets to support 1208x576 Format 10 NumSamples 1 (Frame:1).
[2019.04.17-02.02.11:378][  0]LogSlate: FSceneViewport::OnFocusLost() reason 2
[2019.04.17-02.02.11:401][  0]LogSlate: Window 'Tutorials' being destroyed
[2019.04.17-02.02.11:434][  0]LogContentBrowser: Native class hierarchy updated for 'HierarchicalLODOutliner' in 0.0003 seconds. Added 0 classes and 0 folders.
[2019.04.17-02.02.11:434][  0]LogLoad: (Engine Initialization) Total time: 24.91 seconds
[2019.04.17-02.02.11:434][  0]LogLoad: (Engine Initialization) Total Blueprint compile time: 0.00 seconds
[2019.04.17-02.02.11:473][  0]LogContentStreaming: Texture pool size now 1000 MB
[2019.04.17-02.02.11:586][  2]LogAssetRegistry: Asset discovery search completed in 18.7109 seconds
[2019.04.17-02.02.11:588][  2]LogCollectionManager: Rebuilt the object cache for 0 collections in 0.000000 seconds (found 0 objects)
[2019.04.17-02.02.11:588][  2]LogCollectionManager: Fixed up redirectors for 0 collections in 0.000074 seconds (updated 0 objects)
[2019.04.17-02.02.15:653][ 14]LogSlate: Took 0.001742 seconds to synchronously load lazily loaded font '../../../Engine/Content/Slate/Fonts/Roboto-Light.ttf' (167K)
[2019.04.17-02.29.44:198][909]LogRenderer: Reallocating scene render targets to support 1208x600 Format 10 NumSamples 1 (Frame:4).
[2019.04.17-03.44.25:253][409]LogSlate: FSceneViewport::OnFocusLost() reason 0
[2019.04.17-03.44.25:611][419]LogSlate: Window 'MyProject - Unreal Editor' being destroyed
[2019.04.17-03.44.25:863][420]Cmd: QUIT_EDITOR
[2019.04.17-03.44.25:913][420]LogWindowsTextInputMethodSystem: Display: IME system now deactivated.
[2019.04.17-03.44.25:931][420]LogExit: Preparing to exit.
[2019.04.17-03.44.26:298][420]LogExit: Editor shut down
[2019.04.17-03.44.26:299][420]LogExit: Transaction tracking system shut down
[2019.04.17-03.44.26:725][420]LogExit: Object subsystem successfully closed.
[2019.04.17-03.44.26:744][420]LogShaderCompilers: Display: Shaders left to compile 0
[2019.04.17-03.44.26:749][420]LogD3D11RHI: Shutdown
[2019.04.17-03.44.26:749][420]LogD3D11RHI: CleanupD3DDevice
[2019.04.17-03.44.26:757][420]LogD3D11RHI: ~FD3D11DynamicRHI
[2019.04.17-03.44.26:788][420]LogModuleManager: Shutting down and abandoning module HierarchicalLODOutliner (614)
[2019.04.17-03.44.26:788][420]LogModuleManager: Shutting down and abandoning module SceneOutliner (612)
[2019.04.17-03.44.26:788][420]LogModuleManager: Shutting down and abandoning module AddContentDialog (610)
[2019.04.17-03.44.26:789][420]LogModuleManager: Shutting down and abandoning module WidgetCarousel (609)
[2019.04.17-03.44.26:790][420]LogModuleManager: Shutting down and abandoning module EditorWidgets (606)
[2019.04.17-03.44.26:790][420]LogModuleManager: Shutting down and abandoning module CollectionManager (604)
[2019.04.17-03.44.26:790][420]LogModuleManager: Shutting down and abandoning module StatsViewer (602)
[2019.04.17-03.44.26:790][420]LogModuleManager: Shutting down and abandoning module FoliageEdit (600)
[2019.04.17-03.44.26:790][420]LogModuleManager: Shutting down and abandoning module LandscapeEditor (598)
[2019.04.17-03.44.26:790][420]LogModuleManager: Shutting down and abandoning module MeshPaintMode (596)
[2019.04.17-03.44.26:790][420]LogModuleManager: Shutting down and abandoning module SceneDepthPickerMode (594)
[2019.04.17-03.44.26:790][420]LogModuleManager: Shutting down and abandoning module ActorPickerMode (592)
[2019.04.17-03.44.26:791][420]LogModuleManager: Shutting down and abandoning module GeometryMode (590)
[2019.04.17-03.44.26:791][420]LogModuleManager: Shutting down and abandoning module TextureAlignMode (588)
[2019.04.17-03.44.26:791][420]LogModuleManager: Shutting down and abandoning module BspMode (586)
[2019.04.17-03.44.26:791][420]LogModuleManager: Shutting down and abandoning module PIEPreviewDeviceProfileSelector (584)
[2019.04.17-03.44.26:791][420]LogModuleManager: Shutting down and abandoning module SequenceRecorderSections (582)
[2019.04.17-03.44.26:791][420]LogModuleManager: Shutting down and abandoning module AutomationWorker (580)
[2019.04.17-03.44.26:791][420]LogModuleManager: Shutting down and abandoning module AudioCaptureEditor (578)
[2019.04.17-03.44.26:791][420]LogModuleManager: Shutting down and abandoning module SequenceRecorder (577)
[2019.04.17-03.44.26:791][420]LogModuleManager: Shutting down and abandoning module MatineeToLevelSequence (574)
[2019.04.17-03.44.26:791][420]LogModuleManager: Shutting down and abandoning module LevelSequenceEditor (572)
[2019.04.17-03.44.26:791][420]LogModuleManager: Shutting down and abandoning module PlacementMode (571)
[2019.04.17-03.44.26:791][420]LogModuleManager: Shutting down and abandoning module MaterialEditor (570)
[2019.04.17-03.44.26:791][420]LogModuleManager: Shutting down and abandoning module WmfMediaFactory (566)
[2019.04.17-03.44.26:792][420]LogModuleManager: Shutting down and abandoning module WmfMediaEditor (564)
[2019.04.17-03.44.26:792][420]LogModuleManager: Shutting down and abandoning module MediaPlayerEditor (562)
[2019.04.17-03.44.26:792][420]LogModuleManager: Shutting down and abandoning module OpenExrWrapper (560)
[2019.04.17-03.44.26:792][420]LogModuleManager: Shutting down and abandoning module ImgMediaFactory (558)
[2019.04.17-03.44.26:792][420]LogModuleManager: Shutting down and abandoning module ImgMediaEditor (556)
[2019.04.17-03.44.26:792][420]LogModuleManager: Shutting down and abandoning module AvfMediaFactory (554)
[2019.04.17-03.44.26:792][420]LogModuleManager: Shutting down and abandoning module AvfMediaEditor (552)
[2019.04.17-03.44.26:792][420]LogModuleManager: Shutting down and abandoning module AndroidMediaFactory (550)
[2019.04.17-03.44.26:792][420]LogModuleManager: Shutting down and abandoning module AndroidMediaEditor (548)
[2019.04.17-03.44.26:792][420]LogModuleManager: Shutting down and abandoning module MagicLeapCameraPreviewFactory (546)
[2019.04.17-03.44.26:792][420]LogModuleManager: Shutting down and abandoning module MagicLeapMediaFactory (544)
[2019.04.17-03.44.26:792][420]LogModuleManager: Shutting down and abandoning module MagicLeapMediaEditor (542)
[2019.04.17-03.44.26:792][420]LogModuleManager: Shutting down and abandoning module CharacterAI (540)
[2019.04.17-03.44.26:792][420]LogModuleManager: Shutting down and abandoning module SmartSnapping (538)
[2019.04.17-03.44.26:792][420]LogModuleManager: Shutting down and abandoning module SessionServices (536)
[2019.04.17-03.44.26:792][420]LogModuleManager: Shutting down and abandoning module ViewportSnapping (534)
[2019.04.17-03.44.26:792][420]LogModuleManager: Shutting down and abandoning module ViewportInteraction (532)
[2019.04.17-03.44.26:792][420]LogModuleManager: Shutting down and abandoning module ClothPainter (530)
[2019.04.17-03.44.26:792][420]LogModuleManager: Shutting down and abandoning module SkeletalMeshEditor (529)
[2019.04.17-03.44.26:792][420]LogModuleManager: Shutting down and abandoning module LogVisualizer (526)
[2019.04.17-03.44.26:792][420]LogModuleManager: Shutting down and abandoning module IntroTutorials (524)
[2019.04.17-03.44.26:793][420]LogModuleManager: Shutting down and abandoning module GameProjectGeneration (523)
[2019.04.17-03.44.26:793][420]LogModuleManager: Shutting down and abandoning module LuminPlatformEditor (520)
[2019.04.17-03.44.26:793][420]LogModuleManager: Shutting down and abandoning module IOSPlatformEditor (518)
[2019.04.17-03.44.26:793][420]LogModuleManager: Shutting down and abandoning module HTML5PlatformEditor (516)
[2019.04.17-03.44.26:793][420]LogModuleManager: Shutting down and abandoning module AndroidPlatformEditor (514)
[2019.04.17-03.44.26:793][420]LogModuleManager: Shutting down and abandoning module AndroidDeviceDetection (513)
[2019.04.17-03.44.28:666][420]LogModuleManager: Shutting down and abandoning module WindowsPlatformEditor (510)
[2019.04.17-03.44.28:666][420]LogModuleManager: Shutting down and abandoning module LuminRuntimeSettings (508)
[2019.04.17-03.44.28:666][420]LogModuleManager: Shutting down and abandoning module IOSRuntimeSettings (506)
[2019.04.17-03.44.28:666][420]LogModuleManager: Shutting down and abandoning module AndroidRuntimeSettings (504)
[2019.04.17-03.44.28:666][420]LogModuleManager: Shutting down and abandoning module InputBindingEditor (502)
[2019.04.17-03.44.28:666][420]LogModuleManager: Shutting down and abandoning module MergeActors (500)
[2019.04.17-03.44.28:666][420]LogModuleManager: Shutting down and abandoning module LocalizationDashboard (498)
[2019.04.17-03.44.28:667][420]LogModuleManager: Shutting down and abandoning module LocalizationService (497)
[2019.04.17-03.44.28:667][420]LogModuleManager: Shutting down and abandoning module HardwareTargeting (494)
[2019.04.17-03.44.28:667][420]LogModuleManager: Shutting down and abandoning module DeviceProfileEditor (492)
[2019.04.17-03.44.28:667][420]LogModuleManager: Shutting down and abandoning module UndoHistory (490)
[2019.04.17-03.44.28:667][420]LogModuleManager: Shutting down and abandoning module XmlParser (488)
[2019.04.17-03.44.28:667][420]LogModuleManager: Shutting down and abandoning module Blutility (486)
[2019.04.17-03.44.28:667][420]LogModuleManager: Shutting down and abandoning module ProjectSettingsViewer (484)
[2019.04.17-03.44.28:667][420]LogModuleManager: Shutting down and abandoning module ProjectTargetPlatformEditor (483)
[2019.04.17-03.44.28:667][420]LogModuleManager: Shutting down and abandoning module EditorSettingsViewer (480)
[2019.04.17-03.44.28:667][420]LogModuleManager: Shutting down and abandoning module SettingsEditor (478)
[2019.04.17-03.44.28:667][420]LogModuleManager: Shutting down and abandoning module ProjectLauncher (476)
[2019.04.17-03.44.28:667][420]LogModuleManager: Shutting down and abandoning module SessionFrontend (474)
[2019.04.17-03.44.28:667][420]LogModuleManager: Shutting down and abandoning module ProfilerClient (472)
[2019.04.17-03.44.28:667][420]LogModuleManager: Shutting down and abandoning module DeviceManager (470)
[2019.04.17-03.44.28:667][420]LogModuleManager: Shutting down and abandoning module TargetDeviceServices (469)
[2019.04.17-03.44.28:722][420]LogModuleManager: Shutting down and abandoning module AutomationController (466)
[2019.04.17-03.44.28:722][420]LogModuleManager: Shutting down and abandoning module AutomationWindow (464)
[2019.04.17-03.44.28:722][420]LogModuleManager: Shutting down and abandoning module Layers (462)
[2019.04.17-03.44.28:722][420]LogModuleManager: Shutting down and abandoning module ComponentVisualizers (460)
[2019.04.17-03.44.28:722][420]LogModuleManager: Shutting down and abandoning module DetailCustomizations (458)
[2019.04.17-03.44.28:722][420]LogModuleManager: Shutting down and abandoning module PackagesDialog (456)
[2019.04.17-03.44.28:722][420]LogModuleManager: Shutting down and abandoning module Persona (454)
[2019.04.17-03.44.28:722][420]LogModuleManager: Shutting down and abandoning module AdvancedPreviewScene (453)
[2019.04.17-03.44.28:722][420]LogModuleManager: Shutting down and abandoning module AnimGraph (451)
[2019.04.17-03.44.28:722][420]LogModuleManager: Shutting down and abandoning module Kismet (448)
[2019.04.17-03.44.28:723][420]LogModuleManager: Shutting down and abandoning module GraphEditor (446)
[2019.04.17-03.44.28:723][420]LogModuleManager: Shutting down and abandoning module ClassViewer (444)
[2019.04.17-03.44.28:723][420]LogModuleManager: Shutting down and abandoning module Toolbox (442)
[2019.04.17-03.44.28:723][420]LogModuleManager: Shutting down and abandoning module ModuleUI (440)
[2019.04.17-03.44.28:723][420]LogModuleManager: Shutting down and abandoning module MovieSceneTools (438)
[2019.04.17-03.44.28:723][420]LogModuleManager: Shutting down and abandoning module OutputLog (436)
[2019.04.17-03.44.28:723][420]LogModuleManager: Shutting down and abandoning module GammaUI (434)
[2019.04.17-03.44.28:723][420]LogModuleManager: Shutting down and abandoning module Documentation (432)
[2019.04.17-03.44.28:723][420]LogModuleManager: Shutting down and abandoning module MovieSceneTracks (430)
[2019.04.17-03.44.28:723][420]LogModuleManager: Shutting down and abandoning module MovieScene (428)
[2019.04.17-03.44.28:723][420]LogModuleManager: Shutting down and abandoning module StreamingPauseRendering (426)
[2019.04.17-03.44.28:723][420]LogModuleManager: Shutting down and abandoning module LauncherPlatform (424)
[2019.04.17-03.44.28:723][420]LogModuleManager: Shutting down and abandoning module AnalyticsET (422)
[2019.04.17-03.44.28:723][420]LogModuleManager: Shutting down and abandoning module PortalServices (420)
[2019.04.17-03.44.28:723][420]LogModuleManager: Shutting down and abandoning module PortalRpc (418)
[2019.04.17-03.44.28:723][420]LogModuleManager: Shutting down and abandoning module MessagingRpc (416)
[2019.04.17-03.44.28:723][420]LogModuleManager: Shutting down and abandoning module AIModule (414)
[2019.04.17-03.44.28:723][420]LogModuleManager: Shutting down and abandoning module GameplayDebugger (413)
[2019.04.17-03.44.28:723][420]LogModuleManager: Shutting down and abandoning module AITestSuite (411)
[2019.04.17-03.44.28:723][420]LogModuleManager: Shutting down and abandoning module NavigationSystem (409)
[2019.04.17-03.44.28:723][420]LogModuleManager: Shutting down and abandoning module DesktopPlatform (406)
[2019.04.17-03.44.28:723][420]LogModuleManager: Shutting down and abandoning module ProfilerService (404)
[2019.04.17-03.44.28:918][420]LogModuleManager: Shutting down and abandoning module TaskGraph (402)
[2019.04.17-03.44.28:918][420]LogModuleManager: Shutting down and abandoning module SteamVRController (400)
[2019.04.17-03.44.28:918][420]LogModuleManager: Shutting down and abandoning module ProceduralMeshComponentEditor (398)
[2019.04.17-03.44.28:918][420]LogModuleManager: Shutting down and abandoning module ProceduralMeshComponent (396)
[2019.04.17-03.44.28:918][420]LogModuleManager: Shutting down and abandoning module OculusInput (394)
[2019.04.17-03.44.28:918][420]LogModuleManager: Shutting down and abandoning module MobilePatchingUtils (392)
[2019.04.17-03.44.28:918][420]LogModuleManager: Shutting down and abandoning module EditableMesh (390)
[2019.04.17-03.44.28:918][420]LogModuleManager: Shutting down and abandoning module CustomMeshComponent (388)
[2019.04.17-03.44.28:918][420]LogModuleManager: Shutting down and abandoning module CableComponent (386)
[2019.04.17-03.44.28:918][420]LogModuleManager: Shutting down and abandoning module AudioCapture (384)
[2019.04.17-03.44.28:918][420]LogModuleManager: Shutting down and abandoning module ArchVisCharacter (382)
[2019.04.17-03.44.28:918][420]LogModuleManager: Shutting down and abandoning module AndroidPermission (380)
[2019.04.17-03.44.28:918][420]LogModuleManager: Shutting down and abandoning module NUTUnrealEngine4 (378)
[2019.04.17-03.44.28:918][420]LogModuleManager: Shutting down and abandoning module NetcodeUnitTest (376)
[2019.04.17-03.44.28:918][420]LogModuleManager: Shutting down and abandoning module MediaCompositingEditor (374)
[2019.04.17-03.44.28:918][420]LogModuleManager: Shutting down and abandoning module MediaCompositing (372)
[2019.04.17-03.44.28:918][420]LogModuleManager: Shutting down and abandoning module LinearTimecode (370)
[2019.04.17-03.44.28:918][420]LogModuleManager: Shutting down and abandoning module ImgMedia (368)
[2019.04.17-03.44.28:924][420]LogModuleManager: Shutting down and abandoning module HTML5Networking (366)
[2019.04.17-03.44.28:925][420]LogModuleManager: Shutting down and abandoning module GeometryCacheTracks (364)
[2019.04.17-03.44.28:925][420]LogModuleManager: Shutting down and abandoning module GeometryCacheSequencer (362)
[2019.04.17-03.44.28:925][420]LogModuleManager: Shutting down and abandoning module BackChannel (360)
[2019.04.17-03.44.28:925][420]LogModuleManager: Shutting down and abandoning module AppleVision (358)
[2019.04.17-03.44.28:925][420]LogModuleManager: Shutting down and abandoning module AppleImageUtils (356)
[2019.04.17-03.44.28:925][420]LogModuleManager: Shutting down and abandoning module AlembicImporter (354)
[2019.04.17-03.44.28:925][420]LogModuleManager: Shutting down and abandoning module AlembicLibrary (353)
[2019.04.17-03.44.28:925][420]LogModuleManager: Shutting down and abandoning module GeometryCache (352)
[2019.04.17-03.44.28:925][420]LogModuleManager: Shutting down and abandoning module GeometryCacheEd (351)
[2019.04.17-03.44.28:925][420]LogModuleManager: Shutting down and abandoning module DatasmithContentEditor (346)
[2019.04.17-03.44.28:925][420]LogModuleManager: Shutting down and abandoning module DatasmithContent (344)
[2019.04.17-03.44.28:926][420]LogModuleManager: Shutting down and abandoning module SpeedTreeImporter (342)
[2019.04.17-03.44.28:926][420]LogModuleManager: Shutting down and abandoning module PluginBrowser (340)
[2019.04.17-03.44.28:926][420]LogModuleManager: Shutting down and abandoning module MobileLauncherProfileWizard (338)
[2019.04.17-03.44.28:926][420]LogModuleManager: Shutting down and abandoning module PolygonModeling (336)
[2019.04.17-03.44.28:926][420]LogModuleManager: Shutting down and abandoning module MeshEditor (334)
[2019.04.17-03.44.28:926][420]LogModuleManager: Shutting down and abandoning module CryptoKeysOpenSSL (332)
[2019.04.17-03.44.28:926][420]LogModuleManager: Shutting down and abandoning module CryptoKeys (330)
[2019.04.17-03.44.28:926][420]LogModuleManager: Shutting down and abandoning module VisualStudioSourceCodeAccess (328)
[2019.04.17-03.44.28:926][420]LogModuleManager: Shutting down and abandoning module VisualStudioCodeSourceCodeAccess (326)
[2019.04.17-03.44.28:926][420]LogModuleManager: Shutting down and abandoning module UObjectPlugin (324)
[2019.04.17-03.44.28:926][420]LogModuleManager: Shutting down and abandoning module SubversionSourceControl (322)
[2019.04.17-03.44.28:926][420]LogModuleManager: Shutting down and abandoning module PerforceSourceControl (320)
[2019.04.17-03.44.28:926][420]LogModuleManager: Shutting down and abandoning module GitSourceControl (318)
[2019.04.17-03.44.28:927][420]LogModuleManager: Shutting down and abandoning module SourceControl (317)
[2019.04.17-03.44.28:927][420]LogModuleManager: Shutting down and abandoning module CLionSourceCodeAccess (314)
[2019.04.17-03.44.28:927][420]LogModuleManager: Shutting down and abandoning module LightPropagationVolumeEditor (312)
[2019.04.17-03.44.28:927][420]LogModuleManager: Shutting down and abandoning module PaperTiledImporter (310)
[2019.04.17-03.44.28:927][420]LogModuleManager: Shutting down and abandoning module PaperSpriteSheetImporter (308)
[2019.04.17-03.44.28:927][420]LogModuleManager: Shutting down and abandoning module Paper2DEditor (306)
[2019.04.17-03.44.28:927][420]LogModuleManager: Shutting down and abandoning module MeshPaint (305)
[2019.04.17-03.44.28:927][420]LogModuleManager: Shutting down and abandoning module RuntimePhysXCooking (302)
[2019.04.17-03.44.28:927][420]LogModuleManager: Shutting down and abandoning module PhysXVehiclesEditor (300)
[2019.04.17-03.44.28:927][420]LogModuleManager: Shutting down and abandoning module PhysXVehicles (298)
[2019.04.17-03.44.28:927][420]LogModuleManager: Shutting down and abandoning module OculusEditor (296)
[2019.04.17-03.44.28:927][420]LogModuleManager: Shutting down and abandoning module LocationServicesBPLibrary (294)
[2019.04.17-03.44.28:927][420]LogModuleManager: Shutting down and abandoning module ImmediatePhysicsEditor (292)
[2019.04.17-03.44.28:927][420]LogModuleManager: Shutting down and abandoning module ImmediatePhysics (290)
[2019.04.17-03.44.28:927][420]LogModuleManager: Shutting down and abandoning module ActorSequence (288)
[2019.04.17-03.44.28:927][420]LogModuleManager: Shutting down and abandoning module UdpMessaging (286)
[2019.04.17-03.44.29:028][420]LogModuleManager: Shutting down and abandoning module TcpMessaging (284)
[2019.04.17-03.44.29:129][420]LogModuleManager: Shutting down and abandoning module MagicLeapAudio (282)
[2019.04.17-03.44.29:129][420]LogModuleManager: Shutting down and abandoning module OSVRInput (280)
[2019.04.17-03.44.29:129][420]LogModuleManager: Shutting down and abandoning module OSVR (278)
[2019.04.17-03.44.29:136][420]LogModuleManager: Shutting down and abandoning module GameplayTagsEditor (276)
[2019.04.17-03.44.29:136][420]LogModuleManager: Shutting down and abandoning module FacialAnimationEditor (274)
[2019.04.17-03.44.29:136][420]LogModuleManager: Shutting down and abandoning module FacialAnimation (272)
[2019.04.17-03.44.29:137][420]LogModuleManager: Shutting down and abandoning module DataValidation (270)
[2019.04.17-03.44.29:137][420]LogModuleManager: Shutting down and abandoning module AssetManagerEditor (268)
[2019.04.17-03.44.29:137][420]LogModuleManager: Shutting down and abandoning module LevelEditor (267)
[2019.04.17-03.44.29:138][420]LogModuleManager: Shutting down and abandoning module PixelInspectorModule (266)
[2019.04.17-03.44.29:138][420]LogModuleManager: Shutting down and abandoning module CommonMenuExtensions (264)
[2019.04.17-03.44.29:138][420]LogModuleManager: Shutting down and abandoning module MainFrame (262)
[2019.04.17-03.44.29:138][420]LogModuleManager: Shutting down and abandoning module HotReload (261)
[2019.04.17-03.44.29:139][420]LogModuleManager: Shutting down and abandoning module ContentBrowser (257)
[2019.04.17-03.44.29:141][420]LogModuleManager: Shutting down and abandoning module TreeMap (255)
[2019.04.17-03.44.29:141][420]LogModuleManager: Shutting down and abandoning module LightPropagationVolumeRuntime (252)
[2019.04.17-03.44.29:141][420]LogModuleManager: Shutting down and abandoning module AISupportModule (250)
[2019.04.17-03.44.29:141][420]LogModuleManager: Shutting down and abandoning module Paper2D (248)
[2019.04.17-03.44.29:141][420]LogModuleManager: Shutting down and abandoning module WindowsMoviePlayer (246)
[2019.04.17-03.44.29:141][420]LogModuleManager: Shutting down and abandoning module WmfMedia (244)
[2019.04.17-03.44.29:143][420]LogModuleManager: Shutting down and abandoning module Media (243)
[2019.04.17-03.44.29:150][420]LogModuleManager: Shutting down and abandoning module PacketHandler (240)
[2019.04.17-03.44.29:150][420]LogModuleManager: Shutting down and abandoning module ClothingSystemEditor (238)
[2019.04.17-03.44.29:150][420]LogModuleManager: Shutting down and abandoning module ClothingSystemRuntime (236)
[2019.04.17-03.44.29:150][420]LogModuleManager: Shutting down and abandoning module MediaAssets (234)
[2019.04.17-03.44.29:150][420]LogModuleManager: Shutting down and abandoning module Overlay (232)
[2019.04.17-03.44.29:150][420]LogModuleManager: Shutting down and abandoning module OverlayEditor (231)
[2019.04.17-03.44.29:150][420]LogModuleManager: Shutting down and abandoning module VREditor (228)
[2019.04.17-03.44.29:150][420]LogModuleManager: Shutting down and abandoning module StringTableEditor (226)
[2019.04.17-03.44.29:150][420]LogModuleManager: Shutting down and abandoning module GameplayTasksEditor (224)
[2019.04.17-03.44.29:150][420]LogModuleManager: Shutting down and abandoning module BehaviorTreeEditor (222)
[2019.04.17-03.44.29:150][420]LogModuleManager: Shutting down and abandoning module FunctionalTesting (220)
[2019.04.17-03.44.29:150][420]LogModuleManager: Shutting down and abandoning module CollisionAnalyzer (218)
[2019.04.17-03.44.29:150][420]LogModuleManager: Shutting down and abandoning module WorkspaceMenuStructure (217)
[2019.04.17-03.44.29:150][420]LogModuleManager: Shutting down and abandoning module UMG (214)
[2019.04.17-03.44.29:150][420]LogModuleManager: Shutting down and abandoning module UMGEditor (213)
[2019.04.17-03.44.29:150][420]LogModuleManager: Shutting down and abandoning module Sequencer (212)
[2019.04.17-03.44.29:151][420]LogModuleManager: Shutting down and abandoning module MessageLog (209)
[2019.04.17-03.44.29:151][420]LogModuleManager: Shutting down and abandoning module SlateReflector (204)
[2019.04.17-03.44.29:151][420]LogModuleManager: Shutting down and abandoning module Slate (202)
[2019.04.17-03.44.29:151][420]LogModuleManager: Shutting down and abandoning module EditorStyle (200)
[2019.04.17-03.44.29:155][420]LogModuleManager: Shutting down and abandoning module MRMesh (198)
[2019.04.17-03.44.29:155][420]LogModuleManager: Shutting down and abandoning module SourceCodeAccess (196)
[2019.04.17-03.44.29:156][420]LogModuleManager: Shutting down and abandoning module HeadMountedDisplay (194)
[2019.04.17-03.44.29:156][420]LogModuleManager: Shutting down and abandoning module XAudio2 (192)
[2019.04.17-03.44.29:156][420]LogModuleManager: Shutting down and abandoning module Networking (190)
[2019.04.17-03.44.29:156][420]LogModuleManager: Shutting down and abandoning module Core (188)
[2019.04.17-03.44.29:156][420]LogModuleManager: Shutting down and abandoning module LevelSequence (186)
[2019.04.17-03.44.29:156][420]LogModuleManager: Shutting down and abandoning module KismetCompiler (184)
[2019.04.17-03.44.29:156][420]LogModuleManager: Shutting down and abandoning module MeshUtilities (182)
[2019.04.17-03.44.29:156][420]LogModuleManager: Shutting down and abandoning module MeshMergeUtilities (181)
[2019.04.17-03.44.29:156][420]LogModuleManager: Shutting down and abandoning module MeshReductionInterface (180)
[2019.04.17-03.44.29:156][420]LogModuleManager: Shutting down and abandoning module SimplygonSwarm (179)
[2019.04.17-03.44.29:156][420]LogModuleManager: Shutting down and abandoning module ProxyLODMeshReduction (177)
[2019.04.17-03.44.29:156][420]LogModuleManager: Shutting down and abandoning module SimplygonMeshReduction (175)
[2019.04.17-03.44.29:156][420]LogModuleManager: Shutting down and abandoning module QuadricMeshReduction (173)
[2019.04.17-03.44.29:156][420]LogModuleManager: Shutting down and abandoning module MaterialBaking (169)
[2019.04.17-03.44.29:156][420]LogModuleManager: Shutting down and abandoning module DirectoryWatcher (165)
[2019.04.17-03.44.29:156][420]LogModuleManager: Shutting down and abandoning module DerivedDataCache (162)
[2019.04.17-03.44.29:228][420]LogDerivedDataCache: Shutdown
[2019.04.17-03.44.29:228][420]LogModuleManager: Shutting down and abandoning module XGEController (160)
[2019.04.17-03.44.29:228][420]LogModuleManager: Shutting down and abandoning module TargetPlatform (158)
[2019.04.17-03.44.29:228][420]LogModuleManager: Shutting down and abandoning module VulkanShaderFormat (157)
[2019.04.17-03.44.29:228][420]LogModuleManager: Shutting down and abandoning module ShaderFormatVectorVM (155)
[2019.04.17-03.44.29:228][420]LogModuleManager: Shutting down and abandoning module ShaderFormatOpenGL (153)
[2019.04.17-03.44.29:228][420]LogModuleManager: Shutting down and abandoning module ShaderFormatD3D (151)
[2019.04.17-03.44.29:228][420]LogModuleManager: Shutting down and abandoning module MetalShaderFormat (149)
[2019.04.17-03.44.29:228][420]LogModuleManager: Shutting down and abandoning module TextureFormatUncompressed (147)
[2019.04.17-03.44.29:228][420]LogModuleManager: Shutting down and abandoning module TextureFormatPVR (145)
[2019.04.17-03.44.29:228][420]LogModuleManager: Shutting down and abandoning module TextureFormatDXT (143)
[2019.04.17-03.44.29:228][420]LogModuleManager: Shutting down and abandoning module TextureFormatIntelISPCTexComp (141)
[2019.04.17-03.44.29:229][420]LogModuleManager: Shutting down and abandoning module TextureFormatASTC (139)
[2019.04.17-03.44.29:229][420]LogModuleManager: Shutting down and abandoning module ImageWrapper (138)
[2019.04.17-03.44.29:229][420]LogModuleManager: Shutting down and abandoning module TextureFormatAndroid (135)
[2019.04.17-03.44.29:229][420]LogModuleManager: Shutting down and abandoning module AudioFormatOpus (133)
[2019.04.17-03.44.29:229][420]LogModuleManager: Shutting down and abandoning module AudioFormatOgg (131)
[2019.04.17-03.44.29:229][420]LogModuleManager: Shutting down and abandoning module AudioFormatADPCM (129)
[2019.04.17-03.44.29:229][420]LogModuleManager: Shutting down and abandoning module LuminTargetPlatform (127)
[2019.04.17-03.44.29:229][420]LogModuleManager: Shutting down and abandoning module LinuxTargetPlatform (125)
[2019.04.17-03.44.29:229][420]LogModuleManager: Shutting down and abandoning module LinuxServerTargetPlatform (123)
[2019.04.17-03.44.29:229][420]LogModuleManager: Shutting down and abandoning module LinuxNoEditorTargetPlatform (121)
[2019.04.17-03.44.29:229][420]LogModuleManager: Shutting down and abandoning module LinuxClientTargetPlatform (119)
[2019.04.17-03.44.29:229][420]LogModuleManager: Shutting down and abandoning module TVOSTargetPlatform (117)
[2019.04.17-03.44.29:239][420]LogModuleManager: Shutting down and abandoning module Messaging (115)
[2019.04.17-03.44.29:239][420]LogModuleManager: Shutting down and abandoning module IOSTargetPlatform (113)
[2019.04.17-03.44.29:250][420]LogModuleManager: Shutting down and abandoning module HTML5TargetPlatform (111)
[2019.04.17-03.44.29:250][420]LogModuleManager: Shutting down and abandoning module AndroidTargetPlatform (109)
[2019.04.17-03.44.29:319][420]LogModuleManager: Shutting down and abandoning module WindowsTargetPlatform (107)
[2019.04.17-03.44.29:319][420]LogModuleManager: Shutting down and abandoning module WindowsServerTargetPlatform (105)
[2019.04.17-03.44.29:319][420]LogModuleManager: Shutting down and abandoning module WindowsNoEditorTargetPlatform (103)
[2019.04.17-03.44.29:319][420]LogModuleManager: Shutting down and abandoning module WindowsClientTargetPlatform (101)
[2019.04.17-03.44.29:319][420]LogModuleManager: Shutting down and abandoning module MacTargetPlatform (99)
[2019.04.17-03.44.29:319][420]LogModuleManager: Shutting down and abandoning module MacServerTargetPlatform (97)
[2019.04.17-03.44.29:319][420]LogModuleManager: Shutting down and abandoning module MacNoEditorTargetPlatform (95)
[2019.04.17-03.44.29:319][420]LogModuleManager: Shutting down and abandoning module MacClientTargetPlatform (93)
[2019.04.17-03.44.29:319][420]LogModuleManager: Shutting down and abandoning module AllDesktopTargetPlatform (91)
[2019.04.17-03.44.29:319][420]LogModuleManager: Shutting down and abandoning module InputCore (88)
[2019.04.17-03.44.29:319][420]LogModuleManager: Shutting down and abandoning module Settings (86)
[2019.04.17-03.44.29:320][420]LogModuleManager: Shutting down and abandoning module PhysXCooking (84)
[2019.04.17-03.44.29:320][420]LogModuleManager: Shutting down and abandoning module SteamVR (82)
[2019.04.17-03.44.29:320][420]LogModuleManager: Shutting down and abandoning module OculusHMD (80)
[2019.04.17-03.44.29:320][420]LogModuleManager: Shutting down and abandoning module ExampleDeviceProfileSelector (78)
[2019.04.17-03.44.29:320][420]LogModuleManager: Shutting down and abandoning module LauncherChunkInstaller (76)
[2019.04.17-03.44.29:320][420]LogModuleManager: Shutting down and abandoning module OnlineBlueprintSupport (74)
[2019.04.17-03.44.29:320][420]LogModuleManager: Shutting down and abandoning module OnlineSubsystem (70)
[2019.04.17-03.44.29:322][420]LogModuleManager: Shutting down and abandoning module XMPP (65)
[2019.04.17-03.44.29:322][420]LogModuleManager: Shutting down and abandoning module WebSockets (64)
[2019.04.17-03.44.29:340][420]LogModuleManager: Shutting down and abandoning module HTTP (61)
[2019.04.17-03.44.29:340][420]LogHttp: Display: Http module shutting down, but needs to wait on 1 outstanding Http requests:
[2019.04.17-03.44.29:340][420]LogHttp: Display: 	verb=[POST] url=[https://datarouter.ol.epicgames.com/datarouter/api/v1/public/data?SessionID=%7B89387F65-4419-8F80-ADF5-B08677F85845%7D&AppID=UEEditor.Rocket.Release&AppVersion=4.20.3-4369336%2B%2B%2BUE4%2BRelease-4.20&UserID=91e04c5d403fb6221a48dbb9863dcd3e%7C09e024644b7d49ccaabb13f13523cfab%7C6b6431c0-eeca-4837-ae7d-615967f8a131&AppEnvironment=datacollector-binary&UploadType=eteventstream] status=Processing
[2019.04.17-03.44.29:358][420]LogModuleManager: Shutting down and abandoning module SSL (60)
[2019.04.17-03.44.29:360][420]LogModuleManager: Shutting down and abandoning module MagicLeapEmulator (56)
[2019.04.17-03.44.29:360][420]LogModuleManager: Shutting down and abandoning module MagicLeapPrivileges (54)
[2019.04.17-03.44.29:360][420]LogModuleManager: Shutting down and abandoning module MagicLeapIdentity (52)
[2019.04.17-03.44.29:360][420]LogModuleManager: Shutting down and abandoning module MagicLeapHelperVulkan (50)
[2019.04.17-03.44.29:360][420]LogModuleManager: Shutting down and abandoning module MagicLeapHelperOpenGL (48)
[2019.04.17-03.44.29:360][420]LogModuleManager: Shutting down and abandoning module MagicLeapSecureStorage (46)
[2019.04.17-03.44.29:361][420]LogModuleManager: Shutting down and abandoning module MagicLeapGestures (44)
[2019.04.17-03.44.29:361][420]LogModuleManager: Shutting down and abandoning module MagicLeapEyeTracker (42)
[2019.04.17-03.44.29:361][420]LogModuleManager: Shutting down and abandoning module MagicLeapController (40)
[2019.04.17-03.44.29:362][420]LogSlate: Slate User Destroyed.  User Index 0, Is Virtual User: 0
[2019.04.17-03.44.29:362][420]LogModuleManager: Shutting down and abandoning module MagicLeap (38)
[2019.04.17-03.44.29:362][420]LogModuleManager: Shutting down and abandoning module AnimationModifiers (36)
[2019.04.17-03.44.29:362][420]LogModuleManager: Shutting down and abandoning module PropertyEditor (35)
[2019.04.17-03.44.29:362][420]LogModuleManager: Shutting down and abandoning module AudioEditor (32)
[2019.04.17-03.44.29:362][420]LogModuleManager: Shutting down and abandoning module TextureCompressor (30)
[2019.04.17-03.44.29:363][420]LogModuleManager: Shutting down and abandoning module ShaderCore (28)
[2019.04.17-03.44.29:363][420]LogModuleManager: Shutting down and abandoning module Landscape (26)
[2019.04.17-03.44.29:363][420]LogModuleManager: Shutting down and abandoning module SlateRHIRenderer (24)
[2019.04.17-03.44.29:363][420]LogModuleManager: Shutting down and abandoning module OpenGLDrv (22)
[2019.04.17-03.44.29:363][420]LogModuleManager: Shutting down and abandoning module D3D11RHI (20)
[2019.04.17-03.44.29:363][420]LogModuleManager: Shutting down and abandoning module AnimGraphRuntime (18)
[2019.04.17-03.44.29:363][420]LogModuleManager: Shutting down and abandoning module Renderer (16)
[2019.04.17-03.44.29:363][420]LogModuleManager: Shutting down and abandoning module Engine (14)
[2019.04.17-03.44.29:363][420]LogModuleManager: Shutting down and abandoning module CoreUObject (12)
[2019.04.17-03.44.29:363][420]LogModuleManager: Shutting down and abandoning module NetworkFile (10)
[2019.04.17-03.44.29:363][420]LogModuleManager: Shutting down and abandoning module CookedIterativeFile (8)
[2019.04.17-03.44.29:363][420]LogModuleManager: Shutting down and abandoning module StreamingFile (6)
[2019.04.17-03.44.29:363][420]LogModuleManager: Shutting down and abandoning module SandboxFile (4)
[2019.04.17-03.44.29:363][420]LogModuleManager: Shutting down and abandoning module PakFile (2)
[2019.04.17-03.44.29:375][420]LogExit: Exiting.
[2019.04.17-03.44.29:391][420]Log file closed, 04/16/19 23:44:29
