Log file open, 02/25/19 17:53:49
LogWindows: Failed to load 'aqProf.dll' (GetLastError=126)
LogWindows: File 'aqProf.dll' does not exist
LogWindows: Failed to load 'VtuneApi.dll' (GetLastError=126)
LogWindows: File 'VtuneApi.dll' does not exist
LogWindows: Failed to load 'VtuneApi32e.dll' (GetLastError=126)
LogWindows: File 'VtuneApi32e.dll' does not exist
LogInit: Display: Running engine for game: MyProject
LogPlatformFile: Not using cached read wrapper
LogTaskGraph: Started task graph with 5 named threads and 83 total threads with 3 sets of task threads.
LogStats: Stats thread started at 0.929188
LogD3D11RHI: Loaded GFSDK_Aftermath_Lib.x64.dll
LogICUInternationalization: Display: ICU TimeZone Detection - Raw Offset: -5:00, Platform Override: ''
LogPluginManager: Mounting plugin Paper2D
LogPluginManager: Mounting plugin AISupport
LogPluginManager: Mounting plugin LightPropagationVolume
LogPluginManager: Mounting plugin CLionSourceCodeAccess
LogPluginManager: Mounting plugin CodeLiteSourceCodeAccess
LogPluginManager: Mounting plugin GitSourceControl
LogPluginManager: Mounting plugin KDevelopSourceCodeAccess
LogPluginManager: Mounting plugin NullSourceCodeAccess
LogPluginManager: Mounting plugin PerforceSourceControl
LogPluginManager: Mounting plugin SubversionSourceControl
LogPluginManager: Mounting plugin UObjectPlugin
LogPluginManager: Mounting plugin VisualStudioCodeSourceCodeAccess
LogPluginManager: Mounting plugin VisualStudioSourceCodeAccess
LogPluginManager: Mounting plugin XCodeSourceCodeAccess
LogPluginManager: Mounting plugin AssetManagerEditor
LogPluginManager: Mounting plugin CryptoKeys
LogPluginManager: Mounting plugin DataValidation
LogPluginManager: Mounting plugin FacialAnimation
LogPluginManager: Mounting plugin GameplayTagsEditor
LogPluginManager: Mounting plugin MacGraphicsSwitching
LogPluginManager: Mounting plugin MeshEditor
LogPluginManager: Mounting plugin MobileLauncherProfileWizard
LogPluginManager: Mounting plugin PluginBrowser
LogPluginManager: Mounting plugin SpeedTreeImporter
LogPluginManager: Mounting plugin DatasmithContent
LogPluginManager: Mounting plugin AlembicImporter
LogPluginManager: Mounting plugin AppleImageUtils
LogPluginManager: Mounting plugin AppleVision
LogPluginManager: Mounting plugin BackChannel
LogPluginManager: Mounting plugin CharacterAI
LogPluginManager: Mounting plugin GeometryCache
LogPluginManager: Mounting plugin HTML5Networking
LogPluginManager: Mounting plugin OSVR
LogPluginManager: Mounting plugin ProxyLODPlugin
LogPluginManager: Mounting plugin MagicLeap
LogPluginManager: Mounting plugin MagicLeapEmulator
LogPluginManager: Mounting plugin MagicLeapMedia
LogPluginManager: Mounting plugin DonAINavigation
LogPluginManager: Mounting plugin AndroidMedia
LogPluginManager: Mounting plugin AvfMedia
LogPluginManager: Mounting plugin ImgMedia
LogPluginManager: Mounting plugin LinearTimecode
LogPluginManager: Mounting plugin MediaCompositing
LogPluginManager: Mounting plugin MediaPlayerEditor
LogPluginManager: Mounting plugin WmfMedia
LogPluginManager: Mounting plugin TcpMessaging
LogPluginManager: Mounting plugin UdpMessaging
LogPluginManager: Mounting plugin ActorSequence
LogPluginManager: Mounting plugin LevelSequenceEditor
LogPluginManager: Mounting plugin MatineeToLevelSequence
LogPluginManager: Mounting plugin NetcodeUnitTest
LogPluginManager: Mounting plugin NUTUnrealEngine4
LogPluginManager: Mounting plugin OnlineSubsystemGooglePlay
LogPluginManager: Mounting plugin OnlineSubsystemIOS
LogPluginManager: Mounting plugin OnlineSubsystem
LogPluginManager: Mounting plugin OnlineSubsystemNull
LogPluginManager: Mounting plugin OnlineSubsystemUtils
LogPluginManager: Mounting plugin LauncherChunkInstaller
LogPluginManager: Mounting plugin AndroidDeviceProfileSelector
LogPluginManager: Mounting plugin AndroidMoviePlayer
LogPluginManager: Mounting plugin AndroidPermission
LogPluginManager: Mounting plugin AppleMoviePlayer
LogPluginManager: Mounting plugin ArchVisCharacter
LogPluginManager: Mounting plugin AudioCapture
LogPluginManager: Mounting plugin CableComponent
LogPluginManager: Mounting plugin CustomMeshComponent
LogPluginManager: Mounting plugin EditableMesh
LogPluginManager: Mounting plugin ExampleDeviceProfileSelector
LogPluginManager: Mounting plugin GoogleCloudMessaging
LogPluginManager: Mounting plugin ImmediatePhysics
LogPluginManager: Mounting plugin IOSDeviceProfileSelector
LogPluginManager: Mounting plugin LinuxDeviceProfileSelector
LogPluginManager: Mounting plugin LocationServicesBPLibrary
LogPluginManager: Mounting plugin MobilePatchingUtils
LogPluginManager: Mounting plugin OculusVR
LogPluginManager: Plugin shader directory ../../../Engine/Plugins/Runtime/Oculus/OculusVR/Shaders found
LogPluginManager: Mapping shader source directory ../../../Engine/Plugins/Runtime/Oculus/OculusVR/Shaders to virtual directory /Plugin/OculusVR
LogPluginManager: Mounting plugin PhysXVehicles
LogPluginManager: Mounting plugin ProceduralMeshComponent
LogPluginManager: Mounting plugin RuntimePhysXCooking
LogPluginManager: Mounting plugin SteamVR
LogPluginManager: Mounting plugin WindowsMoviePlayer
LogStreaming: Display: Took  0.186s to configure plugins.
LogInit: Using libcurl 7.55.1-DEV
LogInit:  - built for x86_64-pc-win32
LogInit:  - supports SSL with OpenSSL/1.0.2h
LogInit:  - supports HTTP deflate (compression) using libz 1.2.8
LogInit:  - other features:
LogInit:      CURL_VERSION_SSL
LogInit:      CURL_VERSION_LIBZ
LogInit:      CURL_VERSION_IPV6
LogInit:      CURL_VERSION_ASYNCHDNS
LogInit:      CURL_VERSION_LARGEFILE
LogInit:      CURL_VERSION_IDN
LogInit:  CurlRequestOptions (configurable via config and command line):
LogInit:  - bVerifyPeer = false  - Libcurl will NOT verify peer certificate
LogInit:  - bUseHttpProxy = false  - Libcurl will NOT use HTTP proxy
LogInit:  - bDontReuseConnections = false  - Libcurl will reuse connections
LogInit:  - CertBundlePath = nullptr  - Libcurl will use whatever was configured at build time.
LogInit:  - MaxHostConnections = 16  - Libcurl will limit the number of connections to a host
LogInit:  - LocalHostAddr = Default
LogInit:  - BufferSize = 65536
LogInit: WinSock: version 1.1 (2.2), MaxSocks=32767, MaxUdp=65467
LogInit: Build: ++UE4+Release-4.20-CL-4302132
LogInit: Engine Version: 4.20.2-4302132+++UE4+Release-4.20
LogInit: Compatible Engine Version: 4.20.0-4212847+++UE4+Release-4.20
LogInit: Net CL: 4212847
LogInit: OS: Windows 7 (Service Pack 1), CPU: Intel(R) Xeon(R) CPU E5-2640 v3 @ 2.60GHz, GPU: NVIDIA Quadro K2200
LogInit: Compiled (64-bit): Aug 21 2018 02:06:06
LogInit: Compiled with Visual C++: 19.13.26129.00
LogInit: Build Configuration: Development
LogInit: Branch Name: ++UE4+Release-4.20
LogInit: Command Line: -EpicPortal  -epicusername="Ming Li1" -epicuserid=09e024644b7d49ccaabb13f13523cfab -epiclocale=en-US
LogInit: Base Directory: Q:/Ming/UE_4.20/Engine/Binaries/Win64/
LogInit: Installed Engine Build: 1
LogDevObjectVersion: Number of dev versions registered: 20
LogDevObjectVersion:   Dev-Blueprints (B0D832E4-1F89-4F0D-ACCF-7EB736FD4AA2): 10
LogDevObjectVersion:   Dev-Build (E1C64328-A22C-4D53-A36C-8E866417BD8C): 0
LogDevObjectVersion:   Dev-Core (375EC13C-06E4-48FB-B500-84F0262A717E): 2
LogDevObjectVersion:   Dev-Editor (E4B068ED-F494-42E9-A231-DA0B2E46BB41): 24
LogDevObjectVersion:   Dev-Framework (CFFC743F-43B0-4480-9391-14DF171D2073): 34
LogDevObjectVersion:   Dev-Mobile (B02B49B5-BB20-44E9-A304-32B752E40360): 2
LogDevObjectVersion:   Dev-Networking (A4E4105C-59A1-49B5-A7C5-40C4547EDFEE): 0
LogDevObjectVersion:   Dev-Online (39C831C9-5AE6-47DC-9A44-9C173E1C8E7C): 0
LogDevObjectVersion:   Dev-Physics (78F01B33-EBEA-4F98-B9B4-84EACCB95AA2): 0
LogDevObjectVersion:   Dev-Platform (6631380F-2D4D-43E0-8009-CF276956A95A): 0
LogDevObjectVersion:   Dev-Rendering (12F88B9F-8875-4AFC-A67C-D90C383ABD29): 26
LogDevObjectVersion:   Dev-Sequencer (7B5AE74C-D270-4C10-A958-57980B212A5A): 9
LogDevObjectVersion:   Dev-VR (D7296918-1DD6-4BDD-9DE2-64A83CC13884): 2
LogDevObjectVersion:   Dev-LoadTimes (C2A15278-BFE7-4AFE-6C17-90FF531DF755): 1
LogDevObjectVersion:   Private-Geometry (6EACA3D4-40EC-4CC1-B786-8BED09428FC5): 3
LogDevObjectVersion:   Dev-AnimPhys (29E575DD-E0A3-4627-9D10-D276232CDCEA): 17
LogDevObjectVersion:   Dev-ReflectionCapture (6B266CEC-1EC7-4B8F-A30B-E4D90942FC07): 1
LogDevObjectVersion:   Dev-Automation (0DF73D61-A23F-47EA-B727-89E90C41499A): 1
LogDevObjectVersion:   FortniteMain (601D1886-AC64-4F84-AA16-D3DE0DEAC7D6): 12
LogDevObjectVersion:   Dev-Enterprise (9DFFBCD6-494F-0158-E221-12823C92A888): 1
LogStreaming: Display: Took  0.000s to delete old logs.
LogInit: Presizing for max 8388607 objects, including 0 objects not considered by GC, pre-allocating 0 bytes for permanent pool.
LogInit: Object subsystem initialized
[2019.02.25-22.53.50:369][  0]LogInit: Selected Device Profile: [Windows]
[2019.02.25-22.53.50:370][  0]LogInit: Applying CVar settings loaded from the selected device profile: [Windows]
[2019.02.25-22.53.50:394][  0]LogHAL: Display: Platform has ~ 32 GB [34262687744 / 34359738368 / 32], which maps to Largest [LargestMinGB=32, LargerMinGB=12, DefaultMinGB=8, SmallerMinGB=6, SmallestMinGB=0)
[2019.02.25-22.53.50:394][  0]LogInit: Setting Device Profile CVar: [[r.Vulkan.UseRealUBs:1]]
[2019.02.25-22.53.50:394][  0]LogInit: Going up to parent DeviceProfile []
[2019.02.25-22.53.50:395][  0]LogInit: Computer: A-C613-W08
[2019.02.25-22.53.50:395][  0]LogInit: User: MINGLI1
[2019.02.25-22.53.50:395][  0]LogInit: CPU Page size=4096, Cores=16
[2019.02.25-22.53.50:395][  0]LogInit: High frequency timer resolution =2.533232 MHz
[2019.02.25-22.53.50:396][  0]LogMemory: Memory total: Physical=31.9GB (32GB approx)
[2019.02.25-22.53.50:396][  0]LogMemory: Platform Memory Stats for Windows
[2019.02.25-22.53.50:396][  0]LogMemory: Process Physical Memory: 120.11 MB used, 120.11 MB peak
[2019.02.25-22.53.50:396][  0]LogMemory: Process Virtual Memory: 121.04 MB used, 121.04 MB peak
[2019.02.25-22.53.50:396][  0]LogMemory: Physical Memory: 9746.92 MB used,  22928.53 MB free, 32675.45 MB total
[2019.02.25-22.53.50:396][  0]LogMemory: Virtual Memory: 601.96 MB used,  22928.53 MB free, 8388608.00 MB total
[2019.02.25-22.53.50:437][  0]LogInit: Using OS detected language (en-US).
[2019.02.25-22.53.50:437][  0]LogInit: Using OS detected locale (en-US).
[2019.02.25-22.53.50:438][  0]LogTextLocalizationManager: No specific localization for 'en-US' exists, so the 'en' localization will be used.
[2019.02.25-22.53.50:978][  0]LogStreaming: Display: Took  0.541s to InitEngineTextLocalization.
[2019.02.25-22.53.50:979][  0]LogWindows: Failed to load 'shcore.dll' (GetLastError=126)
[2019.02.25-22.53.50:980][  0]LogWindows: File 'shcore.dll' does not exist
[2019.02.25-22.53.50:980][  0]LogInit: Setting process to DPI aware
[2019.02.25-22.53.51:053][  0]LogSlate: New Slate User Created.  User Index 0, Is Virtual User: 0
[2019.02.25-22.53.51:053][  0]LogSlate: Slate User Registered.  User Index 0, Is Virtual User: 0
[2019.02.25-22.53.51:360][  0]LogHMD: Failed to initialize OpenVR with code 110
[2019.02.25-22.53.51:361][  0]LogD3D11RHI: D3D11 adapters:
[2019.02.25-22.53.51:391][  0]LogD3D11RHI:    0. 'NVIDIA Quadro K2200' (Feature Level 11_0)
[2019.02.25-22.53.51:391][  0]LogD3D11RHI:       4034/0/16081 MB DedicatedVideo/DedicatedSystem/SharedSystem, Outputs:1, VendorId:0x10de
[2019.02.25-22.53.51:391][  0]LogD3D11RHI: Chosen D3D11 Adapter: 0
[2019.02.25-22.53.51:410][  0]LogD3D11RHI: Creating new Direct3DDevice
[2019.02.25-22.53.51:410][  0]LogD3D11RHI:     GPU DeviceId: 0x13ba (for the marketing name, search the web for "GPU Device Id")
[2019.02.25-22.53.51:410][  0]LogWindows: EnumDisplayDevices:
[2019.02.25-22.53.51:410][  0]LogWindows:    0. 'NVIDIA Quadro K2200' (P:1 D:1)
[2019.02.25-22.53.51:411][  0]LogWindows:    1. 'NVIDIA Quadro K2200' (P:0 D:0)
[2019.02.25-22.53.51:412][  0]LogWindows:    2. 'NVIDIA Quadro K2200' (P:0 D:0)
[2019.02.25-22.53.51:412][  0]LogWindows:    3. 'NVIDIA Quadro K2200' (P:0 D:0)
[2019.02.25-22.53.51:413][  0]LogWindows:    4. 'RDPDD Chained DD' (P:0 D:0)
[2019.02.25-22.53.51:413][  0]LogWindows:    5. 'RDP Encoder Mirror Driver' (P:0 D:0)
[2019.02.25-22.53.51:414][  0]LogWindows:    6. 'RDP Reflector Display Driver' (P:0 D:0)
[2019.02.25-22.53.51:414][  0]LogWindows: DebugString: GetVideoDriverDetailsInvalid PrimaryIsNotTheChoosenAdapter GetVideoDriverDetailsInvalid PrimaryIsNotTheChoosenAdapter GetVideoDriverDetailsInvalid PrimaryIsNotTheChoosenAdapter FoundDriverCount:4 
[2019.02.25-22.53.51:414][  0]LogD3D11RHI:     Adapter Name: NVIDIA Quadro K2200
[2019.02.25-22.53.51:414][  0]LogD3D11RHI:   Driver Version: 385.69 (internal:22.21.13.8569, unified:385.69)
[2019.02.25-22.53.51:415][  0]LogD3D11RHI:      Driver Date: 9-16-2017
[2019.02.25-22.53.51:415][  0]LogRHI: Texture pool is 2824 MB (70% of 4034 MB)
[2019.02.25-22.53.51:441][  0]LogD3D11RHI: Async texture creation enabled
[2019.02.25-22.53.51:459][  0]LogD3D11RHI: GPU Timing Frequency: 1000.000000 (Debug: 2 2)
[2019.02.25-22.53.51:466][  0]LogShaderCompilers: Guid format shader working directory is 8 characters bigger than the processId version (../../../../Bullet-Shark/BulletShark_1/MyProject/Intermediate/Shaders/WorkingDirectory/14988/).
[2019.02.25-22.53.51:466][  0]LogShaderCompilers: Cleaned the shader compiler working directory 'C:/Users/MING_LI1.FITSUNY/AppData/Local/Temp/UnrealShaderWorkingDir/B967329A4922FD99FA61CB8BF7017354/'.
[2019.02.25-22.53.51:957][  0]LogTemp: Display: Loaded TP AllDesktopTargetPlatform
[2019.02.25-22.53.51:974][  0]LogTemp: Display: Loaded TP MacClientTargetPlatform
[2019.02.25-22.53.51:991][  0]LogTemp: Display: Loaded TP MacNoEditorTargetPlatform
[2019.02.25-22.53.52:007][  0]LogTemp: Display: Loaded TP MacServerTargetPlatform
[2019.02.25-22.53.52:024][  0]LogTemp: Display: Loaded TP MacTargetPlatform
[2019.02.25-22.53.52:039][  0]LogTemp: Display: Loaded TP WindowsClientTargetPlatform
[2019.02.25-22.53.52:055][  0]LogTemp: Display: Loaded TP WindowsNoEditorTargetPlatform
[2019.02.25-22.53.52:071][  0]LogTemp: Display: Loaded TP WindowsServerTargetPlatform
[2019.02.25-22.53.52:078][  0]LogTemp: Display: Loaded TP WindowsTargetPlatform
[2019.02.25-22.53.52:173][  0]LogTemp: Display: Loaded TP AndroidTargetPlatform
[2019.02.25-22.53.52:173][  0]LogTemp: Display: Loaded TP AndroidTargetPlatform
[2019.02.25-22.53.52:173][  0]LogTemp: Display: Loaded TP AndroidTargetPlatform
[2019.02.25-22.53.52:173][  0]LogTemp: Display: Loaded TP AndroidTargetPlatform
[2019.02.25-22.53.52:173][  0]LogTemp: Display: Loaded TP AndroidTargetPlatform
[2019.02.25-22.53.52:173][  0]LogTemp: Display: Loaded TP AndroidTargetPlatform
[2019.02.25-22.53.52:173][  0]LogTemp: Display: Loaded TP AndroidTargetPlatform
[2019.02.25-22.53.52:173][  0]LogTemp: Display: Loaded TP AndroidTargetPlatform
[2019.02.25-22.53.52:173][  0]LogTemp: Display: Loaded TP AndroidTargetPlatform
[2019.02.25-22.53.52:173][  0]LogTemp: Display: Loaded TP AndroidTargetPlatform
[2019.02.25-22.53.52:173][  0]LogTemp: Display: Loaded TP AndroidTargetPlatform
[2019.02.25-22.53.52:173][  0]LogTemp: Display: Loaded TP AndroidTargetPlatform
[2019.02.25-22.53.52:173][  0]LogTemp: Display: Loaded TP AndroidTargetPlatform
[2019.02.25-22.53.52:173][  0]LogTemp: Display: Loaded TP AndroidTargetPlatform
[2019.02.25-22.53.52:173][  0]LogTemp: Display: Loaded TP AndroidTargetPlatform
[2019.02.25-22.53.52:173][  0]LogTemp: Display: Loaded TP AndroidTargetPlatform
[2019.02.25-22.53.52:173][  0]LogTemp: Display: Loaded TP AndroidTargetPlatform
[2019.02.25-22.53.52:173][  0]LogTemp: Display: Loaded TP AndroidTargetPlatform
[2019.02.25-22.53.52:175][  0]LogTemp: Display: Loaded TP HTML5TargetPlatform
[2019.02.25-22.53.52:239][  0]LogTemp: Display: Loaded TP IOSTargetPlatform
[2019.02.25-22.53.52:239][  0]LogTemp: Display: Loaded TP IOSTargetPlatform
[2019.02.25-22.53.52:267][  0]LogTemp: Display: Loaded TP TVOSTargetPlatform
[2019.02.25-22.53.52:268][  0]LogTemp: Display: Loaded TP TVOSTargetPlatform
[2019.02.25-22.53.52:283][  0]LogTemp: Display: Loaded TP LinuxClientTargetPlatform
[2019.02.25-22.53.52:298][  0]LogTemp: Display: Loaded TP LinuxNoEditorTargetPlatform
[2019.02.25-22.53.52:314][  0]LogTemp: Display: Loaded TP LinuxServerTargetPlatform
[2019.02.25-22.53.52:330][  0]LogTemp: Display: Loaded TP LinuxTargetPlatform
[2019.02.25-22.53.52:341][  0]LogTemp: Display: Loaded TP LuminTargetPlatform
[2019.02.25-22.53.52:341][  0]LogTargetPlatformManager: Display: Building Assets For Windows
[2019.02.25-22.53.52:398][  0]LogXGEController: Cannot use XGE Controller as Incredibuild is not installed on this machine.
[2019.02.25-22.53.52:398][  0]LogShaderCompilers: Cannot use XGE Shader Compiler as Incredibuild is not installed on this machine.
[2019.02.25-22.53.52:398][  0]LogShaderCompilers: Display: Using Local Shader Compiler.
[2019.02.25-22.53.53:285][  0]LogDerivedDataCache: Display: Max Cache Size: 512 MB
[2019.02.25-22.53.53:429][  0]LogDerivedDataCache: Loaded boot cache 0.14s 71MB C:/Users/MING_LI1.FITSUNY/AppData/Local/UnrealEngine/4.20/DerivedDataCache/Boot.ddc.
[2019.02.25-22.53.53:429][  0]LogDerivedDataCache: Display: Loaded Boot cache: C:/Users/MING_LI1.FITSUNY/AppData/Local/UnrealEngine/4.20/DerivedDataCache/Boot.ddc
[2019.02.25-22.53.53:430][  0]LogDerivedDataCache: FDerivedDataBackendGraph:  Pak pak cache file ../../../../Bullet-Shark/BulletShark_1/MyProject/DerivedDataCache/DDC.ddp not found, will not use a pak cache.
[2019.02.25-22.53.53:430][  0]LogDerivedDataCache: Unable to find inner node Pak for hierarchical cache Hierarchy.
[2019.02.25-22.53.53:430][  0]LogDerivedDataCache: FDerivedDataBackendGraph:  CompressedPak pak cache file ../../../../Bullet-Shark/BulletShark_1/MyProject/DerivedDataCache/Compressed.ddp not found, will not use a pak cache.
[2019.02.25-22.53.53:430][  0]LogDerivedDataCache: Unable to find inner node CompressedPak for hierarchical cache Hierarchy.
[2019.02.25-22.53.53:449][  0]LogDerivedDataCache: Display: Pak cache opened for reading ../../../Engine/DerivedDataCache/Compressed.ddp.
[2019.02.25-22.53.53:463][  0]LogDerivedDataCache: Using Local data cache path C:/Users/MING_LI1.FITSUNY/AppData/Local/UnrealEngine/Common/DerivedDataCache: Writable
[2019.02.25-22.53.53:463][  0]LogDerivedDataCache: Shared data cache path not found in *engine.ini, will not use an Shared cache.
[2019.02.25-22.53.53:463][  0]LogDerivedDataCache: Unable to find inner node Shared for hierarchical cache Hierarchy.
[2019.02.25-22.53.53:504][  0]LogMaterial: Verifying Global Shaders for PCD3D_SM5
[2019.02.25-22.53.53:506][  0]LogSlate: Using FreeType 2.6.0
[2019.02.25-22.53.53:508][  0]LogSlate: SlateFontServices - WITH_FREETYPE: 1, WITH_HARFBUZZ: 1
[2019.02.25-22.53.53:661][  0]LogAssetRegistry: FAssetRegistry took 0.0280 seconds to start up
[2019.02.25-22.53.54:146][  0]LogInit: Selected Device Profile: [Windows]
[2019.02.25-22.53.54:225][  0]LogSimplygon: Simplygon DLL not present - disabling.
[2019.02.25-22.53.54:228][  0]LogMeshReduction: Using SimplygonSwarm for distributed automatic mesh merging
[2019.02.25-22.53.54:229][  0]LogMeshReduction: Using ProxyLODMeshReduction for automatic mesh merging
[2019.02.25-22.53.54:229][  0]LogMeshReduction: Using QuadricMeshReduction for automatic static mesh reduction
[2019.02.25-22.53.54:229][  0]LogMeshReduction: No automatic skeletal mesh reduction module available
[2019.02.25-22.53.54:356][  0]LogNetVersion: MyProject 1.0.0, NetCL: 4212847, EngineNetVer: 5, GameNetVer: 0 (Checksum: 1110078900)
[2019.02.25-22.53.55:160][  0]LogPackageLocalizationCache: Processed 12 localized package path(s) for 2 prioritized culture(s) in 0.118207 seconds
[2019.02.25-22.53.55:168][  0]LogUObjectArray: 38426 objects as part of root set at end of initial load.
[2019.02.25-22.53.55:168][  0]LogUObjectAllocator: 6691096 out of 0 bytes used by permanent object pool.
[2019.02.25-22.53.55:168][  0]LogUObjectArray: CloseDisregardForGC: 0/0 objects in disregard for GC pool
[2019.02.25-22.53.56:932][  0]LogWindows: Failed to load '../../../Engine/Binaries/ThirdParty/OSVRClientKit/bin/Win64/osvrRenderManager.dll' (GetLastError=127)
[2019.02.25-22.53.56:932][  0]OSVRLog: Warning: FAILED to load ../../../Engine/Binaries/ThirdParty/OSVRClientKit/bin/Win64/osvrRenderManager.dll
[2019.02.25-22.54.08:308][  0]OSVREntryPointLog: Display: OSVR client context could not connect. Most likely the server isn't running. Treating this as if the HMD is not connected.
[2019.02.25-22.54.08:370][  0]LogTcpMessaging: Initializing TcpMessaging bridge
[2019.02.25-22.54.08:385][  0]LogUdpMessaging: Initializing bridge on interface 0.0.0.0:0 to multicast group 230.0.0.1:6666.
[2019.02.25-22.54.08:611][  0]SourceControl: Source control is disabled
[2019.02.25-22.54.08:612][  0]SourceControl: Source control is disabled
[2019.02.25-22.54.08:615][  0]SourceControl: Source control is disabled
[2019.02.25-22.54.08:617][  0]SourceControl: Source control is disabled
[2019.02.25-22.54.08:833][  0]LogAndroidPermission: UAndroidPermissionCallbackProxy::GetInstance
[2019.02.25-22.54.08:989][  0]LogOcInput: OculusInput pre-init called
[2019.02.25-22.54.09:078][  0]LogEngine: Initializing Engine...
[2019.02.25-22.54.09:079][  0]LogHMD: Failed to initialize OpenVR with code 110
[2019.02.25-22.54.09:082][  0]LogStats: UGameplayTagsManager::ConstructGameplayTagTree: ImportINI prefixes -  0.000 s
[2019.02.25-22.54.09:082][  0]LogStats: UGameplayTagsManager::ConstructGameplayTagTree: Construct from data asset -  0.000 s
[2019.02.25-22.54.09:082][  0]LogStats: UGameplayTagsManager::ConstructGameplayTagTree: ImportINI -  0.000 s
[2019.02.25-22.54.09:082][  0]LogStats: UGameplayTagsManager::ConstructGameplayTagTree: GameplayTagTreeChangedEvent.Broadcast -  0.000 s
[2019.02.25-22.54.09:566][  0]LogInit: Initializing FReadOnlyCVARCache
[2019.02.25-22.54.09:593][  0]LogAIModule: Creating AISystem for world Untitled
[2019.02.25-22.54.09:623][  0]LogInit: XAudio2 using 'Speakers (High Definition Audio Device)' : 2 channels at 44.1 kHz using 16 bits per sample (channel mask 0x3)
[2019.02.25-22.54.09:649][  0]LogInit: FAudioDevice initialized.
[2019.02.25-22.54.09:650][  0]LogNetVersion: Set ProjectVersion to 1.0.0.0. Version Checksum will be recalculated on next use.
[2019.02.25-22.54.09:832][  0]LogDerivedDataCache: Saved boot cache 0.18s 71MB C:/Users/MING_LI1.FITSUNY/AppData/Local/UnrealEngine/4.20/DerivedDataCache/Boot.ddc.
[2019.02.25-22.54.09:854][  0]LogInit: Texture streaming: Enabled
[2019.02.25-22.54.09:891][  0]LogEngineSessionManager: EngineSessionManager initialized
[2019.02.25-22.54.09:920][  0]LogInit: Transaction tracking system initialized
[2019.02.25-22.54.09:947][  0]BlueprintLog: New page: Editor Load
[2019.02.25-22.54.10:076][  0]LocalizationService: Localization service is disabled
[2019.02.25-22.54.10:522][  0]LogCook: Display: Max memory allowance for cook 16384mb min free memory 0mb
[2019.02.25-22.54.10:523][  0]LogCook: Display: Mobile HDR setting 1
[2019.02.25-22.54.10:523][  0]LogGameplayTags: Display: UGameplayTagsManager::DoneAddingNativeTags. DelegateIsBound: 0
[2019.02.25-22.54.10:523][  0]LogStats: UGameplayTagsManager::ConstructGameplayTagTree: ImportINI prefixes -  0.000 s
[2019.02.25-22.54.10:523][  0]LogStats: UGameplayTagsManager::ConstructGameplayTagTree: Construct from data asset -  0.000 s
[2019.02.25-22.54.10:523][  0]LogStats: UGameplayTagsManager::ConstructGameplayTagTree: ImportINI -  0.000 s
[2019.02.25-22.54.10:523][  0]LogStats: UGameplayTagsManager::ConstructGameplayTagTree: GameplayTagTreeChangedEvent.Broadcast -  0.000 s
[2019.02.25-22.54.10:564][  0]LogFileCache: Scanning file cache for directory 'Q:/Ming/Bullet-Shark/BulletShark_1/MyProject/Content/' took 0.02s
[2019.02.25-22.54.10:688][  0]SourceControl: Source control is disabled
[2019.02.25-22.54.10:688][  0]Cmd: MAP LOAD FILE="../../../../Bullet-Shark/BulletShark_1/MyProject/Content/FirstPersonBP/Maps/Menu.umap" TEMPLATE=0 SHOWPROGRESS=1 FEATURELEVEL=3
[2019.02.25-22.54.10:689][  0]LightingResults: New page: Lighting Build
[2019.02.25-22.54.10:695][  0]MapCheck: New page: Map Check
[2019.02.25-22.54.10:695][  0]LightingResults: New page: Lighting Build
[2019.02.25-22.54.11:480][  0]LogMaterial: Display: Missing cached shader map for material M_UE4Man_Body, compiling. 
[2019.02.25-22.54.11:484][  0]LogMaterial: Warning: Q:\Ming\Bullet-Shark\BulletShark_1\MyProject\Content\FirstPerson\Character\Materials\M_UE4Man_Body.uasset: Failed to compile Material for platform PCD3D_SM5, Default Material will be used in game.
[2019.02.25-22.54.11:484][  0]LogMaterial: 	(Node TextureSampleParameter2D) Param2D> Requires Texture2D
[2019.02.25-22.54.11:484][  0]LogMaterial: 	Function MatLayerBlend_NormalBlend: (Node MakeMaterialAttributes) Error on property Normal
[2019.02.25-22.54.11:484][  0]LogMaterial: 	(Node TextureSample) Texture Sample> Missing input texture
[2019.02.25-22.54.11:484][  0]LogMaterial: 	Function MatLayerBlend_Simple: (Node MakeMaterialAttributes) Error on property EmissiveColor
[2019.02.25-22.54.11:484][  0]LogMaterial: 	Function MatLayerBlend_Simple: (Node MakeMaterialAttributes) Error on property BaseColor
[2019.02.25-22.54.11:484][  0]LogMaterial: 	Function MatLayerBlend_Simple: (Node MakeMaterialAttributes) Error on property Metallic
[2019.02.25-22.54.11:484][  0]LogMaterial: 	Function MatLayerBlend_Simple: (Node MakeMaterialAttributes) Error on property Roughness
[2019.02.25-22.54.11:761][  0]LogAIModule: Creating AISystem for world Menu
[2019.02.25-22.54.11:783][  0]LogEditorServer: Finished looking for orphan Actors (0.000 secs)
[2019.02.25-22.54.11:913][  0]Cmd: MAP CHECKDEP NOCLEARLOG
[2019.02.25-22.54.12:000][  0]MapCheck: Map check complete: 0 Error(s), 0 Warning(s), took 86.923ms to complete.
[2019.02.25-22.54.12:000][  0]LogFileHelpers: Loading map 'Menu' took 1.312
[2019.02.25-22.54.12:122][  0]LogSlate: Updating window title bar state: overlay mode, drag disabled, window buttons hidden, title bar hidden
[2019.02.25-22.54.12:133][  0]LogSlate: Updating window title bar state: overlay mode, drag disabled, window buttons hidden, title bar hidden
[2019.02.25-22.54.12:147][  0]LogSlate: Updating window title bar state: overlay mode, drag disabled, window buttons hidden, title bar hidden
[2019.02.25-22.54.12:169][  0]LogSlate: Updating window title bar state: overlay mode, drag disabled, window buttons hidden, title bar hidden
[2019.02.25-22.54.12:180][  0]LogCollectionManager: Loaded 0 collections in 0.002468 seconds
[2019.02.25-22.54.12:233][  0]LogFileCache: Scanning file cache for directory 'Q:/Ming/Bullet-Shark/BulletShark_1/MyProject/Saved/Collections/' took 0.01s
[2019.02.25-22.54.12:233][  0]LogFileCache: Scanning file cache for directory 'Q:/Ming/Bullet-Shark/BulletShark_1/MyProject/Content/Developers/MINGLI1/Collections/' took 0.01s
[2019.02.25-22.54.12:233][  0]LogFileCache: Scanning file cache for directory 'Q:/Ming/Bullet-Shark/BulletShark_1/MyProject/Content/Collections/' took 0.01s
[2019.02.25-22.54.12:233][  0]LogCollectionManager: Rebuilt the GUID cache for 0 collections in 0.000000 seconds
[2019.02.25-22.54.12:260][  0]LogContentBrowser: Native class hierarchy populated in 0.0263 seconds. Added 2578 classes and 609 folders.
[2019.02.25-22.54.12:274][  0]LogContentBrowser: Native class hierarchy updated for 'WidgetCarousel' in 0.0007 seconds. Added 0 classes and 0 folders.
[2019.02.25-22.54.12:361][  0]LogContentBrowser: Native class hierarchy updated for 'AddContentDialog' in 0.0004 seconds. Added 0 classes and 0 folders.
[2019.02.25-22.54.12:388][  0]LogContentBrowser: Native class hierarchy updated for 'SceneOutliner' in 0.0007 seconds. Added 1 classes and 2 folders.
[2019.02.25-22.54.12:423][  0]LogSlate: Took 0.000501 seconds to synchronously load lazily loaded font '../../../Engine/Content/Slate/Fonts/Roboto-Regular.ttf' (155K)
[2019.02.25-22.54.12:425][  0]LogSlate: Took 0.000353 seconds to synchronously load lazily loaded font '../../../Engine/Content/Slate/Fonts/Roboto-Bold.ttf' (160K)
[2019.02.25-22.54.12:441][  0]LogSlate: Took 0.000801 seconds to synchronously load lazily loaded font '../../../Engine/Content/Editor/Slate/Fonts/FontAwesome.ttf' (139K)
[2019.02.25-22.54.12:602][  0]LogRenderer: Reallocating scene render targets to support 1208x576 Format 10 NumSamples 1 (Frame:1).
[2019.02.25-22.54.12:914][  0]LogContentBrowser: Native class hierarchy updated for 'HierarchicalLODOutliner' in 0.0007 seconds. Added 0 classes and 0 folders.
[2019.02.25-22.54.12:914][  0]LogLoad: (Engine Initialization) Total time: 25.77 seconds
[2019.02.25-22.54.12:915][  0]LogLoad: (Engine Initialization) Total Blueprint compile time: 0.00 seconds
[2019.02.25-22.54.12:960][  0]LogContentStreaming: Texture pool size now 1000 MB
[2019.02.25-22.54.13:006][  0]LogSlate: Took 0.000499 seconds to synchronously load lazily loaded font '../../../Engine/Content/Slate/Fonts/Roboto-Light.ttf' (167K)
[2019.02.25-22.54.13:275][  2]LogSlate: New Slate User Created.  User Index 8, Is Virtual User: 1
[2019.02.25-22.54.13:275][  2]LogSlate: Slate User Registered.  User Index 8, Is Virtual User: 1
[2019.02.25-22.54.13:444][  4]LogAssetRegistry: Asset discovery search completed in 19.8032 seconds
[2019.02.25-22.54.13:446][  4]LogCollectionManager: Rebuilt the object cache for 0 collections in 0.000001 seconds (found 0 objects)
[2019.02.25-22.54.13:446][  4]LogCollectionManager: Fixed up redirectors for 0 collections in 0.000081 seconds (updated 0 objects)
[2019.02.25-22.56.55:185][990]LogSlate: FSceneViewport::OnFocusLost() reason 0
[2019.02.25-22.56.55:250][994]LogTemp: Repeating last play command: New Editor Window (PIE)
[2019.02.25-22.56.55:317][994]LogBlueprintUserMessages: Early PlayInEditor Detection: Level '/Game/FirstPersonBP/Maps/Menu.Menu:PersistentLevel' has LevelScriptBlueprint '/Game/FirstPersonBP/Maps/Menu.Menu:PersistentLevel.Menu' with GeneratedClass '/Game/FirstPersonBP/Maps/Menu.Menu_C' with ClassGeneratedBy '/Game/FirstPersonBP/Maps/Menu.Menu:PersistentLevel.Menu'
[2019.02.25-22.56.55:317][994]LogPlayLevel: PlayLevel: No blueprints needed recompiling
[2019.02.25-22.56.55:331][994]PIE: New page: PIE session: Menu (Feb 25, 2019, 12:56:55 PM)
[2019.02.25-22.56.55:331][994]LogPlayLevel: Creating play world package: /Game/FirstPersonBP/Maps/UEDPIE_0_Menu
[2019.02.25-22.56.55:335][994]LogPlayLevel: PIE: StaticDuplicateObject took: (0.003889s)
[2019.02.25-22.56.55:337][994]LogAIModule: Creating AISystem for world Menu
[2019.02.25-22.56.55:339][994]LogPlayLevel: PIE: World Init took: (0.003318s)
[2019.02.25-22.56.55:339][994]LogPlayLevel: PIE: Created PIE world by copying editor world from /Game/FirstPersonBP/Maps/Menu.Menu to /Game/FirstPersonBP/Maps/UEDPIE_0_Menu.Menu (0.007473s)
[2019.02.25-22.56.55:471][994]LogInit: XAudio2 using 'Speakers (High Definition Audio Device)' : 2 channels at 44.1 kHz using 16 bits per sample (channel mask 0x3)
[2019.02.25-22.56.55:480][994]LogInit: FAudioDevice initialized.
[2019.02.25-22.56.55:488][994]LogSlate: Updating window title bar state: overlay mode, drag disabled, window buttons hidden, title bar hidden
[2019.02.25-22.56.55:569][994]LogLoad: Game class is 'FirstPersonGameMode_C'
[2019.02.25-22.56.55:573][994]LogWorld: Bringing World /Game/FirstPersonBP/Maps/UEDPIE_0_Menu.Menu up for play (max tick rate 0) at 2019.02.25-17.56.55
[2019.02.25-22.56.55:574][994]LogWorld: Bringing up level for play took: 0.001571
[2019.02.25-22.56.55:590][994]LogContentBrowser: Native class hierarchy updated for 'MovieSceneCapture' in 0.0004 seconds. Added 10 classes and 0 folders.
[2019.02.25-22.56.55:599][994]PIE: Play in editor start time for /Game/FirstPersonBP/Maps/UEDPIE_0_Menu 0.998
[2019.02.25-22.56.55:599][994]LogBlueprintUserMessages: Late PlayInEditor Detection: Level '/Game/FirstPersonBP/Maps/Menu.Menu:PersistentLevel' has LevelScriptBlueprint '/Game/FirstPersonBP/Maps/Menu.Menu:PersistentLevel.Menu' with GeneratedClass '/Game/FirstPersonBP/Maps/Menu.Menu_C' with ClassGeneratedBy '/Game/FirstPersonBP/Maps/Menu.Menu:PersistentLevel.Menu'
[2019.02.25-22.56.55:628][994]LogRenderer: Reallocating scene render targets to support 1292x756 Format 10 NumSamples 1 (Frame:1).
[2019.02.25-22.57.12:654][870]LogSlate: Window 'MyProject Game Preview Standalone (64-bit/PCD3D_SM5)' being destroyed
[2019.02.25-22.57.12:661][870]LogBlueprintUserMessages: Early EndPlayMap Detection: Level '/Game/FirstPersonBP/Maps/Menu.Menu:PersistentLevel' has LevelScriptBlueprint '/Game/FirstPersonBP/Maps/Menu.Menu:PersistentLevel.Menu' with GeneratedClass '/Game/FirstPersonBP/Maps/Menu.Menu_C' with ClassGeneratedBy '/Game/FirstPersonBP/Maps/Menu.Menu:PersistentLevel.Menu'
[2019.02.25-22.57.12:694][870]LogPlayLevel: Display: Shutting down PIE online subsystems
[2019.02.25-22.57.12:694][870]LogBlueprintUserMessages: Late EndPlayMap Detection: Level '/Game/FirstPersonBP/Maps/Menu.Menu:PersistentLevel' has LevelScriptBlueprint '/Game/FirstPersonBP/Maps/Menu.Menu:PersistentLevel.Menu' with GeneratedClass '/Game/FirstPersonBP/Maps/Menu.Menu_C' with ClassGeneratedBy '/Game/FirstPersonBP/Maps/Menu.Menu:PersistentLevel.Menu'
[2019.02.25-22.57.12:834][871]LogPlayLevel: Display: Destroying online subsystem :Context_3
[2019.02.25-22.57.16:047][ 91]LogSlate: Took 0.000344 seconds to synchronously load lazily loaded font '../../../Engine/Content/Slate/Fonts/Roboto-Light.ttf' (167K)
[2019.02.25-22.57.16:115][ 91]LogBlueprint: Error: [Compiler Cube_Blueprint] This blueprint (self) is not a AITask, therefore ' Target ' must have a connection.
[2019.02.25-22.57.16:116][ 91]LogBlueprint: Error: [Compiler Cube_Blueprint] Variable node  Get OwnerController  uses an invalid target.  It may depend on a node that is not connected to the execution chain, and got purged.
[2019.02.25-22.57.16:117][ 91]LogBlueprint: Warning: [Compiler Cube_Blueprint] [0208.97] Compile of Cube_Blueprint failed. 2 Fatal Issue(s) 0 Warning(s) [in 3 ms] (/Game/FirstPersonBP/Blueprints/Cube_Blueprint.Cube_Blueprint)
[2019.02.25-22.57.16:199][ 91]LogLinker: Warning: Can't find file '/Game/FirstPersonBP/Blueprints/Music/Circus_-_Theme_song_-_long_version_01'
[2019.02.25-22.57.16:199][ 91]LogLinker: Warning: Can't find file for asset '/Game/FirstPersonBP/Blueprints/Music/Circus_-_Theme_song_-_long_version_01' while loading ../../../../Bullet-Shark/BulletShark_1/MyProject/Content/FirstPersonBP/Blueprints/EnemySpawner_Blueprint.uasset.
[2019.02.25-22.57.16:199][ 91]LoadErrors: Error: /Game/FirstPersonBP/Blueprints/EnemySpawner_Blueprint : Can't find file for asset. /Game/FirstPersonBP/Blueprints/Music/Circus_-_Theme_song_-_long_version_01
[2019.02.25-22.57.16:206][ 91]LogLinker: Warning: Can't find file '/Game/FirstPersonBP/Blueprints/Music/Circus_-_Theme_song_-_long_version_01'
[2019.02.25-22.57.16:206][ 91]LogLinker: Warning: Can't find file for asset '/Game/FirstPersonBP/Blueprints/Music/Circus_-_Theme_song_-_long_version_01' while loading ../../../../Bullet-Shark/BulletShark_1/MyProject/Content/FirstPersonBP/Blueprints/EnemySpawner_Blueprint.uasset.
[2019.02.25-22.57.16:208][ 91]LogLinker: Warning: Can't find file '/Game/FirstPersonBP/Blueprints/Music/Circus_-_Theme_song_-_long_version_01'
[2019.02.25-22.57.16:208][ 91]LogLinker: Warning: Can't find file for asset '/Game/FirstPersonBP/Blueprints/Music/Circus_-_Theme_song_-_long_version_01' while loading ../../../../Bullet-Shark/BulletShark_1/MyProject/Content/FirstPersonBP/Maps/Level0.umap.
[2019.02.25-22.57.16:208][ 91]LoadErrors: Error: /Game/FirstPersonBP/Maps/Level0 : Can't find file for asset. /Game/FirstPersonBP/Blueprints/Music/Circus_-_Theme_song_-_long_version_01
[2019.02.25-22.57.16:208][ 91]LogLinker: Warning: Can't find file '/Game/FirstPersonBP/Blueprints/Music/Circus_-_Theme_song_-_long_version_01'
[2019.02.25-22.57.16:209][ 91]LogLinker: Warning: Can't find file for asset '/Game/FirstPersonBP/Blueprints/Music/Circus_-_Theme_song_-_long_version_01' while loading ../../../../Bullet-Shark/BulletShark_1/MyProject/Content/FirstPersonBP/Maps/Level0.umap.
[2019.02.25-22.57.16:209][ 91]LogLinker: Warning: Can't find file '/Game/FirstPersonBP/Blueprints/Music/Circus_-_Theme_song_-_long_version_01'
[2019.02.25-22.57.16:209][ 91]LoadErrors: Failed to load /Game/FirstPersonBP/Blueprints/Music/Circus_-_Theme_song_-_long_version_01.Circus_-_Theme_song_-_long_version_01 Referenced by Default__EnemySpawner_Blueprint_C
[2019.02.25-22.57.16:209][ 91]LogLinker: Warning: Can't find file for asset '/Game/FirstPersonBP/Blueprints/Music/Circus_-_Theme_song_-_long_version_01' while loading ../../../../Bullet-Shark/BulletShark_1/MyProject/Content/FirstPersonBP/Maps/Level0.umap.
[2019.02.25-22.57.16:241][ 91]LogBlueprint: Warning: [Compiler GameManager] Sequence  has no valid output
[2019.02.25-22.57.16:242][ 91]LogBlueprint: Warning: [Compiler GameManager] [0209.09] Compile of GameManager successful, but with 1 Warning(s) [in 6 ms] (/Game/FirstPersonBP/Blueprints/GameManager.GameManager)
[2019.02.25-22.57.16:649][ 91]LogAIModule: Creating AISystem for world Level0
[2019.02.25-22.57.16:672][ 91]LogAssetEditorManager: Opening Asset editor for World /Game/FirstPersonBP/Maps/Level0.Level0
[2019.02.25-22.57.16:791][ 91]Cmd: MAP LOAD FILE="../../../../Bullet-Shark/BulletShark_1/MyProject/Content/FirstPersonBP/Maps/Level0.umap" TEMPLATE=0 SHOWPROGRESS=1 FEATURELEVEL=3
[2019.02.25-22.57.16:792][ 91]LightingResults: New page: Lighting Build
[2019.02.25-22.57.16:792][ 91]LoadErrors: New page: Loading map: Level0.umap
[2019.02.25-22.57.16:793][ 91]MapCheck: New page: Map Check
[2019.02.25-22.57.16:793][ 91]LightingResults: New page: Lighting Build
[2019.02.25-22.57.16:882][ 91]LogEditorServer: Finished looking for orphan Actors (0.000 secs)
[2019.02.25-22.57.17:120][ 91]Cmd: MAP CHECKDEP NOCLEARLOG
[2019.02.25-22.57.17:240][ 91]MapCheck: Map check complete: 0 Error(s), 0 Warning(s), took 119.268ms to complete.
[2019.02.25-22.57.17:240][ 91]LogFileHelpers: Loading map 'Level0' took 0.450
[2019.02.25-22.57.21:120][438]LogSlate: FSceneViewport::OnFocusLost() reason 0
[2019.02.25-22.57.21:172][441]LogTemp: Repeating last play command: New Editor Window (PIE)
[2019.02.25-22.57.21:279][441]LogBlueprintUserMessages: Early PlayInEditor Detection: Level '/Game/FirstPersonBP/Maps/Level0.Level0:PersistentLevel' has LevelScriptBlueprint '/Game/FirstPersonBP/Maps/Level0.Level0:PersistentLevel.Level0' with GeneratedClass '/Game/FirstPersonBP/Maps/Level0.Level0_C' with ClassGeneratedBy '/Game/FirstPersonBP/Maps/Level0.Level0:PersistentLevel.Level0'
[2019.02.25-22.57.21:280][441]LogPlayLevel: PlayLevel: No blueprints needed recompiling
[2019.02.25-22.57.25:088][441]LogSlate: Window 'Message' being destroyed
[2019.02.25-22.57.26:777][632]LogEditorViewport: Clicking on Actor (LMB): Cube_Blueprint_C (Cube_Blueprint)
[2019.02.25-22.57.28:089][712]LogSlate: FSceneViewport::OnFocusLost() reason 0
[2019.02.25-22.57.28:204][717]LogAssetEditorManager: Opening Asset editor for Blueprint /Game/FirstPersonBP/Blueprints/Cube_Blueprint.Cube_Blueprint
[2019.02.25-22.57.29:144][717]LogContentBrowser: Native class hierarchy updated for 'BlueprintGraph' in 0.0009 seconds. Added 116 classes and 0 folders.
[2019.02.25-22.57.30:805][717]LogSlate: Took 0.008063 seconds to synchronously load lazily loaded font '../../../Engine/Content/Slate/Fonts/Roboto-BoldCondensed.ttf' (158K)
[2019.02.25-22.57.30:944][718]LogSlate: Took 0.008034 seconds to synchronously load lazily loaded font '../../../Engine/Content/Slate/Fonts/Roboto-Italic.ttf' (157K)
[2019.02.25-22.57.44:349][513]BlueprintLog: New page: Compile Cube_Blueprint
[2019.02.25-22.57.44:359][513]LogBlueprint: Error: [Compiler Cube_Blueprint] This blueprint (self) is not a AIController, therefore ' Controller ' must have a connection.
[2019.02.25-22.57.44:800][513]LogBlueprint: Warning: [Compiler Cube_Blueprint] [0237.65] Compile of Cube_Blueprint failed. 1 Fatal Issue(s) 0 Warning(s) [in 450 ms] (/Game/FirstPersonBP/Blueprints/Cube_Blueprint.Cube_Blueprint)
[2019.02.25-22.58.04:989][133]LogSlate: Window 'Cube_Blueprint*' being destroyed
[2019.02.25-22.58.04:994][133]LogSlate: Window 'Cube_Blueprint*' being destroyed
[2019.02.25-22.58.09:563][420]LogAssetEditorManager: Opening Asset editor for Blueprint /Game/FirstPersonBP/Blueprints/EnemyBP.EnemyBP
[2019.02.25-22.58.15:654][679]LogSlate: Window 'EnemyBP' being destroyed
[2019.02.25-22.58.15:661][679]LogSlate: Window 'EnemyBP' being destroyed
[2019.02.25-22.58.18:185][883]LogSlate: Window 'Open Level' being destroyed
[2019.02.25-22.58.20:666][ 25]LogUProjectInfo: Found projects:
[2019.02.25-22.58.33:993][260]Cmd: CLOSE_SLATE_MAINFRAME
[2019.02.25-22.58.35:667][260]LogSlate: Window 'Save Content' being destroyed
[2019.02.25-22.58.36:234][260]LogSlate: Window 'Open Project' being destroyed
[2019.02.25-22.58.36:236][260]LogSlate: Window 'MyProject - Unreal Editor' being destroyed
[2019.02.25-22.58.36:602][261]Cmd: QUIT_EDITOR
[2019.02.25-22.58.36:684][261]LogExit: Preparing to exit.
[2019.02.25-22.58.37:534][261]LogExit: Editor shut down
[2019.02.25-22.58.37:535][261]LogExit: Transaction tracking system shut down
[2019.02.25-22.58.38:210][261]LogExit: Object subsystem successfully closed.
[2019.02.25-22.58.38:261][261]LogShaderCompilers: Display: Shaders left to compile 0
[2019.02.25-22.58.38:268][261]LogD3D11RHI: Shutdown
[2019.02.25-22.58.38:268][261]LogD3D11RHI: CleanupD3DDevice
[2019.02.25-22.58.38:272][261]LogD3D11RHI: ~FD3D11DynamicRHI
[2019.02.25-22.58.38:292][261]LogModuleManager: Shutting down and abandoning module BlueprintGraph (622)
[2019.02.25-22.58.38:292][261]LogModuleManager: Shutting down and abandoning module MovieSceneCapture (620)
[2019.02.25-22.58.38:292][261]LogModuleManager: Shutting down and abandoning module Voice (618)
[2019.02.25-22.58.38:292][261]LogModuleManager: Shutting down and abandoning module HierarchicalLODOutliner (616)
[2019.02.25-22.58.38:292][261]LogModuleManager: Shutting down and abandoning module SceneOutliner (614)
[2019.02.25-22.58.38:292][261]LogModuleManager: Shutting down and abandoning module AddContentDialog (612)
[2019.02.25-22.58.38:293][261]LogModuleManager: Shutting down and abandoning module WidgetCarousel (611)
[2019.02.25-22.58.38:293][261]LogModuleManager: Shutting down and abandoning module EditorWidgets (608)
[2019.02.25-22.58.38:293][261]LogModuleManager: Shutting down and abandoning module CollectionManager (606)
[2019.02.25-22.58.38:294][261]LogModuleManager: Shutting down and abandoning module StatsViewer (604)
[2019.02.25-22.58.38:294][261]LogModuleManager: Shutting down and abandoning module FoliageEdit (602)
[2019.02.25-22.58.38:294][261]LogModuleManager: Shutting down and abandoning module LandscapeEditor (600)
[2019.02.25-22.58.38:294][261]LogModuleManager: Shutting down and abandoning module MeshPaintMode (598)
[2019.02.25-22.58.38:294][261]LogModuleManager: Shutting down and abandoning module SceneDepthPickerMode (596)
[2019.02.25-22.58.38:294][261]LogModuleManager: Shutting down and abandoning module ActorPickerMode (594)
[2019.02.25-22.58.38:294][261]LogModuleManager: Shutting down and abandoning module GeometryMode (592)
[2019.02.25-22.58.38:294][261]LogModuleManager: Shutting down and abandoning module TextureAlignMode (590)
[2019.02.25-22.58.38:294][261]LogModuleManager: Shutting down and abandoning module BspMode (588)
[2019.02.25-22.58.38:294][261]LogModuleManager: Shutting down and abandoning module PIEPreviewDeviceProfileSelector (586)
[2019.02.25-22.58.38:294][261]LogModuleManager: Shutting down and abandoning module SequenceRecorderSections (584)
[2019.02.25-22.58.38:294][261]LogModuleManager: Shutting down and abandoning module AutomationWorker (582)
[2019.02.25-22.58.38:295][261]LogModuleManager: Shutting down and abandoning module AudioCaptureEditor (580)
[2019.02.25-22.58.38:295][261]LogModuleManager: Shutting down and abandoning module SequenceRecorder (579)
[2019.02.25-22.58.38:295][261]LogModuleManager: Shutting down and abandoning module MatineeToLevelSequence (576)
[2019.02.25-22.58.38:295][261]LogModuleManager: Shutting down and abandoning module LevelSequenceEditor (574)
[2019.02.25-22.58.38:295][261]LogModuleManager: Shutting down and abandoning module PlacementMode (573)
[2019.02.25-22.58.38:295][261]LogModuleManager: Shutting down and abandoning module MaterialEditor (572)
[2019.02.25-22.58.38:295][261]LogModuleManager: Shutting down and abandoning module WmfMediaFactory (568)
[2019.02.25-22.58.38:295][261]LogModuleManager: Shutting down and abandoning module WmfMediaEditor (566)
[2019.02.25-22.58.38:295][261]LogModuleManager: Shutting down and abandoning module MediaPlayerEditor (564)
[2019.02.25-22.58.38:295][261]LogModuleManager: Shutting down and abandoning module OpenExrWrapper (562)
[2019.02.25-22.58.38:295][261]LogModuleManager: Shutting down and abandoning module ImgMediaFactory (560)
[2019.02.25-22.58.38:296][261]LogModuleManager: Shutting down and abandoning module ImgMediaEditor (558)
[2019.02.25-22.58.38:296][261]LogModuleManager: Shutting down and abandoning module AvfMediaFactory (556)
[2019.02.25-22.58.38:296][261]LogModuleManager: Shutting down and abandoning module AvfMediaEditor (554)
[2019.02.25-22.58.38:296][261]LogModuleManager: Shutting down and abandoning module AndroidMediaFactory (552)
[2019.02.25-22.58.38:296][261]LogModuleManager: Shutting down and abandoning module AndroidMediaEditor (550)
[2019.02.25-22.58.38:296][261]LogModuleManager: Shutting down and abandoning module MagicLeapCameraPreviewFactory (548)
[2019.02.25-22.58.38:296][261]LogModuleManager: Shutting down and abandoning module MagicLeapMediaFactory (546)
[2019.02.25-22.58.38:296][261]LogModuleManager: Shutting down and abandoning module MagicLeapMediaEditor (544)
[2019.02.25-22.58.38:296][261]LogModuleManager: Shutting down and abandoning module CharacterAI (542)
[2019.02.25-22.58.38:296][261]LogModuleManager: Shutting down and abandoning module SmartSnapping (540)
[2019.02.25-22.58.38:296][261]LogModuleManager: Shutting down and abandoning module SessionServices (538)
[2019.02.25-22.58.38:296][261]LogModuleManager: Shutting down and abandoning module ViewportSnapping (536)
[2019.02.25-22.58.38:296][261]LogModuleManager: Shutting down and abandoning module ViewportInteraction (534)
[2019.02.25-22.58.38:296][261]LogModuleManager: Shutting down and abandoning module ClothPainter (532)
[2019.02.25-22.58.38:296][261]LogModuleManager: Shutting down and abandoning module SkeletalMeshEditor (531)
[2019.02.25-22.58.38:296][261]LogModuleManager: Shutting down and abandoning module LogVisualizer (528)
[2019.02.25-22.58.38:296][261]LogModuleManager: Shutting down and abandoning module IntroTutorials (526)
[2019.02.25-22.58.38:297][261]LogModuleManager: Shutting down and abandoning module GameProjectGeneration (525)
[2019.02.25-22.58.38:297][261]LogModuleManager: Shutting down and abandoning module LuminPlatformEditor (522)
[2019.02.25-22.58.38:297][261]LogModuleManager: Shutting down and abandoning module IOSPlatformEditor (520)
[2019.02.25-22.58.38:297][261]LogModuleManager: Shutting down and abandoning module HTML5PlatformEditor (518)
[2019.02.25-22.58.38:297][261]LogModuleManager: Shutting down and abandoning module AndroidPlatformEditor (516)
[2019.02.25-22.58.38:297][261]LogModuleManager: Shutting down and abandoning module AndroidDeviceDetection (515)
[2019.02.25-22.58.39:170][261]LogModuleManager: Shutting down and abandoning module WindowsPlatformEditor (512)
[2019.02.25-22.58.39:170][261]LogModuleManager: Shutting down and abandoning module LuminRuntimeSettings (510)
[2019.02.25-22.58.39:170][261]LogModuleManager: Shutting down and abandoning module IOSRuntimeSettings (508)
[2019.02.25-22.58.39:170][261]LogModuleManager: Shutting down and abandoning module AndroidRuntimeSettings (506)
[2019.02.25-22.58.39:170][261]LogModuleManager: Shutting down and abandoning module InputBindingEditor (504)
[2019.02.25-22.58.39:170][261]LogModuleManager: Shutting down and abandoning module MergeActors (502)
[2019.02.25-22.58.39:170][261]LogModuleManager: Shutting down and abandoning module LocalizationDashboard (500)
[2019.02.25-22.58.39:170][261]LogModuleManager: Shutting down and abandoning module LocalizationService (499)
[2019.02.25-22.58.39:170][261]LogModuleManager: Shutting down and abandoning module HardwareTargeting (496)
[2019.02.25-22.58.39:170][261]LogModuleManager: Shutting down and abandoning module DeviceProfileEditor (494)
[2019.02.25-22.58.39:170][261]LogModuleManager: Shutting down and abandoning module UndoHistory (492)
[2019.02.25-22.58.39:171][261]LogModuleManager: Shutting down and abandoning module XmlParser (490)
[2019.02.25-22.58.39:171][261]LogModuleManager: Shutting down and abandoning module Blutility (488)
[2019.02.25-22.58.39:171][261]LogModuleManager: Shutting down and abandoning module ProjectSettingsViewer (486)
[2019.02.25-22.58.39:171][261]LogModuleManager: Shutting down and abandoning module ProjectTargetPlatformEditor (485)
[2019.02.25-22.58.39:171][261]LogModuleManager: Shutting down and abandoning module EditorSettingsViewer (482)
[2019.02.25-22.58.39:171][261]LogModuleManager: Shutting down and abandoning module SettingsEditor (480)
[2019.02.25-22.58.39:171][261]LogModuleManager: Shutting down and abandoning module ProjectLauncher (478)
[2019.02.25-22.58.39:171][261]LogModuleManager: Shutting down and abandoning module SessionFrontend (476)
[2019.02.25-22.58.39:171][261]LogModuleManager: Shutting down and abandoning module ProfilerClient (474)
[2019.02.25-22.58.39:171][261]LogModuleManager: Shutting down and abandoning module DeviceManager (472)
[2019.02.25-22.58.39:171][261]LogModuleManager: Shutting down and abandoning module TargetDeviceServices (471)
[2019.02.25-22.58.39:222][261]LogModuleManager: Shutting down and abandoning module AutomationController (468)
[2019.02.25-22.58.39:222][261]LogModuleManager: Shutting down and abandoning module AutomationWindow (466)
[2019.02.25-22.58.39:222][261]LogModuleManager: Shutting down and abandoning module Layers (464)
[2019.02.25-22.58.39:222][261]LogModuleManager: Shutting down and abandoning module ComponentVisualizers (462)
[2019.02.25-22.58.39:222][261]LogModuleManager: Shutting down and abandoning module DetailCustomizations (460)
[2019.02.25-22.58.39:222][261]LogModuleManager: Shutting down and abandoning module PackagesDialog (458)
[2019.02.25-22.58.39:223][261]LogModuleManager: Shutting down and abandoning module Persona (456)
[2019.02.25-22.58.39:223][261]LogModuleManager: Shutting down and abandoning module AdvancedPreviewScene (455)
[2019.02.25-22.58.39:223][261]LogModuleManager: Shutting down and abandoning module AnimGraph (453)
[2019.02.25-22.58.39:223][261]LogModuleManager: Shutting down and abandoning module Kismet (450)
[2019.02.25-22.58.39:237][261]LogModuleManager: Shutting down and abandoning module GraphEditor (448)
[2019.02.25-22.58.39:238][261]LogModuleManager: Shutting down and abandoning module ClassViewer (446)
[2019.02.25-22.58.39:238][261]LogModuleManager: Shutting down and abandoning module Toolbox (444)
[2019.02.25-22.58.39:238][261]LogModuleManager: Shutting down and abandoning module ModuleUI (442)
[2019.02.25-22.58.39:238][261]LogModuleManager: Shutting down and abandoning module MovieSceneTools (440)
[2019.02.25-22.58.39:238][261]LogModuleManager: Shutting down and abandoning module OutputLog (438)
[2019.02.25-22.58.39:238][261]LogModuleManager: Shutting down and abandoning module GammaUI (436)
[2019.02.25-22.58.39:238][261]LogModuleManager: Shutting down and abandoning module Documentation (434)
[2019.02.25-22.58.39:238][261]LogModuleManager: Shutting down and abandoning module MovieSceneTracks (432)
[2019.02.25-22.58.39:238][261]LogModuleManager: Shutting down and abandoning module MovieScene (430)
[2019.02.25-22.58.39:238][261]LogModuleManager: Shutting down and abandoning module StreamingPauseRendering (428)
[2019.02.25-22.58.39:238][261]LogModuleManager: Shutting down and abandoning module LauncherPlatform (426)
[2019.02.25-22.58.39:238][261]LogModuleManager: Shutting down and abandoning module AnalyticsET (424)
[2019.02.25-22.58.39:238][261]LogModuleManager: Shutting down and abandoning module PortalServices (422)
[2019.02.25-22.58.39:239][261]LogModuleManager: Shutting down and abandoning module PortalRpc (420)
[2019.02.25-22.58.39:239][261]LogModuleManager: Shutting down and abandoning module MessagingRpc (418)
[2019.02.25-22.58.39:239][261]LogModuleManager: Shutting down and abandoning module AIModule (416)
[2019.02.25-22.58.39:239][261]LogModuleManager: Shutting down and abandoning module GameplayDebugger (415)
[2019.02.25-22.58.39:239][261]LogModuleManager: Shutting down and abandoning module AITestSuite (413)
[2019.02.25-22.58.39:239][261]LogModuleManager: Shutting down and abandoning module NavigationSystem (411)
[2019.02.25-22.58.39:239][261]LogModuleManager: Shutting down and abandoning module DesktopPlatform (408)
[2019.02.25-22.58.39:239][261]LogModuleManager: Shutting down and abandoning module ProfilerService (406)
[2019.02.25-22.58.39:305][261]LogModuleManager: Shutting down and abandoning module TaskGraph (404)
[2019.02.25-22.58.39:305][261]LogModuleManager: Shutting down and abandoning module SteamVRController (402)
[2019.02.25-22.58.39:305][261]LogModuleManager: Shutting down and abandoning module ProceduralMeshComponentEditor (400)
[2019.02.25-22.58.39:305][261]LogModuleManager: Shutting down and abandoning module ProceduralMeshComponent (398)
[2019.02.25-22.58.39:305][261]LogModuleManager: Shutting down and abandoning module OculusInput (396)
[2019.02.25-22.58.39:305][261]LogModuleManager: Shutting down and abandoning module MobilePatchingUtils (394)
[2019.02.25-22.58.39:305][261]LogModuleManager: Shutting down and abandoning module EditableMesh (392)
[2019.02.25-22.58.39:305][261]LogModuleManager: Shutting down and abandoning module CustomMeshComponent (390)
[2019.02.25-22.58.39:305][261]LogModuleManager: Shutting down and abandoning module CableComponent (388)
[2019.02.25-22.58.39:305][261]LogModuleManager: Shutting down and abandoning module AudioCapture (386)
[2019.02.25-22.58.39:305][261]LogModuleManager: Shutting down and abandoning module ArchVisCharacter (384)
[2019.02.25-22.58.39:305][261]LogModuleManager: Shutting down and abandoning module AndroidPermission (382)
[2019.02.25-22.58.39:306][261]LogModuleManager: Shutting down and abandoning module NUTUnrealEngine4 (380)
[2019.02.25-22.58.39:306][261]LogModuleManager: Shutting down and abandoning module NetcodeUnitTest (378)
[2019.02.25-22.58.39:306][261]LogModuleManager: Shutting down and abandoning module MediaCompositingEditor (376)
[2019.02.25-22.58.39:306][261]LogModuleManager: Shutting down and abandoning module MediaCompositing (374)
[2019.02.25-22.58.39:306][261]LogModuleManager: Shutting down and abandoning module LinearTimecode (372)
[2019.02.25-22.58.39:306][261]LogModuleManager: Shutting down and abandoning module ImgMedia (370)
[2019.02.25-22.58.39:313][261]LogModuleManager: Shutting down and abandoning module HTML5Networking (368)
[2019.02.25-22.58.39:313][261]LogModuleManager: Shutting down and abandoning module GeometryCacheTracks (366)
[2019.02.25-22.58.39:313][261]LogModuleManager: Shutting down and abandoning module GeometryCacheSequencer (364)
[2019.02.25-22.58.39:313][261]LogModuleManager: Shutting down and abandoning module BackChannel (362)
[2019.02.25-22.58.39:313][261]LogModuleManager: Shutting down and abandoning module AppleVision (360)
[2019.02.25-22.58.39:313][261]LogModuleManager: Shutting down and abandoning module AppleImageUtils (358)
[2019.02.25-22.58.39:313][261]LogModuleManager: Shutting down and abandoning module AlembicImporter (356)
[2019.02.25-22.58.39:313][261]LogModuleManager: Shutting down and abandoning module AlembicLibrary (355)
[2019.02.25-22.58.39:313][261]LogModuleManager: Shutting down and abandoning module GeometryCache (354)
[2019.02.25-22.58.39:313][261]LogModuleManager: Shutting down and abandoning module GeometryCacheEd (353)
[2019.02.25-22.58.39:313][261]LogModuleManager: Shutting down and abandoning module DatasmithContentEditor (348)
[2019.02.25-22.58.39:314][261]LogModuleManager: Shutting down and abandoning module DatasmithContent (346)
[2019.02.25-22.58.39:314][261]LogModuleManager: Shutting down and abandoning module SpeedTreeImporter (344)
[2019.02.25-22.58.39:314][261]LogModuleManager: Shutting down and abandoning module PluginBrowser (342)
[2019.02.25-22.58.39:315][261]LogModuleManager: Shutting down and abandoning module MobileLauncherProfileWizard (340)
[2019.02.25-22.58.39:315][261]LogModuleManager: Shutting down and abandoning module PolygonModeling (338)
[2019.02.25-22.58.39:315][261]LogModuleManager: Shutting down and abandoning module MeshEditor (336)
[2019.02.25-22.58.39:315][261]LogModuleManager: Shutting down and abandoning module CryptoKeysOpenSSL (334)
[2019.02.25-22.58.39:315][261]LogModuleManager: Shutting down and abandoning module CryptoKeys (332)
[2019.02.25-22.58.39:315][261]LogModuleManager: Shutting down and abandoning module VisualStudioSourceCodeAccess (330)
[2019.02.25-22.58.39:315][261]LogModuleManager: Shutting down and abandoning module VisualStudioCodeSourceCodeAccess (328)
[2019.02.25-22.58.39:315][261]LogModuleManager: Shutting down and abandoning module UObjectPlugin (326)
[2019.02.25-22.58.39:315][261]LogModuleManager: Shutting down and abandoning module SubversionSourceControl (324)
[2019.02.25-22.58.39:315][261]LogModuleManager: Shutting down and abandoning module PerforceSourceControl (322)
[2019.02.25-22.58.39:315][261]LogModuleManager: Shutting down and abandoning module GitSourceControl (320)
[2019.02.25-22.58.39:315][261]LogModuleManager: Shutting down and abandoning module SourceControl (319)
[2019.02.25-22.58.39:315][261]LogModuleManager: Shutting down and abandoning module CLionSourceCodeAccess (316)
[2019.02.25-22.58.39:316][261]LogModuleManager: Shutting down and abandoning module LightPropagationVolumeEditor (314)
[2019.02.25-22.58.39:316][261]LogModuleManager: Shutting down and abandoning module PaperTiledImporter (312)
[2019.02.25-22.58.39:316][261]LogModuleManager: Shutting down and abandoning module PaperSpriteSheetImporter (310)
[2019.02.25-22.58.39:316][261]LogModuleManager: Shutting down and abandoning module Paper2DEditor (308)
[2019.02.25-22.58.39:316][261]LogModuleManager: Shutting down and abandoning module MeshPaint (307)
[2019.02.25-22.58.39:316][261]LogModuleManager: Shutting down and abandoning module RuntimePhysXCooking (304)
[2019.02.25-22.58.39:316][261]LogModuleManager: Shutting down and abandoning module PhysXVehiclesEditor (302)
[2019.02.25-22.58.39:316][261]LogModuleManager: Shutting down and abandoning module PhysXVehicles (300)
[2019.02.25-22.58.39:316][261]LogModuleManager: Shutting down and abandoning module OculusEditor (298)
[2019.02.25-22.58.39:316][261]LogModuleManager: Shutting down and abandoning module LocationServicesBPLibrary (296)
[2019.02.25-22.58.39:316][261]LogModuleManager: Shutting down and abandoning module ImmediatePhysicsEditor (294)
[2019.02.25-22.58.39:316][261]LogModuleManager: Shutting down and abandoning module ImmediatePhysics (292)
[2019.02.25-22.58.39:316][261]LogModuleManager: Shutting down and abandoning module ActorSequence (290)
[2019.02.25-22.58.39:316][261]LogModuleManager: Shutting down and abandoning module UdpMessaging (288)
[2019.02.25-22.58.39:416][261]LogModuleManager: Shutting down and abandoning module TcpMessaging (286)
[2019.02.25-22.58.39:516][261]LogModuleManager: Shutting down and abandoning module DonAINavigation (284)
[2019.02.25-22.58.39:516][261]LogModuleManager: Shutting down and abandoning module MagicLeapAudio (282)
[2019.02.25-22.58.39:516][261]LogModuleManager: Shutting down and abandoning module OSVRInput (280)
[2019.02.25-22.58.39:516][261]LogModuleManager: Shutting down and abandoning module OSVR (278)
[2019.02.25-22.58.39:516][261]LogModuleManager: Shutting down and abandoning module GameplayTagsEditor (276)
[2019.02.25-22.58.39:516][261]LogModuleManager: Shutting down and abandoning module FacialAnimationEditor (274)
[2019.02.25-22.58.39:516][261]LogModuleManager: Shutting down and abandoning module FacialAnimation (272)
[2019.02.25-22.58.39:517][261]LogModuleManager: Shutting down and abandoning module DataValidation (270)
[2019.02.25-22.58.39:517][261]LogModuleManager: Shutting down and abandoning module AssetManagerEditor (268)
[2019.02.25-22.58.39:517][261]LogModuleManager: Shutting down and abandoning module LevelEditor (267)
[2019.02.25-22.58.39:519][261]LogModuleManager: Shutting down and abandoning module PixelInspectorModule (266)
[2019.02.25-22.58.39:519][261]LogModuleManager: Shutting down and abandoning module CommonMenuExtensions (264)
[2019.02.25-22.58.39:519][261]LogModuleManager: Shutting down and abandoning module MainFrame (262)
[2019.02.25-22.58.39:520][261]LogModuleManager: Shutting down and abandoning module HotReload (261)
[2019.02.25-22.58.39:521][261]LogModuleManager: Shutting down and abandoning module ContentBrowser (257)
[2019.02.25-22.58.39:523][261]LogModuleManager: Shutting down and abandoning module TreeMap (255)
[2019.02.25-22.58.39:523][261]LogModuleManager: Shutting down and abandoning module LightPropagationVolumeRuntime (252)
[2019.02.25-22.58.39:523][261]LogModuleManager: Shutting down and abandoning module AISupportModule (250)
[2019.02.25-22.58.39:523][261]LogModuleManager: Shutting down and abandoning module Paper2D (248)
[2019.02.25-22.58.39:523][261]LogModuleManager: Shutting down and abandoning module WindowsMoviePlayer (246)
[2019.02.25-22.58.39:523][261]LogModuleManager: Shutting down and abandoning module WmfMedia (244)
[2019.02.25-22.58.39:525][261]LogModuleManager: Shutting down and abandoning module Media (243)
[2019.02.25-22.58.39:530][261]LogModuleManager: Shutting down and abandoning module PacketHandler (240)
[2019.02.25-22.58.39:530][261]LogModuleManager: Shutting down and abandoning module ClothingSystemEditor (238)
[2019.02.25-22.58.39:531][261]LogModuleManager: Shutting down and abandoning module ClothingSystemRuntime (236)
[2019.02.25-22.58.39:531][261]LogModuleManager: Shutting down and abandoning module MediaAssets (234)
[2019.02.25-22.58.39:531][261]LogModuleManager: Shutting down and abandoning module Overlay (232)
[2019.02.25-22.58.39:531][261]LogModuleManager: Shutting down and abandoning module OverlayEditor (231)
[2019.02.25-22.58.39:531][261]LogModuleManager: Shutting down and abandoning module VREditor (228)
[2019.02.25-22.58.39:531][261]LogModuleManager: Shutting down and abandoning module StringTableEditor (226)
[2019.02.25-22.58.39:531][261]LogModuleManager: Shutting down and abandoning module GameplayTasksEditor (224)
[2019.02.25-22.58.39:531][261]LogModuleManager: Shutting down and abandoning module BehaviorTreeEditor (222)
[2019.02.25-22.58.39:531][261]LogModuleManager: Shutting down and abandoning module FunctionalTesting (220)
[2019.02.25-22.58.39:531][261]LogModuleManager: Shutting down and abandoning module CollisionAnalyzer (218)
[2019.02.25-22.58.39:531][261]LogModuleManager: Shutting down and abandoning module WorkspaceMenuStructure (217)
[2019.02.25-22.58.39:531][261]LogModuleManager: Shutting down and abandoning module UMG (214)
[2019.02.25-22.58.39:531][261]LogModuleManager: Shutting down and abandoning module UMGEditor (213)
[2019.02.25-22.58.39:531][261]LogModuleManager: Shutting down and abandoning module Sequencer (212)
[2019.02.25-22.58.39:532][261]LogModuleManager: Shutting down and abandoning module MessageLog (209)
[2019.02.25-22.58.39:532][261]LogModuleManager: Shutting down and abandoning module SlateReflector (204)
[2019.02.25-22.58.39:532][261]LogModuleManager: Shutting down and abandoning module Slate (202)
[2019.02.25-22.58.39:532][261]LogModuleManager: Shutting down and abandoning module EditorStyle (200)
[2019.02.25-22.58.39:536][261]LogModuleManager: Shutting down and abandoning module MRMesh (198)
[2019.02.25-22.58.39:536][261]LogModuleManager: Shutting down and abandoning module SourceCodeAccess (196)
[2019.02.25-22.58.39:536][261]LogModuleManager: Shutting down and abandoning module HeadMountedDisplay (194)
[2019.02.25-22.58.39:536][261]LogModuleManager: Shutting down and abandoning module XAudio2 (192)
[2019.02.25-22.58.39:536][261]LogModuleManager: Shutting down and abandoning module Networking (190)
[2019.02.25-22.58.39:536][261]LogModuleManager: Shutting down and abandoning module Core (188)
[2019.02.25-22.58.39:536][261]LogModuleManager: Shutting down and abandoning module LevelSequence (186)
[2019.02.25-22.58.39:536][261]LogModuleManager: Shutting down and abandoning module KismetCompiler (184)
[2019.02.25-22.58.39:536][261]LogModuleManager: Shutting down and abandoning module MeshUtilities (182)
[2019.02.25-22.58.39:536][261]LogModuleManager: Shutting down and abandoning module MeshMergeUtilities (181)
[2019.02.25-22.58.39:536][261]LogModuleManager: Shutting down and abandoning module MeshReductionInterface (180)
[2019.02.25-22.58.39:536][261]LogModuleManager: Shutting down and abandoning module SimplygonSwarm (179)
[2019.02.25-22.58.39:536][261]LogModuleManager: Shutting down and abandoning module ProxyLODMeshReduction (177)
[2019.02.25-22.58.39:536][261]LogModuleManager: Shutting down and abandoning module SimplygonMeshReduction (175)
[2019.02.25-22.58.39:536][261]LogModuleManager: Shutting down and abandoning module QuadricMeshReduction (173)
[2019.02.25-22.58.39:536][261]LogModuleManager: Shutting down and abandoning module MaterialBaking (169)
[2019.02.25-22.58.39:536][261]LogModuleManager: Shutting down and abandoning module DirectoryWatcher (165)
[2019.02.25-22.58.39:536][261]LogModuleManager: Shutting down and abandoning module DerivedDataCache (162)
[2019.02.25-22.58.39:630][261]LogDerivedDataCache: Shutdown
[2019.02.25-22.58.39:630][261]LogModuleManager: Shutting down and abandoning module XGEController (160)
[2019.02.25-22.58.39:630][261]LogModuleManager: Shutting down and abandoning module TargetPlatform (158)
[2019.02.25-22.58.39:630][261]LogModuleManager: Shutting down and abandoning module VulkanShaderFormat (157)
[2019.02.25-22.58.39:630][261]LogModuleManager: Shutting down and abandoning module ShaderFormatVectorVM (155)
[2019.02.25-22.58.39:630][261]LogModuleManager: Shutting down and abandoning module ShaderFormatOpenGL (153)
[2019.02.25-22.58.39:630][261]LogModuleManager: Shutting down and abandoning module ShaderFormatD3D (151)
[2019.02.25-22.58.39:630][261]LogModuleManager: Shutting down and abandoning module MetalShaderFormat (149)
[2019.02.25-22.58.39:630][261]LogModuleManager: Shutting down and abandoning module TextureFormatUncompressed (147)
[2019.02.25-22.58.39:630][261]LogModuleManager: Shutting down and abandoning module TextureFormatPVR (145)
[2019.02.25-22.58.39:631][261]LogModuleManager: Shutting down and abandoning module TextureFormatDXT (143)
[2019.02.25-22.58.39:631][261]LogModuleManager: Shutting down and abandoning module TextureFormatIntelISPCTexComp (141)
[2019.02.25-22.58.39:631][261]LogModuleManager: Shutting down and abandoning module TextureFormatASTC (139)
[2019.02.25-22.58.39:631][261]LogModuleManager: Shutting down and abandoning module ImageWrapper (138)
[2019.02.25-22.58.39:631][261]LogModuleManager: Shutting down and abandoning module TextureFormatAndroid (135)
[2019.02.25-22.58.39:631][261]LogModuleManager: Shutting down and abandoning module AudioFormatOpus (133)
[2019.02.25-22.58.39:631][261]LogModuleManager: Shutting down and abandoning module AudioFormatOgg (131)
[2019.02.25-22.58.39:631][261]LogModuleManager: Shutting down and abandoning module AudioFormatADPCM (129)
[2019.02.25-22.58.39:631][261]LogModuleManager: Shutting down and abandoning module LuminTargetPlatform (127)
[2019.02.25-22.58.39:631][261]LogModuleManager: Shutting down and abandoning module LinuxTargetPlatform (125)
[2019.02.25-22.58.39:631][261]LogModuleManager: Shutting down and abandoning module LinuxServerTargetPlatform (123)
[2019.02.25-22.58.39:631][261]LogModuleManager: Shutting down and abandoning module LinuxNoEditorTargetPlatform (121)
[2019.02.25-22.58.39:631][261]LogModuleManager: Shutting down and abandoning module LinuxClientTargetPlatform (119)
[2019.02.25-22.58.39:631][261]LogModuleManager: Shutting down and abandoning module TVOSTargetPlatform (117)
[2019.02.25-22.58.39:633][261]LogModuleManager: Shutting down and abandoning module Messaging (115)
[2019.02.25-22.58.39:633][261]LogModuleManager: Shutting down and abandoning module IOSTargetPlatform (113)
[2019.02.25-22.58.39:635][261]LogModuleManager: Shutting down and abandoning module HTML5TargetPlatform (111)
[2019.02.25-22.58.39:635][261]LogModuleManager: Shutting down and abandoning module AndroidTargetPlatform (109)
[2019.02.25-22.58.39:653][261]LogModuleManager: Shutting down and abandoning module WindowsTargetPlatform (107)
[2019.02.25-22.58.39:653][261]LogModuleManager: Shutting down and abandoning module WindowsServerTargetPlatform (105)
[2019.02.25-22.58.39:653][261]LogModuleManager: Shutting down and abandoning module WindowsNoEditorTargetPlatform (103)
[2019.02.25-22.58.39:653][261]LogModuleManager: Shutting down and abandoning module WindowsClientTargetPlatform (101)
[2019.02.25-22.58.39:654][261]LogModuleManager: Shutting down and abandoning module MacTargetPlatform (99)
[2019.02.25-22.58.39:654][261]LogModuleManager: Shutting down and abandoning module MacServerTargetPlatform (97)
[2019.02.25-22.58.39:654][261]LogModuleManager: Shutting down and abandoning module MacNoEditorTargetPlatform (95)
[2019.02.25-22.58.39:654][261]LogModuleManager: Shutting down and abandoning module MacClientTargetPlatform (93)
[2019.02.25-22.58.39:654][261]LogModuleManager: Shutting down and abandoning module AllDesktopTargetPlatform (91)
[2019.02.25-22.58.39:654][261]LogModuleManager: Shutting down and abandoning module InputCore (88)
[2019.02.25-22.58.39:654][261]LogModuleManager: Shutting down and abandoning module Settings (86)
[2019.02.25-22.58.39:654][261]LogModuleManager: Shutting down and abandoning module PhysXCooking (84)
[2019.02.25-22.58.39:654][261]LogModuleManager: Shutting down and abandoning module SteamVR (82)
[2019.02.25-22.58.39:654][261]LogModuleManager: Shutting down and abandoning module OculusHMD (80)
[2019.02.25-22.58.39:654][261]LogModuleManager: Shutting down and abandoning module ExampleDeviceProfileSelector (78)
[2019.02.25-22.58.39:654][261]LogModuleManager: Shutting down and abandoning module LauncherChunkInstaller (76)
[2019.02.25-22.58.39:654][261]LogModuleManager: Shutting down and abandoning module OnlineBlueprintSupport (74)
[2019.02.25-22.58.39:654][261]LogModuleManager: Shutting down and abandoning module OnlineSubsystem (70)
[2019.02.25-22.58.39:656][261]LogModuleManager: Shutting down and abandoning module XMPP (65)
[2019.02.25-22.58.39:656][261]LogModuleManager: Shutting down and abandoning module WebSockets (64)
[2019.02.25-22.58.39:674][261]LogModuleManager: Shutting down and abandoning module HTTP (61)
[2019.02.25-22.58.39:674][261]LogHttp: Display: Http module shutting down, but needs to wait on 1 outstanding Http requests:
[2019.02.25-22.58.39:674][261]LogHttp: Display: 	verb=[POST] url=[https://datarouter.ol.epicgames.com/datarouter/api/v1/public/data?SessionID=%7B7D08E3D5-40F8-E866-28DF-F98E05792114%7D&AppID=UEEditor.Rocket.Release&AppVersion=4.20.2-4302132%2B%2B%2BUE4%2BRelease-4.20&UserID=94d09d42465787563429e4997569310f%7C09e024644b7d49ccaabb13f13523cfab%7Cfceb5131-dc22-49fe-a96c-cf1b01a81db3&AppEnvironment=datacollector-binary&UploadType=eteventstream] status=Processing
[2019.02.25-22.58.39:703][261]LogModuleManager: Shutting down and abandoning module SSL (60)
[2019.02.25-22.58.39:705][261]LogModuleManager: Shutting down and abandoning module MagicLeapEmulator (56)
[2019.02.25-22.58.39:705][261]LogModuleManager: Shutting down and abandoning module MagicLeapPrivileges (54)
[2019.02.25-22.58.39:705][261]LogModuleManager: Shutting down and abandoning module MagicLeapIdentity (52)
[2019.02.25-22.58.39:705][261]LogModuleManager: Shutting down and abandoning module MagicLeapHelperVulkan (50)
[2019.02.25-22.58.39:705][261]LogModuleManager: Shutting down and abandoning module MagicLeapHelperOpenGL (48)
[2019.02.25-22.58.39:705][261]LogModuleManager: Shutting down and abandoning module MagicLeapSecureStorage (46)
[2019.02.25-22.58.39:705][261]LogModuleManager: Shutting down and abandoning module MagicLeapGestures (44)
[2019.02.25-22.58.39:705][261]LogModuleManager: Shutting down and abandoning module MagicLeapEyeTracker (42)
[2019.02.25-22.58.39:705][261]LogModuleManager: Shutting down and abandoning module MagicLeapController (40)
[2019.02.25-22.58.39:706][261]LogSlate: Slate User Destroyed.  User Index 0, Is Virtual User: 0
[2019.02.25-22.58.39:706][261]LogSlate: Slate User Destroyed.  User Index 8, Is Virtual User: 1
[2019.02.25-22.58.39:706][261]LogModuleManager: Shutting down and abandoning module MagicLeap (38)
[2019.02.25-22.58.39:706][261]LogModuleManager: Shutting down and abandoning module AnimationModifiers (36)
[2019.02.25-22.58.39:706][261]LogModuleManager: Shutting down and abandoning module PropertyEditor (35)
[2019.02.25-22.58.39:706][261]LogModuleManager: Shutting down and abandoning module AudioEditor (32)
[2019.02.25-22.58.39:706][261]LogModuleManager: Shutting down and abandoning module TextureCompressor (30)
[2019.02.25-22.58.39:707][261]LogModuleManager: Shutting down and abandoning module ShaderCore (28)
[2019.02.25-22.58.39:707][261]LogModuleManager: Shutting down and abandoning module Landscape (26)
[2019.02.25-22.58.39:707][261]LogModuleManager: Shutting down and abandoning module SlateRHIRenderer (24)
[2019.02.25-22.58.39:708][261]LogModuleManager: Shutting down and abandoning module OpenGLDrv (22)
[2019.02.25-22.58.39:708][261]LogModuleManager: Shutting down and abandoning module D3D11RHI (20)
[2019.02.25-22.58.39:708][261]LogModuleManager: Shutting down and abandoning module AnimGraphRuntime (18)
[2019.02.25-22.58.39:708][261]LogModuleManager: Shutting down and abandoning module Renderer (16)
[2019.02.25-22.58.39:708][261]LogModuleManager: Shutting down and abandoning module Engine (14)
[2019.02.25-22.58.39:708][261]LogModuleManager: Shutting down and abandoning module CoreUObject (12)
[2019.02.25-22.58.39:708][261]LogModuleManager: Shutting down and abandoning module NetworkFile (10)
[2019.02.25-22.58.39:708][261]LogModuleManager: Shutting down and abandoning module CookedIterativeFile (8)
[2019.02.25-22.58.39:709][261]LogModuleManager: Shutting down and abandoning module StreamingFile (6)
[2019.02.25-22.58.39:709][261]LogModuleManager: Shutting down and abandoning module SandboxFile (4)
[2019.02.25-22.58.39:709][261]LogModuleManager: Shutting down and abandoning module PakFile (2)
[2019.02.25-22.58.39:761][261]LogExit: Exiting.
[2019.02.25-22.58.39:847][261]Log file closed, 02/25/19 17:58:39
